
Showing logs for build [32mentando-entando-engine-pr-79-pr-vqt9n-1[0m stage [32mfrom-build-pack[0m and container [32mstep-credential-initializer-qjc9j[0m
Unable to retrieve container logs for docker://10542daa13e4ca12a9ec9725eea3ec385b94588111d03a6ca30c16cb26e70a04

Showing logs for build [32mentando-entando-engine-pr-79-pr-vqt9n-1[0m stage [32mfrom-build-pack[0m and container [32mstep-working-dir-initializer-rmss6[0m
Unable to retrieve container logs for docker://2d120421aeaeb102bf471f94057f833ee67ef9327b8a53126557165650f0bd0d

Showing logs for build [32mentando-entando-engine-pr-79-pr-vqt9n-1[0m stage [32mfrom-build-pack[0m and container [32mstep-place-tools[0m
Unable to retrieve container logs for docker://04497fdee40f851e600067aa1d87013a3e1e0a11ca1358276ace937d8d4ba856

Showing logs for build [32mentando-entando-engine-pr-79-pr-vqt9n-1[0m stage [32mfrom-build-pack[0m and container [32mstep-git-source-entando-entando-engine-pr-79-pr-wbrzt[0m
{"level":"warn","ts":1604495452.9015453,"logger":"fallback-logger","caller":"logging/config.go:69","msg":"Fetch GitHub commit ID from kodata failed: \"ref: refs/heads/0.8.0-**-support-backwards-incompats\" is not a valid GitHub commit ID"}
{"level":"info","ts":1604495455.5392752,"logger":"fallback-logger","caller":"git/git.go:103","msg":"Successfully cloned https://github.com/entando/entando-engine.git @ master in path /workspace/source"}

Showing logs for build [32mentando-entando-engine-pr-79-pr-vqt9n-1[0m stage [32mfrom-build-pack[0m and container [32mstep-git-merge[0m
Using SHAs from PULL_REFS=master:24bdd094a286a28fc02aac3a152c855bea070988,79:9a88c70378799b60345d2e34d81ab901a297a708
DEBUG: ran git fetch --unshallow origin 9a88c70378799b60345d2e34d81ab901a297a708: 24bdd094a286a28fc02aac3a152c855bea070988: in 
DEBUG: ran git checkout master in 
DEBUG: ran git reset --hard 24bdd094a286a28fc02aac3a152c855bea070988 in 
DEBUG: ran clean --force -d . in 
DEBUG: ran git merge 9a88c70378799b60345d2e34d81ab901a297a708 in 
Merged SHA 9a88c70378799b60345d2e34d81ab901a297a708 with commit message 'ENG-1386: Added integration tests for ProfileTypeController' into base branch master

Showing logs for build [32mentando-entando-engine-pr-79-pr-vqt9n-1[0m stage [32mfrom-build-pack[0m and container [32mstep-build-set-version[0m
Picked up _JAVA_OPTIONS: -XX:+UnlockExperimentalVMOptions -Dsun.zip.disableMemoryMapping=true -XX:+UseParallelGC -XX:MinHeapFreeRatio=5 -XX:MaxHeapFreeRatio=10 -XX:GCTimeRatio=4 -XX:AdaptiveSizePolicyWeight=90 -Xms10m -Xmx8000m
[INFO] Scanning for projects...
[WARNING] The POM for org.eclipse.m2e:lifecycle-mapping:jar:1.0.0 is missing, no dependency information available
[WARNING] Failed to retrieve plugin descriptor for org.eclipse.m2e:lifecycle-mapping:1.0.0: Plugin org.eclipse.m2e:lifecycle-mapping:1.0.0 or one of its dependencies could not be resolved: Could not find artifact org.eclipse.m2e:lifecycle-mapping:jar:1.0.0 in nexus (http://nexus/repository/maven-group/)
[INFO] 
[INFO] -----------------< org.entando.entando:entando-engine >-----------------
[INFO] Building Entando Core: Engine 6.2.0-SNAPSHOT
[INFO] --------------------------------[ jar ]---------------------------------
[WARNING] The POM for org.eclipse.m2e:lifecycle-mapping:jar:1.0.0 is missing, no dependency information available
[WARNING] Failed to retrieve plugin descriptor for org.eclipse.m2e:lifecycle-mapping:1.0.0: Plugin org.eclipse.m2e:lifecycle-mapping:1.0.0 or one of its dependencies could not be resolved: Failure to find org.eclipse.m2e:lifecycle-mapping:jar:1.0.0 in http://nexus/repository/maven-group/ was cached in the local repository, resolution will not be reattempted until the update interval of nexus has elapsed or updates are forced
[INFO] 
[INFO] --- versions-maven-plugin:2.8.1:set (default-cli) @ entando-engine ---
[INFO] Local aggregation ****: /workspace/source
[INFO] Processing change of org.entando.entando:entando-engine:6.2.0-SNAPSHOT -> 0.0.0-SNAPSHOT-PR-79-1
[INFO] Processing org.entando.entando:entando-engine
[INFO]     Updating project org.entando.entando:entando-engine
[INFO]         from version 6.2.0-SNAPSHOT to 0.0.0-SNAPSHOT-PR-79-1
[INFO] 
[INFO] ------------------------------------------------------------------------
[INFO] BUILD SUCCESS
[INFO] ------------------------------------------------------------------------
[INFO] Total time:  11.140 s
[INFO] Finished at: 2020-11-04T13:11:19Z
[INFO] ------------------------------------------------------------------------

Showing logs for build [32mentando-entando-engine-pr-79-pr-vqt9n-1[0m stage [32mfrom-build-pack[0m and container [32mstep-build-fix-git-for-sonar[0m
Switched to a new branch 'PR-79'
M	pom.xml
Deleted branch master (was 9a88c703).
From https://github.com/entando/entando-engine
 * [new branch]        master            -> master
 * [new tag]           pia-crs4          -> pia-crs4
 * [new tag]           v4.2.0            -> v4.2.0
 * [new tag]           v4.3.2-RC1        -> v4.3.2-RC1
 * [new tag]           v5.0.0-pre        -> v5.0.0-pre
 * [new tag]           v6.2.0-sprint1-rc -> v6.2.0-sprint1-rc
 * [new tag]           v6.2.0-sprint2-rc -> v6.2.0-sprint2-rc
 * [new tag]           v6.2.0-sprint3-rc -> v6.2.0-sprint3-rc
 * [new tag]           v6.2.0-sprint4-rc -> v6.2.0-sprint4-rc
 * [new tag]           v6.2.0-sprint5-rc -> v6.2.0-sprint5-rc

Showing logs for build [32mentando-entando-engine-pr-79-pr-vqt9n-1[0m stage [32mfrom-build-pack[0m and container [32mstep-build-mvn-verify-pr[0m
  % Total    % Received % Xferd  Average Speed   Time    Time     Time  Current
                                 Dload  Upload   Total   Spent    Left  Speed
{
  "url": "https://api.github.com/repos/entando/entando-engine/statuses/9a88c70378799b60345d2e34d81ab901a297a708",
  "avatar_url": "https://avatars2.githubusercontent.com/u/57885396?v=4",
  "id": 11252987316,
  "node_id": "MDEzOlN0YXR1c0NvbnRleHQxMTI1Mjk4NzMxNg==",
  "state": "pending",
  "description": "Pre-deployment tests pending!",
  "target_url": "https://entando-k8s.github.io/devops-results/entando-engine/PR-79/surefire-report.html",
  "context": "Pre-deployment tests",
  "created_at": "2020-11-04T13:11:22Z",
  "updated_at": "2020-11-04T13:11:22Z",
  "creator": {
    "login": "**********",
    "id": 57885396,
    "node_id": "MDQ6VXNlcjU3ODg1Mzk2",
    "avatar_url": "https://avatars2.githubusercontent.com/u/57885396?v=4",
    "gravatar_id": "",
    "url": "https://api.github.com/users/**********",
    "html_url": "https://github.com/**********",
    "followers_url": "https://api.github.com/users/entando-**/followers",
    "following_url": "https://api.github.com/users/**********/following{/other_user}",
    "gists_url": "https://api.github.com/users/**********/gists{/gist_id}",
    "starred_url": "https://api.github.com/users/entando-**/starred{/owner}{/repo}",
    "subscriptions_url": "https://api.github.com/users/entando-**/subscriptions",
    "organizations_url": "https://api.github.com/users/**********/orgs",
    "repos_url": "https://api.github.com/users/**********/repos",
    "events_url": "https://api.github.com/users/**********/events{/privacy}",
    "received_events_url": "https://api.github.com/users/**********/received_events",
    "type": "User",
    "site_*****": *****
  }
}
  0     0    0     0    0     0      0      0 --:--:-- --:--:-- --:--:--     0  0     0    0     0    0     0      0      0 --:--:-- --:--:-- --:--:--     0100  1827  100  1621  100   206   2392    304 --:--:-- --:--:-- --:--:--  2397
  % Total    % Received % Xferd  Average Speed   Time    Time     Time  Current
                                 Dload  Upload   Total   Spent    Left  Speed
  0     0    0     0    0     0      0      0 --:--:-- --:--:-- --:--:--     0 10  1799    0     0  100   192      0    299 --:--:-- --:--:-- --:--:--   301100  1799  100  1607  100   192   2505    299 --:--:-- --:--:-- --:--:--  2522
{
  "url": "https://api.github.com/repos/entando/entando-engine/statuses/9a88c70378799b60345d2e34d81ab901a297a708",
  "avatar_url": "https://avatars2.githubusercontent.com/u/57885396?v=4",
  "id": 11252987416,
  "node_id": "MDEzOlN0YXR1c0NvbnRleHQxMTI1Mjk4NzQxNg==",
  "state": "pending",
  "description": "OWASP CVE pending!",
  "target_url": "https://entando-k8s.github.io/devops-results/entando-engine/PR-79/dependency-check-report.html",
  "context": "OWASP CVE",
  "created_at": "2020-11-04T13:11:23Z",
  "updated_at": "2020-11-04T13:11:23Z",
  "creator": {
    "login": "**********",
    "id": 57885396,
    "node_id": "MDQ6VXNlcjU3ODg1Mzk2",
    "avatar_url": "https://avatars2.githubusercontent.com/u/57885396?v=4",
    "gravatar_id": "",
    "url": "https://api.github.com/users/**********",
    "html_url": "https://github.com/**********",
    "followers_url": "https://api.github.com/users/**********/followers",
    "following_url": "https://api.github.com/users/**********/following{/other_user}",
    "gists_url": "https://api.github.com/users/**********/gists{/gist_id}",
    "starred_url": "https://api.github.com/users/**********/starred{/owner}{/repo}",
    "subscriptions_url": "https://api.github.com/users/**********/subscriptions",
    "organizations_url": "https://api.github.com/users/**********/orgs",
    "repos_url": "https://api.github.com/users/**********/repos",
    "events_url": "https://api.github.com/users/**********/events{/privacy}",
    "received_events_url": "https://api.github.com/users/**********/received_events",
    "type": "User",
    "site_*****": *****
  }
}
Picked up _JAVA_OPTIONS: -XX:+UnlockExperimentalVMOptions -Dsun.zip.disableMemoryMapping=true -XX:+UseParallelGC -XX:MinHeapFreeRatio=5 -XX:MaxHeapFreeRatio=10 -XX:GCTimeRatio=4 -XX:AdaptiveSizePolicyWeight=90 -Xms10m -Xmx8000m
[INFO] Scanning for projects...
[WARNING] The POM for org.eclipse.m2e:lifecycle-mapping:jar:1.0.0 is missing, no dependency information available
[WARNING] Failed to retrieve plugin descriptor for org.eclipse.m2e:lifecycle-mapping:1.0.0: Plugin org.eclipse.m2e:lifecycle-mapping:1.0.0 or one of its dependencies could not be resolved: Failure to find org.eclipse.m2e:lifecycle-mapping:jar:1.0.0 in http://nexus/repository/maven-group/ was cached in the local repository, resolution will not be reattempted until the update interval of nexus has elapsed or updates are forced
[INFO] 
[INFO] -----------------< org.entando.entando:entando-engine >-----------------
[INFO] Building Entando Core: Engine 0.0.0-SNAPSHOT-PR-79-1
[INFO] --------------------------------[ jar ]---------------------------------
[WARNING] The POM for com.sun.xml.bind:jaxb-impl:jar:2.2.11 is invalid, transitive dependencies (if any) will not be available, enable debug logging for more details
[WARNING] The artifact org.hibernate:hibernate-validator:jar:6.0.17.Final has been relocated to org.hibernate.validator:hibernate-validator:jar:6.0.17.Final
[INFO] 
[INFO] --- maven-enforcer-plugin:3.0.0-M3:enforce (enforce-versions) @ entando-engine ---
[INFO] 
[INFO] --- maven-checkstyle-plugin:3.1.1:check (validate) @ entando-engine ---
[INFO] 
[INFO] --- maven-checkstyle-plugin:3.1.1:checkstyle (validate) @ entando-engine ---
[INFO] 
[INFO] --- jacoco-maven-plugin:0.8.5:prepare-agent (prepare-agent) @ entando-engine ---
[INFO] argLine set to -javaagent:/home/jenkins/.mvnrepository/org/jacoco/org.jacoco.agent/0.8.5/org.jacoco.agent-0.8.5-runtime.jar=destfile=/workspace/source/target/jacoco.e**c
[INFO] 
[INFO] --- maven-resources-plugin:2.5:resources (default-resources) @ entando-engine ---
[debug] e**cute contextualize
[INFO] Using 'UTF-8' encoding to copy filtered resources.
[INFO] Copying 30 resources
[INFO] Copying 8 resources
[INFO] Copying 64 resources
[INFO] Copying 2 resources to META-INF
[INFO] 
[INFO] --- jrebel-maven-plugin:1.1.3:generate-liverebel-xml (generate-liverebel-xml) @ entando-engine ---
[INFO] Generating liverebel.xml
[INFO] 
[INFO] --- maven-compiler-plugin:3.8.1:compile (default-compile) @ entando-engine ---
[INFO] Changes detected - recompiling the module!
[INFO] Compiling 973 source files to /workspace/source/target/classes
[WARNING] /workspace/source/src/main/java/com/agiletec/aps/******/common/FieldSearchFilter.java:[99,33] unchecked method invocation: method addAll in interface java.util.List is applied to given types
  required: java.util.Collection<? extends E>
  found: java.util.Collection
[WARNING] /workspace/source/src/main/java/com/agiletec/aps/******/common/FieldSearchFilter.java:[99,34] unchecked conversion
  required: java.util.Collection<? extends E>
  found:    java.util.Collection
[WARNING] /workspace/source/src/main/java/org/entando/entando/aps/******/init/model/DataSourceDumpReport.java:[77,96] unchecked conversion
  required: java.util.List<org.jdom.Element>
  found:    java.util.List
[WARNING] /workspace/source/src/main/java/org/entando/entando/aps/******/init/model/DataSourceDumpReport.java:[84,73] unchecked conversion
  required: java.util.List<org.jdom.Element>
  found:    java.util.List
[WARNING] /workspace/source/src/main/java/org/entando/entando/aps/******/init/model/DataSourceDumpReport.java:[88,92] unchecked conversion
  required: java.util.List<org.jdom.Element>
  found:    java.util.List
[WARNING] /workspace/source/src/main/java/org/entando/entando/aps/******/init/model/DataSourceDumpReport.java:[125,49] unchecked method invocation: method sort in class java.util.Collections is applied to given types
  required: java.util.List<T>,java.util.Comparator<? super T>
  found: java.util.List<org.entando.entando.aps.******.init.model.TableDumpReport>,org.apache.commons.beanutils.BeanComparator
[WARNING] /workspace/source/src/main/java/org/entando/entando/aps/******/init/model/DataSourceDumpReport.java:[125,64] unchecked conversion
  required: java.util.Comparator<? super T>
  found:    org.apache.commons.beanutils.BeanComparator
[WARNING] /workspace/source/src/main/java/org/entando/entando/aps/******/init/model/DataSourceDumpReport.java:[194,33] unchecked method invocation: method sort in class java.util.Collections is applied to given types
  required: java.util.List<T>,java.util.Comparator<? super T>
  found: java.util.List<org.entando.entando.aps.******.init.model.ComponentInstallationReport>,org.apache.commons.beanutils.BeanComparator
[WARNING] /workspace/source/src/main/java/org/entando/entando/aps/******/init/model/DataSourceDumpReport.java:[194,59] unchecked conversion
  required: java.util.Comparator<? super T>
  found:    org.apache.commons.beanutils.BeanComparator
[WARNING] /workspace/source/src/main/java/org/entando/entando/aps/******/init/model/Component.java:[53,85] unchecked conversion
  required: java.util.List<org.jdom.Element>
  found:    java.util.List
[WARNING] /workspace/source/src/main/java/org/entando/entando/aps/******/init/model/Component.java:[63,83] unchecked conversion
  required: java.util.List<org.jdom.Element>
  found:    java.util.List
[WARNING] /workspace/source/src/main/java/org/entando/entando/aps/******/init/model/Component.java:[86,79] unchecked conversion
  required: java.util.List<org.jdom.Element>
  found:    java.util.List
[WARNING] /workspace/source/src/main/java/org/entando/entando/aps/******/init/model/Component.java:[91,75] unchecked conversion
  required: java.util.List<org.jdom.Element>
  found:    java.util.List
[WARNING] /workspace/source/src/main/java/org/entando/entando/aps/******/init/model/AbstractComponentModule.java:[39,79] unchecked conversion
  required: java.util.List<org.jdom.Element>
  found:    java.util.List
[WARNING] /workspace/source/src/main/java/org/entando/entando/aps/******/init/model/AbstractComponentModule.java:[51,81] unchecked conversion
  required: java.util.List<org.jdom.Element>
  found:    java.util.List
[WARNING] /workspace/source/src/main/java/org/entando/entando/aps/******/init/model/ComponentUninstallerInfo.java:[50,86] unchecked conversion
  required: java.util.List<org.jdom.Element>
  found:    java.util.List
[WARNING] /workspace/source/src/main/java/org/entando/entando/aps/******/init/model/SystemInstallationReport.java:[101,67] unchecked conversion
  required: java.util.List<org.jdom.Element>
  found:    java.util.List
[WARNING] /workspace/source/src/main/java/org/entando/entando/aps/******/init/model/DataSourceInstallationReport.java:[33,69] unchecked conversion
  required: java.util.List<org.jdom.Element>
  found:    java.util.List
[WARNING] /workspace/source/src/main/java/org/entando/entando/aps/******/init/model/DataSourceInstallationReport.java:[41,90] unchecked conversion
  required: java.util.List<org.jdom.Element>
  found:    java.util.List
[WARNING] /workspace/source/src/main/java/org/entando/entando/aps/******/init/model/DataInstallationReport.java:[29,69] unchecked conversion
  required: java.util.List<org.jdom.Element>
  found:    java.util.List
[WARNING] /workspace/source/src/main/java/com/agiletec/aps/******/common/entity/parse/AttributeDisablingCodesDOM.java:[44,83] unchecked conversion
  required: java.util.List<org.jdom.Element>
  found:    java.util.List
[WARNING] /workspace/source/src/main/java/org/entando/entando/aps/******/services/guifragment/model/GuiFragmentDtoBuilder.java:[56,92] unchecked conversion
  required: java.util.List<java.lang.Object>
  found:    java.util.List
[WARNING] /workspace/source/src/main/java/org/entando/entando/web/common/model/Filter.java:[126,22] unchecked call to EntitySearchFilter(java.lang.String,boolean,T,T) as a member of the raw type com.agiletec.aps.******.common.entity.model.EntitySearchFilter
[WARNING] /workspace/source/src/main/java/org/entando/entando/web/common/model/Filter.java:[128,22] unchecked call to EntitySearchFilter(java.lang.String,boolean,T,T) as a member of the raw type com.agiletec.aps.******.common.entity.model.EntitySearchFilter
[WARNING] /workspace/source/src/main/java/org/entando/entando/web/common/model/Filter.java:[130,22] unchecked call to EntitySearchFilter(java.lang.String,boolean,T,boolean) as a member of the raw type com.agiletec.aps.******.common.entity.model.EntitySearchFilter
[WARNING] /workspace/source/src/main/java/org/entando/entando/web/common/model/Filter.java:[133,22] unchecked call to EntitySearchFilter(java.lang.String,boolean,T,boolean,com.agiletec.aps.******.common.FieldSearchFilter.LikeOptionType) as a member of the raw type com.agiletec.aps.******.common.entity.model.EntitySearchFilter
[WARNING] /workspace/source/src/main/java/com/agiletec/aps/******/common/entity/model/EntitySearchFilter.java:[84,45] unchecked method invocation: method addAll in interface java.util.List is applied to given types
  required: java.util.Collection<? extends E>
  found: java.util.Collection
[WARNING] /workspace/source/src/main/java/com/agiletec/aps/******/common/entity/model/EntitySearchFilter.java:[84,46] unchecked conversion
  required: java.util.Collection<? extends E>
  found:    java.util.Collection
[WARNING] /workspace/source/src/main/java/com/agiletec/aps/******/common/entity/model/EntitySearchFilter.java:[85,46] unchecked call to setAllowedValues(java.util.List<T>) as a member of the raw type com.agiletec.aps.******.common.FieldSearchFilter
[WARNING] /workspace/source/src/main/java/com/agiletec/aps/******/common/entity/model/EntitySearchFilter.java:[90,38] unchecked call to setValue(T) as a member of the raw type com.agiletec.aps.******.common.FieldSearchFilter
[WARNING] /workspace/source/src/main/java/com/agiletec/aps/******/common/entity/model/EntitySearchFilter.java:[122,30] unchecked call to setStart(T) as a member of the raw type com.agiletec.aps.******.common.FieldSearchFilter
[WARNING] /workspace/source/src/main/java/com/agiletec/aps/******/common/entity/model/EntitySearchFilter.java:[123,28] unchecked call to setEnd(T) as a member of the raw type com.agiletec.aps.******.common.FieldSearchFilter
[WARNING] /workspace/source/src/main/java/com/agiletec/aps/******/common/entity/model/EntitySearchFilter.java:[142,38] unchecked call to setAllowedValues(java.util.List<T>) as a member of the raw type com.agiletec.aps.******.common.FieldSearchFilter
[WARNING] /workspace/source/src/main/java/com/agiletec/aps/******/common/entity/model/EntitySearchFilter.java:[166,45] unchecked method invocation: method addAll in interface java.util.List is applied to given types
  required: java.util.Collection<? extends E>
  found: java.util.Collection
[WARNING] /workspace/source/src/main/java/com/agiletec/aps/******/common/entity/model/EntitySearchFilter.java:[166,46] unchecked conversion
  required: java.util.Collection<? extends E>
  found:    java.util.Collection
[WARNING] /workspace/source/src/main/java/com/agiletec/aps/******/common/entity/model/EntitySearchFilter.java:[167,48] unchecked call to setAllowedValues(java.util.List<T>) as a member of the raw type com.agiletec.aps.******.common.FieldSearchFilter
[WARNING] /workspace/source/src/main/java/com/agiletec/aps/******/common/entity/model/EntitySearchFilter.java:[172,40] unchecked call to setValue(T) as a member of the raw type com.agiletec.aps.******.common.FieldSearchFilter
[WARNING] /workspace/source/src/main/java/com/agiletec/aps/******/common/entity/model/EntitySearchFilter.java:[195,32] unchecked call to setStart(T) as a member of the raw type com.agiletec.aps.******.common.FieldSearchFilter
[WARNING] /workspace/source/src/main/java/com/agiletec/aps/******/common/entity/model/EntitySearchFilter.java:[196,30] unchecked call to setEnd(T) as a member of the raw type com.agiletec.aps.******.common.FieldSearchFilter
[WARNING] /workspace/source/src/main/java/com/agiletec/aps/******/common/entity/model/EntitySearchFilter.java:[204,40] unchecked call to setAllowedValues(java.util.List<T>) as a member of the raw type com.agiletec.aps.******.common.FieldSearchFilter
[WARNING] /workspace/source/src/main/java/com/agiletec/aps/******/common/entity/model/EntitySearchFilter.java:[303,70] unchecked cast
  required: java.util.List<java.lang.Object>
  found:    java.lang.Object
[WARNING] /workspace/source/src/main/java/com/agiletec/aps/******/common/entity/model/EntitySearchFilter.java:[433,40] unchecked call to setValue(T) as a member of the raw type com.agiletec.aps.******.common.FieldSearchFilter
[WARNING] /workspace/source/src/main/java/com/agiletec/aps/******/common/entity/model/EntitySearchFilter.java:[439,48] unchecked call to setAllowedValues(java.util.List<T>) as a member of the raw type com.agiletec.aps.******.common.FieldSearchFilter
[WARNING] /workspace/source/src/main/java/com/agiletec/aps/******/common/entity/model/EntitySearchFilter.java:[445,40] unchecked call to setStart(T) as a member of the raw type com.agiletec.aps.******.common.FieldSearchFilter
[WARNING] /workspace/source/src/main/java/com/agiletec/aps/******/common/entity/model/EntitySearchFilter.java:[446,38] unchecked call to setEnd(T) as a member of the raw type com.agiletec.aps.******.common.FieldSearchFilter
[WARNING] /workspace/source/src/main/java/com/agiletec/aps/******/common/entity/model/attribute/AbstractAttribute.java:[314,57] unchecked conversion
  required: java.util.List<org.jdom.Element>
  found:    java.util.List
[WARNING] /workspace/source/src/main/java/org/entando/entando/aps/******/services/entity/model/EntityAttributeDto.java:[78,49] unchecked cast
  required: java.util.Map<java.lang.String,java.lang.Object>
  found:    java.lang.Object
[WARNING] /workspace/source/src/main/java/com/agiletec/aps/******/common/AbstractSearcherDAO.java:[147,65] unchecked conversion
  required: java.util.List<java.lang.Object>
  found:    java.util.List
[WARNING] /workspace/source/src/main/java/com/agiletec/aps/******/common/AbstractSearcherDAO.java:[299,65] unchecked conversion
  required: java.util.List<java.lang.Object>
  found:    java.util.List
[WARNING] /workspace/source/src/main/java/com/agiletec/aps/******/common/entity/AbstractEntitySearcherDAO.java:[92,41] unchecked call to EntitySearchFilter(java.lang.String,boolean,T,boolean) as a member of the raw type com.agiletec.aps.******.common.entity.model.EntitySearchFilter
[WARNING] /workspace/source/src/main/java/com/agiletec/aps/******/common/entity/AbstractEntitySearcherDAO.java:[347,65] unchecked conversion
  required: java.util.List<java.lang.Object>
  found:    java.util.List
[WARNING] /workspace/source/src/main/java/org/entando/entando/aps/******/services/dataobjectsearchengine/SearchEngineManager.java:[226,53] unchecked call to SearchEngineFilter(java.lang.String,T) as a member of the raw type org.entando.entando.aps.******.services.searchengine.SearchEngineFilter
[WARNING] /workspace/source/src/main/java/org/entando/entando/aps/******/services/searchengine/SearchEngineFilter.java:[77,32] unchecked call to setAllowedValues(java.util.List<T>) as a member of the raw type com.agiletec.aps.******.common.FieldSearchFilter
[WARNING] /workspace/source/src/main/java/org/entando/entando/aps/******/services/searchengine/SearchEngineFilter.java:[84,24] unchecked call to setStart(T) as a member of the raw type com.agiletec.aps.******.common.FieldSearchFilter
[WARNING] /workspace/source/src/main/java/org/entando/entando/aps/******/services/searchengine/SearchEngineFilter.java:[85,22] unchecked call to setEnd(T) as a member of the raw type com.agiletec.aps.******.common.FieldSearchFilter
[WARNING] /workspace/source/src/main/java/org/entando/entando/aps/******/init/AbstractDatabaseUtils.java:[49,113] unchecked cast
  required: java.util.List<java.lang.String>
  found:    java.lang.Object
[WARNING] /workspace/source/src/main/java/org/entando/entando/aps/******/services/api/model/ApiMethod.java:[82,97] unchecked conversion
  required: java.util.List<org.jdom.Element>
  found:    java.util.List
[WARNING] /workspace/source/src/main/java/org/entando/entando/aps/******/services/api/model/ApiMethodRelatedWidget.java:[34,69] unchecked conversion
  required: java.util.List<org.jdom.Element>
  found:    java.util.List
[WARNING] /workspace/source/src/main/java/org/entando/entando/aps/******/services/api/model/StringListApiResponseResult.java:[32,67] unchecked cast
  required: java.util.Collection<java.lang.String>
  found:    java.lang.Object
[WARNING] /workspace/source/src/main/java/com/agiletec/aps/******/common/AbstractCacheWrapper.java:[57,20] unchecked cast
  required: T
  found:    java.lang.Object
[WARNING] /workspace/source/src/main/java/com/agiletec/aps/******/services/baseconfig/cache/ConfigManagerCacheWrapper.java:[58,53] unchecked cast
  required: java.util.List<java.lang.String>
  found:    java.util.List
[WARNING] /workspace/source/src/main/java/com/agiletec/aps/******/services/baseconfig/cache/ConfigManagerCacheWrapper.java:[72,56] unchecked cast
  required: java.util.List<java.lang.String>
  found:    java.util.List
[WARNING] /workspace/source/src/main/java/com/agiletec/aps/******/services/group/GroupManager.java:[130,25] unchecked method invocation: method sort in class java.util.Collections is applied to given types
  required: java.util.List<T>,java.util.Comparator<? super T>
  found: java.util.List<com.agiletec.aps.******.services.group.Group>,org.apache.commons.beanutils.BeanComparator
[WARNING] /workspace/source/src/main/java/com/agiletec/aps/******/services/group/GroupManager.java:[130,34] unchecked conversion
  required: java.util.Comparator<? super T>
  found:    org.apache.commons.beanutils.BeanComparator
[WARNING] /workspace/source/src/main/java/org/entando/entando/aps/******/services/api/UnmarshalUtils.java:[82,51] unchecked call to readFrom(java.lang.Class<T>,java.lang.reflect.Type,java.lang.annotation.Annotation[],javax.ws.rs.core.MediaType,javax.ws.rs.core.MultivaluedMap<java.lang.String,java.lang.String>,java.io.InputStream) as a member of the raw type org.apache.cxf.jaxrs.provider.json.JSONProvider
[WARNING] /workspace/source/src/main/java/com/agiletec/aps/******/services/authorization/AuthorizationService.java:[79,91] unchecked cast
  required: com.agiletec.aps.******.services.group.GroupUtilizer<java.lang.String>
  found:    com.agiletec.aps.******.services.authorization.IAuthorizationManager
[WARNING] /workspace/source/src/main/java/org/entando/entando/aps/******/services/category/CategoryService.java:[143,53] unchecked call to SearcherDaoPaginatedResult(java.lang.Integer,java.util.List<T>) as a member of the raw type com.agiletec.aps.******.common.model.dao.SearcherDaoPaginatedResult
[WARNING] /workspace/source/src/main/java/org/entando/entando/aps/******/services/category/CategoryService.java:[145,46] unchecked cast
  required: java.util.List<java.lang.Object>
  found:    java.util.List<capture#1 of ?>
[WARNING] /workspace/source/src/main/java/com/agiletec/aps/******/common/entity/model/attribute/AbstractListAttribute.java:[47,86] unchecked conversion
  required: java.util.List<org.jdom.Element>
  found:    java.util.List
[WARNING] /workspace/source/src/main/java/org/entando/entando/aps/******/services/page/PageService.java:[754,46] unchecked cast
  required: java.util.List<java.lang.Object>
  found:    java.util.List<capture#2 of ?>
[WARNING] /workspace/source/src/main/java/org/entando/entando/aps/******/services/page/PageService.java:[802,29] unchecked method invocation: method sort in class java.util.Collections is applied to given types
  required: java.util.List<T>,java.util.Comparator<? super T>
  found: java.util.List<org.entando.entando.aps.******.services.page.model.PageDto>,java.util.Comparator
[WARNING] /workspace/source/src/main/java/org/entando/entando/aps/******/services/page/PageService.java:[802,56] unchecked conversion
  required: java.util.Comparator<? super T>
  found:    java.util.Comparator
[WARNING] /workspace/source/src/main/java/org/entando/entando/aps/******/services/page/PageService.java:[804,29] unchecked method invocation: method sort in class java.util.Collections is applied to given types
  required: java.util.List<T>,java.util.Comparator<? super T>
  found: java.util.List<org.entando.entando.aps.******.services.page.model.PageDto>,org.apache.commons.beanutils.BeanComparator
[WARNING] /workspace/source/src/main/java/org/entando/entando/aps/******/services/page/PageService.java:[804,37] unchecked conversion
  required: java.util.Comparator<? super T>
  found:    org.apache.commons.beanutils.BeanComparator
[WARNING] /workspace/source/src/main/java/com/agiletec/aps/******/services/authorization/AuthorizationManager.java:[133,64] unchecked cast
  required: java.util.List<com.agiletec.aps.******.services.authorization.IApsAuthority>
  found:    java.util.List
[WARNING] /workspace/source/src/main/java/com/agiletec/aps/******/services/authorization/AuthorizationManager.java:[161,32] unchecked call to add(E) as a member of the raw type java.util.List
[WARNING] /workspace/source/src/main/java/com/agiletec/aps/******/services/authorization/AuthorizationManager.java:[167,36] unchecked call to add(E) as a member of the raw type java.util.List
[WARNING] /workspace/source/src/main/java/com/agiletec/aps/******/services/authorization/AuthorizationManager.java:[186,42] unchecked conversion
  required: java.util.List<com.agiletec.aps.******.services.role.Role>
  found:    java.util.List
[WARNING] /workspace/source/src/main/java/com/agiletec/aps/******/services/authorization/AuthorizationManager.java:[233,51] unchecked conversion
  required: java.util.List<com.agiletec.aps.******.services.authorization.IApsAuthority>
  found:    java.util.List
[WARNING] /workspace/source/src/main/java/com/agiletec/aps/******/services/authorization/AuthorizationManager.java:[250,72] unchecked conversion
  required: java.util.List<com.agiletec.aps.******.services.authorization.IApsAuthority>
  found:    java.util.List
[WARNING] /workspace/source/src/main/java/com/agiletec/aps/******/services/authorization/AuthorizationManager.java:[286,29] unchecked call to addAll(java.util.Collection<? extends E>) as a member of the raw type java.util.List
[WARNING] /workspace/source/src/main/java/com/agiletec/aps/******/services/authorization/AuthorizationManager.java:[330,42] unchecked conversion
  required: java.util.List<com.agiletec.aps.******.services.authorization.IApsAuthority>
  found:    java.util.List
[WARNING] /workspace/source/src/main/java/com/agiletec/aps/******/services/authorization/AuthorizationManager.java:[335,42] unchecked conversion
  required: java.util.List<com.agiletec.aps.******.services.role.Role>
  found:    java.util.List
[WARNING] /workspace/source/src/main/java/com/agiletec/aps/******/services/authorization/AuthorizationManager.java:[345,42] unchecked conversion
  required: java.util.List<com.agiletec.aps.******.services.authorization.IApsAuthority>
  found:    java.util.List
[WARNING] /workspace/source/src/main/java/com/agiletec/aps/******/services/authorization/AuthorizationManager.java:[350,42] unchecked conversion
  required: java.util.List<com.agiletec.aps.******.services.group.Group>
  found:    java.util.List
[WARNING] /workspace/source/src/main/java/com/agiletec/aps/******/services/authorization/AuthorizationManager.java:[472,82] unchecked cast
  required: java.util.Map<java.lang.String,com.agiletec.aps.******.services.group.Group>
  found:    java.util.Map
[WARNING] /workspace/source/src/main/java/com/agiletec/aps/******/services/authorization/AuthorizationManager.java:[473,79] unchecked cast
  required: java.util.Map<java.lang.String,com.agiletec.aps.******.services.role.Role>
  found:    java.util.Map
[WARNING] /workspace/source/src/main/java/org/entando/entando/aps/******/services/dataobject/widget/UserFilterOptionBean.java:[255,26] unchecked call to EntitySearchFilter(java.lang.String,boolean,T,boolean) as a member of the raw type com.agiletec.aps.******.common.entity.model.EntitySearchFilter
[WARNING] /workspace/source/src/main/java/org/entando/entando/aps/******/services/dataobject/widget/UserFilterOptionBean.java:[264,26] unchecked call to EntitySearchFilter(java.lang.String,boolean,T,T) as a member of the raw type com.agiletec.aps.******.common.entity.model.EntitySearchFilter
[WARNING] /workspace/source/src/main/java/org/entando/entando/aps/******/services/dataobject/widget/UserFilterOptionBean.java:[275,30] unchecked call to EntitySearchFilter(java.lang.String,boolean,T,boolean) as a member of the raw type com.agiletec.aps.******.common.entity.model.EntitySearchFilter
[WARNING] /workspace/source/src/main/java/org/entando/entando/aps/******/services/dataobject/widget/UserFilterOptionBean.java:[292,26] unchecked call to EntitySearchFilter(java.lang.String,boolean,T,T) as a member of the raw type com.agiletec.aps.******.common.entity.model.EntitySearchFilter
[WARNING] /workspace/source/src/main/java/org/entando/entando/aps/******/services/dataobject/widget/UserFilterOptionBean.java:[322,26] unchecked call to SearchEngineFilter(java.lang.String,T,org.entando.entando.aps.******.services.searchengine.SearchEngineFilter.TextSearchOption) as a member of the raw type org.entando.entando.aps.******.services.searchengine.SearchEngineFilter
[WARNING] /workspace/source/src/main/java/org/entando/entando/aps/******/services/dataobject/widget/UserFilterOptionBean.java:[324,26] unchecked call to SearchEngineFilter(java.lang.String,T,org.entando.entando.aps.******.services.searchengine.SearchEngineFilter.TextSearchOption) as a member of the raw type org.entando.entando.aps.******.services.searchengine.SearchEngineFilter
[WARNING] /workspace/source/src/main/java/org/entando/entando/aps/******/services/dataobject/widget/UserFilterOptionBean.java:[329,26] unchecked call to SearchEngineFilter(java.lang.String,T,org.entando.entando.aps.******.services.searchengine.SearchEngineFilter.TextSearchOption) as a member of the raw type org.entando.entando.aps.******.services.searchengine.SearchEngineFilter
[WARNING] /workspace/source/src/main/java/org/entando/entando/aps/******/services/dataobject/widget/UserFilterOptionBean.java:[344,26] unchecked call to SearchEngineFilter(java.lang.String,T,T) as a member of the raw type org.entando.entando.aps.******.services.searchengine.SearchEngineFilter
[WARNING] /workspace/source/src/main/java/org/entando/entando/aps/******/services/dataobject/widget/UserFilterOptionBean.java:[347,26] unchecked call to SearchEngineFilter(java.lang.String,T,org.entando.entando.aps.******.services.searchengine.SearchEngineFilter.TextSearchOption) as a member of the raw type org.entando.entando.aps.******.services.searchengine.SearchEngineFilter
[WARNING] /workspace/source/src/main/java/org/entando/entando/aps/******/services/dataobject/widget/UserFilterOptionBean.java:[362,26] unchecked call to SearchEngineFilter(java.lang.String,T,T) as a member of the raw type org.entando.entando.aps.******.services.searchengine.SearchEngineFilter
[WARNING] /workspace/source/src/main/java/org/entando/entando/aps/******/services/api/response/ServicesResponseResult.java:[37,73] unchecked cast
  required: java.util.Collection<org.entando.entando.aps.******.services.api.model.ServiceInfo>
  found:    java.lang.Object
[WARNING] /workspace/source/src/main/java/org/entando/entando/aps/******/services/api/response/ServicesResponseResult.java:[38,68] unchecked call to ListResponse(java.util.List<T>) as a member of the raw type org.entando.entando.aps.******.services.api.model.ListResponse
[WARNING] /workspace/source/src/main/java/org/entando/entando/aps/******/services/api/ServiceExtraConfigDOM.java:[53,85] unchecked conversion
  required: java.util.List<org.jdom.Element>
  found:    java.util.List
[INFO] /workspace/source/src/main/java/org/entando/entando/web/filebrowser/model/FileBrowserFileRequest.java: Some input files use or override a deprecated API.
[INFO] /workspace/source/src/main/java/org/entando/entando/web/filebrowser/model/FileBrowserFileRequest.java: Recompile with -Xlint:deprecation for details.
[INFO] /workspace/source/src/main/java/org/entando/entando/aps/******/services/entity/AbstractEntityTypeService.java: Some input files additionally use unchecked or unsafe operations.
[INFO] 
[INFO] --- maven-resources-plugin:2.5:copy-resources (copy-resources-test) @ entando-engine ---
[debug] e**cute contextualize
[INFO] Using 'UTF-8' encoding to copy filtered resources.
[INFO] Copying 4 resources
[INFO] 
[INFO] --- maven-resources-plugin:2.5:copy-resources (copy-resources-file-test-) @ entando-engine ---
[debug] e**cute contextualize
[INFO] Using 'UTF-8' encoding to copy filtered resources.
[INFO] Copying 4 resources
[INFO] 
[INFO] --- maven-resources-plugin:2.5:testResources (default-testResources) @ entando-engine ---
[debug] e**cute contextualize
[INFO] Using 'UTF-8' encoding to copy filtered resources.
[INFO] Copying 8 resources
[INFO] 
[INFO] --- maven-compiler-plugin:3.8.1:testCompile (default-testCompile) @ entando-engine ---
[INFO] Changes detected - recompiling the module!
[INFO] Compiling 226 source files to /workspace/source/target/test-classes
[WARNING] /workspace/source/src/test/java/org/entando/entando/web/widget/WidgetControllerIntegrationTest.java:[597,26] unchecked method invocation: method setTitles in class org.entando.entando.web.widget.model.WidgetRequest is applied to given types
  required: java.util.Map<java.lang.String,java.lang.String>
  found: java.util.Map
[WARNING] /workspace/source/src/test/java/org/entando/entando/web/widget/WidgetControllerIntegrationTest.java:[597,27] unchecked conversion
  required: java.util.Map<java.lang.String,java.lang.String>
  found:    java.util.Map
[WARNING] /workspace/source/src/test/java/org/entando/entando/web/widget/WidgetControllerIntegrationTest.java:[693,45] unchecked conversion
  required: java.util.Map<java.lang.String,java.lang.String>
  found:    java.util.Map
[WARNING] /workspace/source/src/test/java/org/entando/entando/web/AbstractControllerTest.java:[118,41] unchecked method invocation: method readValue in class com.fasterxml.jackson.databind.ObjectMapper is applied to given types
  required: java.lang.String,java.lang.Class<T>
  found: java.lang.String,java.lang.Class
[WARNING] /workspace/source/src/test/java/org/entando/entando/web/AbstractControllerTest.java:[118,48] unchecked conversion
  required: java.lang.Class<T>
  found:    java.lang.Class
[WARNING] /workspace/source/src/test/java/org/entando/entando/aps/******/services/api/ApiBaseTestCase.java:[67,45] unchecked call to writeTo(T,java.lang.reflect.Type,java.lang.annotation.Annotation[],javax.ws.rs.core.MediaType,javax.ws.rs.core.MultivaluedMap<java.lang.String,java.lang.Object>,java.io.OutputStream) as a member of the raw type org.apache.cxf.jaxrs.provider.AbstractJAXBProvider
[WARNING] /workspace/source/src/test/java/org/entando/entando/aps/******/services/dataobjectsearchengine/TestSearchEngineManager.java:[151,59] unchecked call to SearchEngineFilter(java.lang.String,T) as a member of the raw type org.entando.entando.aps.******.services.searchengine.SearchEngineFilter
[WARNING] /workspace/source/src/test/java/org/entando/entando/aps/******/services/dataobjectsearchengine/TestSearchEngineManager.java:[242,54] unchecked call to SearchEngineFilter(java.lang.String,T,org.entando.entando.aps.******.services.searchengine.SearchEngineFilter.TextSearchOption) as a member of the raw type org.entando.entando.aps.******.services.searchengine.SearchEngineFilter
[WARNING] /workspace/source/src/test/java/org/entando/entando/aps/******/services/dataobjectsearchengine/TestSearchEngineManager.java:[249,54] unchecked call to SearchEngineFilter(java.lang.String,T,org.entando.entando.aps.******.services.searchengine.SearchEngineFilter.TextSearchOption) as a member of the raw type org.entando.entando.aps.******.services.searchengine.SearchEngineFilter
[WARNING] /workspace/source/src/test/java/org/entando/entando/aps/******/services/dataobjectsearchengine/TestSearchEngineManager.java:[257,54] unchecked call to SearchEngineFilter(java.lang.String,T,org.entando.entando.aps.******.services.searchengine.SearchEngineFilter.TextSearchOption) as a member of the raw type org.entando.entando.aps.******.services.searchengine.SearchEngineFilter
[WARNING] /workspace/source/src/test/java/org/entando/entando/aps/******/services/dataobjectsearchengine/TestSearchEngineManager.java:[263,54] unchecked call to SearchEngineFilter(java.lang.String,T,org.entando.entando.aps.******.services.searchengine.SearchEngineFilter.TextSearchOption) as a member of the raw type org.entando.entando.aps.******.services.searchengine.SearchEngineFilter
[WARNING] /workspace/source/src/test/java/org/entando/entando/aps/******/services/widgettype/WidgetServiceTest.java:[415,43] unchecked call to PagedMetadata(org.entando.entando.web.common.model.RestListRequest,java.util.List<T>,int) as a member of the raw type org.entando.entando.web.common.model.PagedMetadata
[WARNING] /workspace/source/src/test/java/org/entando/entando/aps/******/services/widgettype/WidgetServiceTest.java:[419,78] unchecked method invocation: method thenReturn in interface org.mockito.stubbing.OngoingStubbing is applied to given types
  required: T
  found: org.entando.entando.web.common.model.PagedMetadata
[WARNING] /workspace/source/src/test/java/org/entando/entando/aps/******/services/widgettype/WidgetServiceTest.java:[419,79] unchecked conversion
  required: T
  found:    org.entando.entando.web.common.model.PagedMetadata
[WARNING] /workspace/source/src/test/java/org/entando/entando/aps/******/services/pagemodel/PageModelTestUtil.java:[52,55] unchecked call to put(K,V) as a member of the raw type java.util.Map
[WARNING] /workspace/source/src/test/java/org/entando/entando/web/pagemodel/PageModelControllerIntegrationTest.java:[282,61] unchecked call to put(K,V) as a member of the raw type java.util.Map
[WARNING] /workspace/source/src/test/java/org/entando/entando/aps/******/services/dataobject/api/TestApiDataObjectInterface.java:[76,37] unchecked call to EntitySearchFilter(java.lang.String,boolean,T,T) as a member of the raw type com.agiletec.aps.******.common.entity.model.EntitySearchFilter
[WARNING] /workspace/source/src/test/java/org/entando/entando/aps/******/services/dataobject/entity/TestDataObjectEntityManager.java:[43,41] unchecked call to EntitySearchFilter(java.lang.String,boolean,T,boolean) as a member of the raw type com.agiletec.aps.******.common.entity.model.EntitySearchFilter
[WARNING] /workspace/source/src/test/java/org/entando/entando/aps/******/services/dataobject/entity/TestDataObjectEntityManager.java:[57,42] unchecked call to EntitySearchFilter(java.lang.String,boolean,T,boolean) as a member of the raw type com.agiletec.aps.******.common.entity.model.EntitySearchFilter
[WARNING] /workspace/source/src/test/java/org/entando/entando/aps/******/services/dataobject/entity/TestDataObjectEntityManager.java:[64,43] unchecked call to EntitySearchFilter(java.lang.String,boolean,T,boolean) as a member of the raw type com.agiletec.aps.******.common.entity.model.EntitySearchFilter
[WARNING] /workspace/source/src/test/java/org/entando/entando/aps/******/services/dataobject/entity/TestDataObjectEntityManager.java:[94,39] unchecked call to EntitySearchFilter(java.lang.String,boolean,T,boolean) as a member of the raw type com.agiletec.aps.******.common.entity.model.EntitySearchFilter
[WARNING] /workspace/source/src/test/java/org/entando/entando/aps/******/services/dataobject/entity/TestDataObjectEntityManager.java:[100,20] unchecked call to EntitySearchFilter(java.lang.String,boolean,T,boolean) as a member of the raw type com.agiletec.aps.******.common.entity.model.EntitySearchFilter
[WARNING] /workspace/source/src/test/java/org/entando/entando/aps/******/services/dataobject/entity/TestDataObjectEntityManager.java:[111,39] unchecked call to EntitySearchFilter(java.lang.String,boolean,T,boolean) as a member of the raw type com.agiletec.aps.******.common.entity.model.EntitySearchFilter
[WARNING] /workspace/source/src/test/java/org/entando/entando/aps/******/services/dataobject/entity/TestDataObjectEntityManager.java:[205,37] unchecked call to EntitySearchFilter(java.lang.String,boolean,T,T) as a member of the raw type com.agiletec.aps.******.common.entity.model.EntitySearchFilter
[WARNING] /workspace/source/src/test/java/org/entando/entando/aps/******/services/dataobject/entity/TestDataObjectEntityManager.java:[206,38] unchecked call to EntitySearchFilter(java.lang.String,boolean,T,boolean) as a member of the raw type com.agiletec.aps.******.common.entity.model.EntitySearchFilter
[WARNING] /workspace/source/src/test/java/org/entando/entando/aps/******/services/dataobject/entity/TestDataObjectEntityManager.java:[215,38] unchecked call to EntitySearchFilter(java.lang.String,boolean,T,boolean) as a member of the raw type com.agiletec.aps.******.common.entity.model.EntitySearchFilter
[WARNING] /workspace/source/src/test/java/org/entando/entando/aps/******/services/dataobject/entity/TestDataObjectEntityManager.java:[240,37] unchecked call to EntitySearchFilter(java.lang.String,boolean,T,T) as a member of the raw type com.agiletec.aps.******.common.entity.model.EntitySearchFilter
[WARNING] /workspace/source/src/test/java/org/entando/entando/aps/******/services/dataobject/entity/TestDataObjectEntityManager.java:[255,37] unchecked call to EntitySearchFilter(java.lang.String,boolean,T,T) as a member of the raw type com.agiletec.aps.******.common.entity.model.EntitySearchFilter
[WARNING] /workspace/source/src/test/java/org/entando/entando/aps/******/services/dataobject/entity/TestDataObjectEntityManager.java:[269,37] unchecked call to EntitySearchFilter(java.lang.String,boolean,T,T) as a member of the raw type com.agiletec.aps.******.common.entity.model.EntitySearchFilter
[WARNING] /workspace/source/src/test/java/org/entando/entando/aps/******/services/dataobject/entity/TestDataObjectEntityManager.java:[285,37] unchecked call to EntitySearchFilter(java.lang.String,boolean,T,T) as a member of the raw type com.agiletec.aps.******.common.entity.model.EntitySearchFilter
[WARNING] /workspace/source/src/test/java/org/entando/entando/aps/******/services/dataobject/entity/TestDataObjectEntityManager.java:[301,37] unchecked call to EntitySearchFilter(java.lang.String,boolean,T,T) as a member of the raw type com.agiletec.aps.******.common.entity.model.EntitySearchFilter
[WARNING] /workspace/source/src/test/java/org/entando/entando/aps/******/services/dataobject/entity/TestDataObjectEntityManager.java:[316,38] unchecked call to EntitySearchFilter(java.lang.String,boolean,T,T) as a member of the raw type com.agiletec.aps.******.common.entity.model.EntitySearchFilter
[WARNING] /workspace/source/src/test/java/org/entando/entando/aps/******/services/dataobject/entity/TestDataObjectEntityManager.java:[341,38] unchecked call to EntitySearchFilter(java.lang.String,boolean,T,T) as a member of the raw type com.agiletec.aps.******.common.entity.model.EntitySearchFilter
[WARNING] /workspace/source/src/test/java/org/entando/entando/aps/******/services/dataobject/entity/TestDataObjectEntityManager.java:[344,38] unchecked call to EntitySearchFilter(java.lang.String,boolean,T,T) as a member of the raw type com.agiletec.aps.******.common.entity.model.EntitySearchFilter
[WARNING] /workspace/source/src/test/java/org/entando/entando/aps/******/services/oauth2/OAuthConsumerManagerIntegrationTest.java:[107,36] unchecked call to FieldSearchFilter(java.lang.String,T,boolean) as a member of the raw type com.agiletec.aps.******.common.FieldSearchFilter
[WARNING] /workspace/source/src/test/java/org/entando/entando/web/MockMvcHelper.java:[236,54] Possible heap pollution from parameterized vararg type String
[WARNING] /workspace/source/src/test/java/org/entando/entando/aps/******/services/userprofile/UserProfileManagerIntegrationTest.java:[177,46] unchecked call to EntitySearchFilter(java.lang.String,boolean,T,boolean) as a member of the raw type com.agiletec.aps.******.common.entity.model.EntitySearchFilter
[WARNING] /workspace/source/src/test/java/org/entando/entando/aps/******/services/userprofile/UserProfileManagerIntegrationTest.java:[232,46] unchecked call to EntitySearchFilter(java.lang.String,boolean,T,boolean) as a member of the raw type com.agiletec.aps.******.common.entity.model.EntitySearchFilter
[WARNING] /workspace/source/src/test/java/org/entando/entando/aps/******/services/dataobject/TestDataObjectManager.java:[66,42] unchecked call to EntitySearchFilter(java.lang.String,boolean,T,boolean) as a member of the raw type com.agiletec.aps.******.common.entity.model.EntitySearchFilter
[WARNING] /workspace/source/src/test/java/org/entando/entando/aps/******/services/dataobject/TestDataObjectManager.java:[74,47] unchecked call to EntitySearchFilter(java.lang.String,boolean,T,boolean) as a member of the raw type com.agiletec.aps.******.common.entity.model.EntitySearchFilter
[WARNING] /workspace/source/src/test/java/org/entando/entando/aps/******/services/dataobject/TestDataObjectManager.java:[81,23] unchecked call to EntitySearchFilter(java.lang.String,boolean,T,boolean,com.agiletec.aps.******.common.FieldSearchFilter.LikeOptionType) as a member of the raw type com.agiletec.aps.******.common.entity.model.EntitySearchFilter
[WARNING] /workspace/source/src/test/java/org/entando/entando/aps/******/services/dataobject/TestDataObjectManager.java:[89,23] unchecked call to EntitySearchFilter(java.lang.String,boolean,T,boolean,com.agiletec.aps.******.common.FieldSearchFilter.LikeOptionType) as a member of the raw type com.agiletec.aps.******.common.entity.model.EntitySearchFilter
[WARNING] /workspace/source/src/test/java/org/entando/entando/aps/******/services/dataobject/TestDataObjectManager.java:[95,23] unchecked call to EntitySearchFilter(java.lang.String,boolean,T,boolean,com.agiletec.aps.******.common.FieldSearchFilter.LikeOptionType) as a member of the raw type com.agiletec.aps.******.common.entity.model.EntitySearchFilter
[WARNING] /workspace/source/src/test/java/org/entando/entando/aps/******/services/dataobject/TestDataObjectManager.java:[106,44] unchecked call to EntitySearchFilter(java.lang.String,boolean,T,boolean) as a member of the raw type com.agiletec.aps.******.common.entity.model.EntitySearchFilter
[WARNING] /workspace/source/src/test/java/org/entando/entando/aps/******/services/dataobject/TestDataObjectManager.java:[114,25] unchecked call to EntitySearchFilter(java.lang.String,boolean,T,boolean) as a member of the raw type com.agiletec.aps.******.common.entity.model.EntitySearchFilter
[WARNING] /workspace/source/src/test/java/org/entando/entando/aps/******/services/dataobject/TestDataObjectManager.java:[131,42] unchecked call to EntitySearchFilter(java.lang.String,boolean,T,boolean) as a member of the raw type com.agiletec.aps.******.common.entity.model.EntitySearchFilter
[WARNING] /workspace/source/src/test/java/org/entando/entando/aps/******/services/dataobject/TestDataObjectManager.java:[139,47] unchecked call to EntitySearchFilter(java.lang.String,boolean,T,boolean) as a member of the raw type com.agiletec.aps.******.common.entity.model.EntitySearchFilter
[WARNING] /workspace/source/src/test/java/org/entando/entando/aps/******/services/dataobject/TestDataObjectManager.java:[153,42] unchecked call to EntitySearchFilter(java.lang.String,boolean,T,boolean,com.agiletec.aps.******.common.FieldSearchFilter.LikeOptionType) as a member of the raw type com.agiletec.aps.******.common.entity.model.EntitySearchFilter
[WARNING] /workspace/source/src/test/java/org/entando/entando/aps/******/services/dataobject/TestDataObjectManager.java:[161,23] unchecked call to EntitySearchFilter(java.lang.String,boolean,T,boolean,com.agiletec.aps.******.common.FieldSearchFilter.LikeOptionType) as a member of the raw type com.agiletec.aps.******.common.entity.model.EntitySearchFilter
[WARNING] /workspace/source/src/test/java/org/entando/entando/aps/******/services/dataobject/TestDataObjectManager.java:[169,39] unchecked call to EntitySearchFilter(java.lang.String,boolean,T,boolean,com.agiletec.aps.******.common.FieldSearchFilter.LikeOptionType) as a member of the raw type com.agiletec.aps.******.common.entity.model.EntitySearchFilter
[WARNING] /workspace/source/src/test/java/org/entando/entando/aps/******/services/dataobject/TestDataObjectManager.java:[177,23] unchecked call to EntitySearchFilter(java.lang.String,boolean,T,boolean,com.agiletec.aps.******.common.FieldSearchFilter.LikeOptionType) as a member of the raw type com.agiletec.aps.******.common.entity.model.EntitySearchFilter
[WARNING] /workspace/source/src/test/java/org/entando/entando/aps/******/services/dataobject/TestDataObjectManager.java:[190,42] unchecked call to EntitySearchFilter(java.lang.String,boolean,T,boolean) as a member of the raw type com.agiletec.aps.******.common.entity.model.EntitySearchFilter
[WARNING] /workspace/source/src/test/java/org/entando/entando/aps/******/services/dataobject/TestDataObjectManager.java:[202,43] unchecked call to EntitySearchFilter(java.lang.String,boolean,T,boolean) as a member of the raw type com.agiletec.aps.******.common.entity.model.EntitySearchFilter
[WARNING] /workspace/source/src/test/java/org/entando/entando/aps/******/services/dataobject/TestDataObjectManager.java:[220,41] unchecked call to EntitySearchFilter(java.lang.String,boolean,T,boolean) as a member of the raw type com.agiletec.aps.******.common.entity.model.EntitySearchFilter
[WARNING] /workspace/source/src/test/java/org/entando/entando/aps/******/services/dataobject/TestDataObjectManager.java:[233,43] unchecked call to EntitySearchFilter(java.lang.String,boolean,T,boolean) as a member of the raw type com.agiletec.aps.******.common.entity.model.EntitySearchFilter
[WARNING] /workspace/source/src/test/java/org/entando/entando/aps/******/services/dataobject/TestDataObjectManager.java:[254,42] unchecked call to EntitySearchFilter(java.lang.String,boolean,T,boolean) as a member of the raw type com.agiletec.aps.******.common.entity.model.EntitySearchFilter
[WARNING] /workspace/source/src/test/java/org/entando/entando/aps/******/services/dataobject/TestDataObjectManager.java:[280,44] unchecked call to EntitySearchFilter(java.lang.String,boolean,T,boolean) as a member of the raw type com.agiletec.aps.******.common.entity.model.EntitySearchFilter
[WARNING] /workspace/source/src/test/java/org/entando/entando/aps/******/services/dataobject/TestDataObjectManager.java:[557,37] unchecked call to EntitySearchFilter(java.lang.String,boolean,T,T) as a member of the raw type com.agiletec.aps.******.common.entity.model.EntitySearchFilter
[WARNING] /workspace/source/src/test/java/org/entando/entando/aps/******/services/dataobject/TestDataObjectManager.java:[558,38] unchecked call to EntitySearchFilter(java.lang.String,boolean,T,boolean) as a member of the raw type com.agiletec.aps.******.common.entity.model.EntitySearchFilter
[WARNING] /workspace/source/src/test/java/org/entando/entando/aps/******/services/dataobject/TestDataObjectManager.java:[598,37] unchecked call to EntitySearchFilter(java.lang.String,boolean,T,T) as a member of the raw type com.agiletec.aps.******.common.entity.model.EntitySearchFilter
[WARNING] /workspace/source/src/test/java/org/entando/entando/aps/******/services/dataobject/TestDataObjectManager.java:[599,38] unchecked call to EntitySearchFilter(java.lang.String,boolean,T,boolean) as a member of the raw type com.agiletec.aps.******.common.entity.model.EntitySearchFilter
[WARNING] /workspace/source/src/test/java/org/entando/entando/aps/******/services/dataobject/TestDataObjectManager.java:[618,37] unchecked call to EntitySearchFilter(java.lang.String,boolean,T,T) as a member of the raw type com.agiletec.aps.******.common.entity.model.EntitySearchFilter
[WARNING] /workspace/source/src/test/java/org/entando/entando/aps/******/services/dataobject/TestDataObjectManager.java:[619,40] unchecked call to EntitySearchFilter(java.lang.String,boolean,T,boolean) as a member of the raw type com.agiletec.aps.******.common.entity.model.EntitySearchFilter
[WARNING] /workspace/source/src/test/java/org/entando/entando/aps/******/services/dataobject/TestDataObjectManager.java:[626,40] unchecked call to EntitySearchFilter(java.lang.String,boolean,T,boolean) as a member of the raw type com.agiletec.aps.******.common.entity.model.EntitySearchFilter
[WARNING] /workspace/source/src/test/java/org/entando/entando/aps/******/services/dataobject/TestDataObjectManager.java:[640,37] unchecked call to EntitySearchFilter(java.lang.String,boolean,T,boolean) as a member of the raw type com.agiletec.aps.******.common.entity.model.EntitySearchFilter
[WARNING] /workspace/source/src/test/java/org/entando/entando/aps/******/services/dataobject/TestDataObjectManager.java:[658,19] unchecked call to EntitySearchFilter(java.lang.String,boolean,T,T) as a member of the raw type com.agiletec.aps.******.common.entity.model.EntitySearchFilter
[WARNING] /workspace/source/src/test/java/org/entando/entando/aps/******/services/dataobject/TestDataObjectManager.java:[668,19] unchecked call to EntitySearchFilter(java.lang.String,boolean,T,T) as a member of the raw type com.agiletec.aps.******.common.entity.model.EntitySearchFilter
[WARNING] /workspace/source/src/test/java/org/entando/entando/aps/******/services/dataobject/TestDataObjectManager.java:[686,37] unchecked call to EntitySearchFilter(java.lang.String,boolean,java.util.List<T>,boolean) as a member of the raw type com.agiletec.aps.******.common.entity.model.EntitySearchFilter
[WARNING] /workspace/source/src/test/java/org/entando/entando/aps/******/services/dataobject/TestDataObjectManager.java:[710,19] unchecked call to EntitySearchFilter(java.lang.String,boolean,java.util.List<T>,boolean) as a member of the raw type com.agiletec.aps.******.common.entity.model.EntitySearchFilter
[WARNING] /workspace/source/src/test/java/org/entando/entando/aps/******/services/dataobject/TestDataObjectManager.java:[735,19] unchecked call to EntitySearchFilter(java.lang.String,boolean,java.util.List<T>,boolean) as a member of the raw type com.agiletec.aps.******.common.entity.model.EntitySearchFilter
[WARNING] /workspace/source/src/test/java/org/entando/entando/aps/******/services/dataobject/TestDataObjectManager.java:[761,19] unchecked call to EntitySearchFilter(java.lang.String,boolean,java.util.List<T>,boolean) as a member of the raw type com.agiletec.aps.******.common.entity.model.EntitySearchFilter
[WARNING] /workspace/source/src/test/java/org/entando/entando/aps/******/services/dataobject/TestDataObjectManager.java:[784,19] unchecked call to EntitySearchFilter(java.lang.String,boolean,T,boolean) as a member of the raw type com.agiletec.aps.******.common.entity.model.EntitySearchFilter
[WARNING] /workspace/source/src/test/java/org/entando/entando/aps/******/services/dataobject/TestDataObjectManager.java:[808,19] unchecked call to EntitySearchFilter(java.lang.String,boolean,T,boolean) as a member of the raw type com.agiletec.aps.******.common.entity.model.EntitySearchFilter
[WARNING] /workspace/source/src/test/java/org/entando/entando/aps/******/services/dataobject/TestDataObjectManager.java:[834,37] unchecked call to EntitySearchFilter(java.lang.String,boolean,java.util.List<T>,boolean) as a member of the raw type com.agiletec.aps.******.common.entity.model.EntitySearchFilter
[WARNING] /workspace/source/src/test/java/org/entando/entando/aps/******/services/dataobject/TestDataObjectManager.java:[948,37] unchecked call to EntitySearchFilter(java.lang.String,boolean,T,T) as a member of the raw type com.agiletec.aps.******.common.entity.model.EntitySearchFilter
[WARNING] /workspace/source/src/test/java/org/entando/entando/aps/******/services/dataobject/TestDataObjectManager.java:[962,37] unchecked call to EntitySearchFilter(java.lang.String,boolean,T,T) as a member of the raw type com.agiletec.aps.******.common.entity.model.EntitySearchFilter
[WARNING] /workspace/source/src/test/java/org/entando/entando/aps/******/services/dataobject/TestDataObjectManager.java:[978,37] unchecked call to EntitySearchFilter(java.lang.String,boolean,T,T) as a member of the raw type com.agiletec.aps.******.common.entity.model.EntitySearchFilter
[WARNING] /workspace/source/src/test/java/org/entando/entando/aps/******/services/dataobject/TestDataObjectManager.java:[993,37] unchecked call to EntitySearchFilter(java.lang.String,boolean,T,T) as a member of the raw type com.agiletec.aps.******.common.entity.model.EntitySearchFilter
[WARNING] /workspace/source/src/test/java/org/entando/entando/aps/******/services/dataobject/TestDataObjectManager.java:[1009,37] unchecked call to EntitySearchFilter(java.lang.String,boolean,T,T) as a member of the raw type com.agiletec.aps.******.common.entity.model.EntitySearchFilter
[WARNING] /workspace/source/src/test/java/org/entando/entando/aps/******/services/dataobject/TestDataObjectManager.java:[1024,37] unchecked call to EntitySearchFilter(java.lang.String,boolean,T,T) as a member of the raw type com.agiletec.aps.******.common.entity.model.EntitySearchFilter
[WARNING] /workspace/source/src/test/java/org/entando/entando/aps/******/services/dataobject/TestDataObjectManager.java:[1063,38] unchecked call to EntitySearchFilter(java.lang.String,boolean,T,boolean) as a member of the raw type com.agiletec.aps.******.common.entity.model.EntitySearchFilter
[WARNING] /workspace/source/src/test/java/org/entando/entando/aps/******/services/dataobject/TestDataObjectManager.java:[1149,37] unchecked call to EntitySearchFilter(java.lang.String,boolean,T,T) as a member of the raw type com.agiletec.aps.******.common.entity.model.EntitySearchFilter
[WARNING] /workspace/source/src/test/java/org/entando/entando/aps/******/services/dataobject/TestDataObjectManager.java:[1161,38] unchecked call to EntitySearchFilter(java.lang.String,boolean,T,boolean) as a member of the raw type com.agiletec.aps.******.common.entity.model.EntitySearchFilter
[WARNING] /workspace/source/src/test/java/org/entando/entando/aps/******/services/dataobject/TestDataObjectManager.java:[1251,38] unchecked call to EntitySearchFilter(java.lang.String,boolean,T,boolean) as a member of the raw type com.agiletec.aps.******.common.entity.model.EntitySearchFilter
[WARNING] /workspace/source/src/test/java/org/entando/entando/aps/******/services/dataobject/TestDataObjectManager.java:[1280,38] unchecked call to EntitySearchFilter(java.lang.String,boolean,T,boolean) as a member of the raw type com.agiletec.aps.******.common.entity.model.EntitySearchFilter
[WARNING] /workspace/source/src/test/java/org/entando/entando/aps/******/services/dataobject/TestDataObjectManager.java:[1323,42] unchecked call to EntitySearchFilter(java.lang.String,boolean,T,boolean) as a member of the raw type com.agiletec.aps.******.common.entity.model.EntitySearchFilter
[WARNING] /workspace/source/src/test/java/org/entando/entando/aps/******/services/guifragment/GuiFragmentServiceTest.java:[140,43] unchecked call to PagedMetadata(org.entando.entando.web.common.model.RestListRequest,java.util.List<T>,int) as a member of the raw type org.entando.entando.web.common.model.PagedMetadata
[WARNING] /workspace/source/src/test/java/org/entando/entando/aps/******/services/guifragment/GuiFragmentServiceTest.java:[144,78] unchecked method invocation: method thenReturn in interface org.mockito.stubbing.OngoingStubbing is applied to given types
  required: T
  found: org.entando.entando.web.common.model.PagedMetadata
[WARNING] /workspace/source/src/test/java/org/entando/entando/aps/******/services/guifragment/GuiFragmentServiceTest.java:[144,79] unchecked conversion
  required: T
  found:    org.entando.entando.web.common.model.PagedMetadata
[WARNING] /workspace/source/src/test/java/org/entando/entando/aps/******/services/pagemodel/PageModelServiceTest.java:[119,39] unchecked call to PagedMetadata(org.entando.entando.web.common.model.RestListRequest,java.util.List<T>,int) as a member of the raw type org.entando.entando.web.common.model.PagedMetadata
[WARNING] /workspace/source/src/test/java/org/entando/entando/aps/******/services/pagemodel/PageModelServiceTest.java:[123,74] unchecked method invocation: method thenReturn in interface org.mockito.stubbing.OngoingStubbing is applied to given types
  required: T
  found: org.entando.entando.web.common.model.PagedMetadata
[WARNING] /workspace/source/src/test/java/org/entando/entando/aps/******/services/pagemodel/PageModelServiceTest.java:[123,75] unchecked conversion
  required: T
  found:    org.entando.entando.web.common.model.PagedMetadata
[WARNING] /workspace/source/src/test/java/org/entando/entando/web/user/UserControllerUnitTest.java:[266,90] unchecked cast
  required: java.util.List<org.entando.entando.aps.******.services.user.model.UserAuthorityDto>
  found:    java.lang.Object
[WARNING] /workspace/source/src/test/java/org/entando/entando/aps/******/services/page/PageServiceTest.java:[426,43] unchecked call to PagedMetadata(org.entando.entando.web.common.model.RestListRequest,java.util.List<T>,int) as a member of the raw type org.entando.entando.web.common.model.PagedMetadata
[WARNING] /workspace/source/src/test/java/org/entando/entando/aps/******/services/page/PageServiceTest.java:[430,78] unchecked method invocation: method thenReturn in interface org.mockito.stubbing.OngoingStubbing is applied to given types
  required: T
  found: org.entando.entando.web.common.model.PagedMetadata
[WARNING] /workspace/source/src/test/java/org/entando/entando/aps/******/services/page/PageServiceTest.java:[430,79] unchecked conversion
  required: T
  found:    org.entando.entando.web.common.model.PagedMetadata
[WARNING] /workspace/source/src/test/java/org/entando/entando/aps/******/services/entity/AbstractEntityTypeServiceTest.java:[37,34] unchecked call to setEntityManagers(java.util.List<com.agiletec.aps.******.common.entity.IEntityManager>) as a member of the raw type org.entando.entando.aps.******.services.entity.AbstractEntityTypeService
[WARNING] /workspace/source/src/test/java/org/entando/entando/aps/******/services/entity/AbstractEntityTypeServiceTest.java:[131,19] unchecked method invocation: method assertThat in class org.assertj.core.api.Assertions is applied to given types
  required: java.util.List<? extends ELEMENT>
  found: java.util.List
[WARNING] /workspace/source/src/test/java/org/entando/entando/aps/******/services/entity/AbstractEntityTypeServiceTest.java:[131,36] unchecked conversion
  required: java.util.List<? extends ELEMENT>
  found:    java.util.List
[WARNING] /workspace/source/src/test/java/org/entando/entando/aps/******/services/entity/AbstractEntityTypeServiceTest.java:[131,55] unchecked call to containsExactly(ELEMENT...) as a member of the raw type org.assertj.core.api.ListAssert
[INFO] /workspace/source/src/test/java/org/entando/entando/web/AbstractControllerIntegrationTest.java: Some input files use or override a deprecated API.
[INFO] /workspace/source/src/test/java/org/entando/entando/web/AbstractControllerIntegrationTest.java: Recompile with -Xlint:deprecation for details.
[INFO] /workspace/source/src/test/java/org/entando/entando/aps/******/services/label/LabelServiceTest.java: /workspace/source/src/test/java/org/entando/entando/aps/******/services/label/LabelServiceTest.java uses unchecked or unsafe operations.
[INFO] 
[INFO] --- maven-surefire-plugin:3.0.0-M4:test (default-test) @ entando-engine ---
[INFO] 
[INFO] -------------------------------------------------------
[INFO]  T E S T S
[INFO] -------------------------------------------------------
SLF4J: Failed to load class "org.slf4j.impl.StaticLoggerBinder".
SLF4J: Defaulting to no-operation (NOP) logger implementation
SLF4J: See http://www.slf4j.org/codes.html#StaticLoggerBinder for further details.
[INFO] Running org.entando.entando.web.common.model.RestNamedIdTest
[INFO] Tests run: 5, Failures: 0, Errors: 0, Skipped: 0, Time elapsed: 0.004 s - in org.entando.entando.web.common.model.RestNamedIdTest
[INFO] Running org.entando.entando.aps.******.services.page.PageTokenManagerTest
[INFO] Tests run: 1, Failures: 0, Errors: 0, Skipped: 0, Time elapsed: 1.076 s - in org.entando.entando.aps.******.services.page.PageTokenManagerTest
[INFO] Running org.entando.entando.ent.util.EntLoggingTest
[INFO] Tests run: 7, Failures: 0, Errors: 0, Skipped: 0, Time elapsed: 0.023 s - in org.entando.entando.ent.util.EntLoggingTest
[INFO] Running org.entando.entando.ent.util.EntSafeXmlUtilsTest
[DEBUG] 2020-11-04 13:12:18.712 [main] logging - Logging Provider: org.jboss.logging.Log4j2LoggerProvider
[INFO] Tests run: 2, Failures: 0, Errors: 0, Skipped: 0, Time elapsed: 0.286 s - in org.entando.entando.ent.util.EntSafeXmlUtilsTest
[INFO] Running org.entando.entando.aps.******.init.InitializerManagerTest
[INFO] Tests run: 1, Failures: 0, Errors: 0, Skipped: 0, Time elapsed: 0.203 s - in org.entando.entando.aps.******.init.InitializerManagerTest
[INFO] Running org.entando.entando.aps.******.init.DatabaseManagerTest
+ [ Component: test_component ] :: DATA
|   
|   Starting uninstall
|   
|   ( !! )  skipping portDataSource: not available
|   ( !! )  skipping servDataSource: not available
|   
|   Uninstall complete
|   
[INFO] Tests run: 1, Failures: 0, Errors: 0, Skipped: 0, Time elapsed: 0.241 s - in org.entando.entando.aps.******.init.DatabaseManagerTest
[INFO] Running com.agiletec.aps.******.common.entity.TestEntityManager
+ [ Component: Core ] :: SCHEMA
|   
|   Starting installation
|   
|   ( ok )  portDataSource.sysconfig
[DEBUG] 2020-11-04 13:12:26.860 [main] DaoManager - created dao for class class org.entando.entando.aps.******.init.model.portdb.Sysconfig with reflection
[DEBUG] 2020-11-04 13:12:26.867 [main] JdbcConnectionSource - opened connection to jdbc:derby:/workspace/source/target/test/db/entando-enginetestPort;create=true;user=agile;password=agile got #715704825
[DEBUG] 2020-11-04 13:12:26.931 [main] StatementE**cutor - running raw e**cute statement: ALTER TABLE sysconfig ADD CONSTRAINT sysconfig_pkey PRIMARY KEY(version , item )
|   ( ok )  portDataSource.categories
[DEBUG] 2020-11-04 13:12:27.032 [main] DaoManager - created dao for class class org.entando.entando.aps.******.init.model.portdb.Category with reflection
|   ( ok )  portDataSource.localstrings
[DEBUG] 2020-11-04 13:12:27.067 [main] DaoManager - created dao for class class org.entando.entando.aps.******.init.model.portdb.LocalString with reflection
[DEBUG] 2020-11-04 13:12:27.087 [main] StatementE**cutor - running raw e**cute statement: ALTER TABLE localstrings ADD CONSTRAINT localstrings_pkey PRIMARY KEY(keycode , langcode )
|   ( ok )  portDataSource.pagemodels
[DEBUG] 2020-11-04 13:12:27.110 [main] DaoManager - created dao for class class org.entando.entando.aps.******.init.model.portdb.PageModel with reflection
|   ( ok )  portDataSource.pages
[DEBUG] 2020-11-04 13:12:27.148 [main] DaoManager - created dao for class class org.entando.entando.aps.******.init.model.portdb.Page with reflection
|   ( ok )  portDataSource.pages_metadata_online
[DEBUG] 2020-11-04 13:12:27.203 [main] DaoManager - created dao for class class org.entando.entando.aps.******.init.model.portdb.PageMetadataOnline with reflection
[DEBUG] 2020-11-04 13:12:27.271 [main] StatementE**cutor - running raw e**cute statement: ALTER TABLE pages_metadata_online ADD CONSTRAINT pages_metadata_online_code_fk FOREIGN KEY (code) REFERENCES pages (code) 
[DEBUG] 2020-11-04 13:12:27.344 [main] StatementE**cutor - running raw e**cute statement: ALTER TABLE pages_metadata_online ADD CONSTRAINT pages_metadata_online_modelcode_fk FOREIGN KEY (modelcode) REFERENCES pagemodels (code)
|   ( ok )  portDataSource.pages_metadata_draft
[DEBUG] 2020-11-04 13:12:27.381 [main] DaoManager - created dao for class class org.entando.entando.aps.******.init.model.portdb.PageMetadataDraft with reflection
[DEBUG] 2020-11-04 13:12:27.423 [main] StatementE**cutor - running raw e**cute statement: ALTER TABLE pages_metadata_draft ADD CONSTRAINT pages_metadata_draft_code_fk FOREIGN KEY (code) REFERENCES pages (code) 
[DEBUG] 2020-11-04 13:12:27.434 [main] StatementE**cutor - running raw e**cute statement: ALTER TABLE pages_metadata_draft ADD CONSTRAINT pages_metadata_draft_modelcode_fk FOREIGN KEY (modelcode) REFERENCES pagemodels (code)
|   ( ok )  portDataSource.widgetcatalog
[DEBUG] 2020-11-04 13:12:27.463 [main] DaoManager - created dao for class class org.entando.entando.aps.******.init.model.portdb.WidgetCatalog with reflection
|   ( ok )  portDataSource.guifragment
[DEBUG] 2020-11-04 13:12:27.496 [main] DaoManager - created dao for class class org.entando.entando.aps.******.init.model.portdb.GuiFragment with reflection
[DEBUG] 2020-11-04 13:12:27.520 [main] StatementE**cutor - running raw e**cute statement: ALTER TABLE guifragment ADD CONSTRAINT guifragment_wdgtypecode_fkey FOREIGN KEY (widgettypecode) REFERENCES widgetcatalog (code)
|   ( ok )  portDataSource.widgetconfig
[DEBUG] 2020-11-04 13:12:27.650 [main] DaoManager - created dao for class class org.entando.entando.aps.******.init.model.portdb.WidgetConfig with reflection
[DEBUG] 2020-11-04 13:12:27.676 [main] StatementE**cutor - running raw e**cute statement: ALTER TABLE widgetconfig ADD CONSTRAINT widgetconfig_pkey PRIMARY KEY(pagecode , framepos)
[DEBUG] 2020-11-04 13:12:27.696 [main] StatementE**cutor - running raw e**cute statement: ALTER TABLE widgetconfig ADD CONSTRAINT widgetconfig_pagecode_fkey FOREIGN KEY (pagecode) REFERENCES pages (code)
[DEBUG] 2020-11-04 13:12:27.721 [main] StatementE**cutor - running raw e**cute statement: ALTER TABLE widgetconfig ADD CONSTRAINT widgetconfig_widgetcode_fkey FOREIGN KEY (widgetcode) REFERENCES widgetcatalog (code)
|   ( ok )  portDataSource.widgetconfig_draft
[DEBUG] 2020-11-04 13:12:27.750 [main] DaoManager - created dao for class class org.entando.entando.aps.******.init.model.portdb.WidgetConfigDraft with reflection
[DEBUG] 2020-11-04 13:12:27.784 [main] StatementE**cutor - running raw e**cute statement: ALTER TABLE widgetconfig_draft ADD CONSTRAINT widgetconfig_draft_pkey PRIMARY KEY(pagecode , framepos)
[DEBUG] 2020-11-04 13:12:27.803 [main] StatementE**cutor - running raw e**cute statement: ALTER TABLE widgetconfig_draft ADD CONSTRAINT widgetconfig_draft_pagecode_fkey FOREIGN KEY (pagecode) REFERENCES pages (code)
[DEBUG] 2020-11-04 13:12:27.828 [main] StatementE**cutor - running raw e**cute statement: ALTER TABLE widgetconfig_draft ADD CONSTRAINT widgetconfig_draft_widgetcode_fkey FOREIGN KEY (widgetcode) REFERENCES widgetcatalog (code)
|   ( ok )  portDataSource.uniquekeys
[DEBUG] 2020-11-04 13:12:27.855 [main] DaoManager - created dao for class class org.entando.entando.aps.******.init.model.portdb.Uniquekeys with reflection
|   ( ok )  portDataSource.userpreferences
[DEBUG] 2020-11-04 13:12:27.881 [main] DaoManager - created dao for class class org.entando.entando.aps.******.init.model.portdb.UserPreferences with reflection
[DEBUG] 2020-11-04 13:12:27.923 [main] JdbcConnectionSource - closed connection #715704825
|   
|   ( ok )  servDataSource.authgroups
[DEBUG] 2020-11-04 13:12:28.635 [main] DaoManager - created dao for class class org.entando.entando.aps.******.init.model.servdb.Group with reflection
[DEBUG] 2020-11-04 13:12:28.637 [main] JdbcConnectionSource - opened connection to jdbc:derby:/workspace/source/target/test/db/entando-enginetestServ;create=true;user=agile;password=agile got #1617626596
|   ( ok )  servDataSource.authpermissions
[DEBUG] 2020-11-04 13:12:28.672 [main] DaoManager - created dao for class class org.entando.entando.aps.******.init.model.servdb.Permission with reflection
|   ( ok )  servDataSource.authroles
[DEBUG] 2020-11-04 13:12:28.689 [main] DaoManager - created dao for class class org.entando.entando.aps.******.init.model.servdb.Role with reflection
|   ( ok )  servDataSource.authrolepermissions
[DEBUG] 2020-11-04 13:12:28.716 [main] DaoManager - created dao for class class org.entando.entando.aps.******.init.model.servdb.RolePermissionReference with reflection
[DEBUG] 2020-11-04 13:12:28.777 [main] StatementE**cutor - running raw e**cute statement: ALTER TABLE authrolepermissions ADD CONSTRAINT authrolepermissions_perm_fkey FOREIGN KEY (permissionname) REFERENCES authpermissions (permissionname)
[DEBUG] 2020-11-04 13:12:28.811 [main] StatementE**cutor - running raw e**cute statement: ALTER TABLE authrolepermissions ADD CONSTRAINT authrolepermissions_role_fkey FOREIGN KEY (rolename) REFERENCES authroles (rolename)
|   ( ok )  servDataSource.authusers
[DEBUG] 2020-11-04 13:12:28.840 [main] DaoManager - created dao for class class org.entando.entando.aps.******.init.model.servdb.User with reflection
|   ( ok )  servDataSource.authusergrouprole
[DEBUG] 2020-11-04 13:12:28.869 [main] DaoManager - created dao for class class org.entando.entando.aps.******.init.model.servdb.UserGroupRoleReference with reflection
[DEBUG] 2020-11-04 13:12:28.903 [main] StatementE**cutor - running raw e**cute statement: ALTER TABLE authusergrouprole ADD CONSTRAINT authusergrouprole_grn_fkey FOREIGN KEY (groupname) REFERENCES authgroups (groupname)
[DEBUG] 2020-11-04 13:12:28.937 [main] StatementE**cutor - running raw e**cute statement: ALTER TABLE authusergrouprole ADD CONSTRAINT authusergrouprole_rln_fkey FOREIGN KEY (rolename) REFERENCES authroles (rolename)
|   ( ok )  servDataSource.api_oauth_consumers
[DEBUG] 2020-11-04 13:12:28.956 [main] DaoManager - created dao for class class org.entando.entando.aps.******.init.model.servdb.ApiOAuthConsumer with reflection
|   ( ok )  servDataSource.api_oauth_tokens
[DEBUG] 2020-11-04 13:12:28.979 [main] DaoManager - created dao for class class org.entando.entando.aps.******.init.model.servdb.ApiOAuthToken with reflection
|   ( ok )  servDataSource.apicatalog_methods
[DEBUG] 2020-11-04 13:12:28.994 [main] DaoManager - created dao for class class org.entando.entando.aps.******.init.model.servdb.ApiCatalogMethod with reflection
[DEBUG] 2020-11-04 13:12:29.014 [main] StatementE**cutor - running raw e**cute statement: ALTER TABLE apicatalog_methods ADD CONSTRAINT apicatalog_methods_pkey PRIMARY KEY(resourcecode , httpmethod)
[DEBUG] 2020-11-04 13:12:29.034 [main] StatementE**cutor - running raw e**cute statement: ALTER TABLE apicatalog_methods ADD CONSTRAINT apicatalog_methods_auth_fkey FOREIGN KEY (authorizationrequired) REFERENCES authpermissions (permissionname)
|   ( ok )  servDataSource.apicatalog_services
[DEBUG] 2020-11-04 13:12:29.059 [main] DaoManager - created dao for class class org.entando.entando.aps.******.init.model.servdb.ApiCatalogService with reflection
[DEBUG] 2020-11-04 13:12:29.086 [main] StatementE**cutor - running raw e**cute statement: ALTER TABLE apicatalog_services ADD CONSTRAINT apicatalog_services_gr_fkey FOREIGN KEY (requiredgroup) REFERENCES authgroups (groupname)
[DEBUG] 2020-11-04 13:12:29.109 [main] StatementE**cutor - running raw e**cute statement: ALTER TABLE apicatalog_services ADD CONSTRAINT apicatalog_services_perm_fkey FOREIGN KEY (requiredpermission) REFERENCES authpermissions (permissionname)
|   ( ok )  servDataSource.authuserprofiles
[DEBUG] 2020-11-04 13:12:29.134 [main] DaoManager - created dao for class class org.entando.entando.aps.******.init.model.servdb.UserProfile with reflection
|   ( ok )  servDataSource.authuserprofilesearch
[DEBUG] 2020-11-04 13:12:29.176 [main] DaoManager - created dao for class class org.entando.entando.aps.******.init.model.servdb.UserProfileSearch with reflection
[DEBUG] 2020-11-04 13:12:29.234 [main] StatementE**cutor - running raw e**cute statement: ALTER TABLE authuserprofilesearch ADD CONSTRAINT authuserprofilesearch_fkey FOREIGN KEY (username) REFERENCES authuserprofiles (username)
|   ( ok )  servDataSource.authuserprofileattrroles
[DEBUG] 2020-11-04 13:12:29.242 [main] DaoManager - created dao for class class org.entando.entando.aps.******.init.model.servdb.UserProfileAttributeRole with reflection
[DEBUG] 2020-11-04 13:12:29.310 [main] StatementE**cutor - running raw e**cute statement: ALTER TABLE authuserprofileattrroles ADD CONSTRAINT authuserprofileattrroles_fkey FOREIGN KEY (username) REFERENCES authuserprofiles (username)
|   ( ok )  servDataSource.actionlogrecords
[DEBUG] 2020-11-04 13:12:29.321 [main] DaoManager - created dao for class class org.entando.entando.aps.******.init.model.servdb.ActionLogRecord with reflection
|   ( ok )  servDataSource.actionlogrelations
[DEBUG] 2020-11-04 13:12:29.383 [main] DaoManager - created dao for class class org.entando.entando.aps.******.init.model.servdb.ActionLogRecordRelation with reflection
[DEBUG] 2020-11-04 13:12:29.438 [main] StatementE**cutor - running raw e**cute statement: ALTER TABLE actionlogrelations ADD CONSTRAINT actionlogrelations_recid_fkey FOREIGN KEY (recordid) REFERENCES actionlogrecords (id)
|   ( ok )  servDataSource.actionloglikerecords
[DEBUG] 2020-11-04 13:12:29.446 [main] DaoManager - created dao for class class org.entando.entando.aps.******.init.model.servdb.ActionLogLikeRecord with reflection
[DEBUG] 2020-11-04 13:12:29.464 [main] StatementE**cutor - running raw e**cute statement: ALTER TABLE actionloglikerecords ADD CONSTRAINT actionloglikerec_recid_fkey FOREIGN KEY (recordid) REFERENCES actionlogrecords (id)
|   ( ok )  servDataSource.actionlogcommentrecords
[DEBUG] 2020-11-04 13:12:29.479 [main] DaoManager - created dao for class class org.entando.entando.aps.******.init.model.servdb.ActionLogCommentRecord with reflection
[DEBUG] 2020-11-04 13:12:29.502 [main] StatementE**cutor - running raw e**cute statement: ALTER TABLE actionlogcommentrecords ADD CONSTRAINT actionlogcommentrec_recid_fkey FOREIGN KEY (recordid) REFERENCES actionlogrecords (id)
|   ( ok )  servDataSource.dataobjectmodels
[DEBUG] 2020-11-04 13:12:29.519 [main] DaoManager - created dao for class class org.entando.entando.aps.******.init.model.servdb.DataObjectModel with reflection
|   ( ok )  servDataSource.dataobjects
[DEBUG] 2020-11-04 13:12:29.555 [main] DaoManager - created dao for class class org.entando.entando.aps.******.init.model.servdb.DataObject with reflection
|   ( ok )  servDataSource.dataobjectrelations
[DEBUG] 2020-11-04 13:12:2***22 [main] DaoManager - created dao for class class org.entando.entando.aps.******.init.model.servdb.DataObjectRelation with reflection
|   ( ok )  servDataSource.dataobjectsearch
[DEBUG] 2020-11-04 13:12:2***72 [main] DaoManager - created dao for class class org.entando.entando.aps.******.init.model.servdb.DataObjectSearch with reflection
[DEBUG] 2020-11-04 13:12:29.719 [main] StatementE**cutor - running raw e**cute statement: ALTER TABLE dataobjectsearch ADD CONSTRAINT dataobjectsearch_contid_fkey FOREIGN KEY (dataid) REFERENCES dataobjects (dataid)
|   ( ok )  servDataSource.dataobjectattributeroles
[DEBUG] 2020-11-04 13:12:29.735 [main] DaoManager - created dao for class class org.entando.entando.aps.******.init.model.servdb.DataObjectAttributeRole with reflection
[DEBUG] 2020-11-04 13:12:29.803 [main] StatementE**cutor - running raw e**cute statement: ALTER TABLE dataobjectattributeroles ADD CONSTRAINT contentattrroles_contid_fkey FOREIGN KEY (dataid) REFERENCES dataobjects (dataid)
[DEBUG] 2020-11-04 13:12:29.817 [main] JdbcConnectionSource - closed connection #1617626596
|   
|   Installation complete
|   
+ [ Component: Core ] :: DATA
|   
|   Starting installation
|   
|   ( ok )  portDataSource
|   ( ok )  servDataSource
|   
|   Installation complete
|   
+ [ Component: Core ] :: SCHEMA
|   
|   ( ok )  Already installed
|   
+ [ Component: Core ] :: DATA
|   
|   ( ok )  Already installed. OK
|   
[DEBUG] 2020-11-04 13:12:46.918 [main] BooleanConverter - Setting default value: *****
[DEBUG] 2020-11-04 13:12:46.918 [main] BooleanConverter - Converting 'Boolean' value '*****' to type 'Boolean'
[DEBUG] 2020-11-04 13:12:46.919 [main] BooleanConverter -     No conversion required, value is already a Boolean
[DEBUG] 2020-11-04 13:12:46.922 [main] ByteConverter - Setting default value: 0
[DEBUG] 2020-11-04 13:12:46.922 [main] ByteConverter - Converting 'Integer' value '0' to type 'Byte'
[DEBUG] 2020-11-04 13:12:46.923 [main] ByteConverter -     Converted to Byte value '0'
[DEBUG] 2020-11-04 13:12:46.923 [main] CharacterConverter - Setting default value:  
[DEBUG] 2020-11-04 13:12:46.924 [main] CharacterConverter - Converting 'Character' value ' ' to type 'Character'
[DEBUG] 2020-11-04 13:12:46.924 [main] CharacterConverter -     No conversion required, value is already a Character
[DEBUG] 2020-11-04 13:12:46.924 [main] DoubleConverter - Setting default value: 0
[DEBUG] 2020-11-04 13:12:46.925 [main] DoubleConverter - Converting 'Integer' value '0' to type 'Double'
[DEBUG] 2020-11-04 13:12:46.925 [main] DoubleConverter -     Converted to Double value '0.0'
[DEBUG] 2020-11-04 13:12:46.926 [main] FloatConverter - Setting default value: 0
[DEBUG] 2020-11-04 13:12:46.926 [main] FloatConverter - Converting 'Integer' value '0' to type 'Float'
[DEBUG] 2020-11-04 13:12:46.926 [main] FloatConverter -     Converted to Float value '0.0'
[DEBUG] 2020-11-04 13:12:46.927 [main] IntegerConverter - Setting default value: 0
[DEBUG] 2020-11-04 13:12:46.927 [main] IntegerConverter - Converting 'Integer' value '0' to type 'Integer'
[DEBUG] 2020-11-04 13:12:46.927 [main] IntegerConverter -     No conversion required, value is already a Integer
[DEBUG] 2020-11-04 13:12:46.928 [main] LongConverter - Setting default value: 0
[DEBUG] 2020-11-04 13:12:46.928 [main] LongConverter - Converting 'Integer' value '0' to type 'Long'
[DEBUG] 2020-11-04 13:12:46.928 [main] LongConverter -     Converted to Long value '0'
[DEBUG] 2020-11-04 13:12:46.928 [main] ShortConverter - Setting default value: 0
[DEBUG] 2020-11-04 13:12:46.928 [main] ShortConverter - Converting 'Integer' value '0' to type 'Short'
[DEBUG] 2020-11-04 13:12:46.929 [main] ShortConverter -     Converted to Short value '0'
[DEBUG] 2020-11-04 13:12:46.929 [main] BigDecimalConverter - Setting default value: 0.0
[DEBUG] 2020-11-04 13:12:46.929 [main] BigDecimalConverter - Converting 'BigDecimal' value '0.0' to type 'BigDecimal'
[DEBUG] 2020-11-04 13:12:46.930 [main] BigDecimalConverter -     No conversion required, value is already a BigDecimal
[DEBUG] 2020-11-04 13:12:46.934 [main] BigIntegerConverter - Setting default value: 0
[DEBUG] 2020-11-04 13:12:46.934 [main] BigIntegerConverter - Converting 'BigInteger' value '0' to type 'BigInteger'
[DEBUG] 2020-11-04 13:12:46.934 [main] BigIntegerConverter -     No conversion required, value is already a BigInteger
[DEBUG] 2020-11-04 13:12:46.935 [main] BooleanConverter - Setting default value: *****
[DEBUG] 2020-11-04 13:12:46.935 [main] BooleanConverter - Converting 'Boolean' value '*****' to type 'Boolean'
[DEBUG] 2020-11-04 13:12:46.935 [main] BooleanConverter -     No conversion required, value is already a Boolean
[DEBUG] 2020-11-04 13:12:46.935 [main] ByteConverter - Setting default value: 0
[DEBUG] 2020-11-04 13:12:46.935 [main] ByteConverter - Converting 'Integer' value '0' to type 'Byte'
[DEBUG] 2020-11-04 13:12:46.935 [main] ByteConverter -     Converted to Byte value '0'
[DEBUG] 2020-11-04 13:12:46.935 [main] CharacterConverter - Setting default value:  
[DEBUG] 2020-11-04 13:12:46.935 [main] CharacterConverter - Converting 'Character' value ' ' to type 'Character'
[DEBUG] 2020-11-04 13:12:46.935 [main] CharacterConverter -     No conversion required, value is already a Character
[DEBUG] 2020-11-04 13:12:46.935 [main] DoubleConverter - Setting default value: 0
[DEBUG] 2020-11-04 13:12:46.935 [main] DoubleConverter - Converting 'Integer' value '0' to type 'Double'
[DEBUG] 2020-11-04 13:12:46.936 [main] DoubleConverter -     Converted to Double value '0.0'
[DEBUG] 2020-11-04 13:12:46.936 [main] FloatConverter - Setting default value: 0
[DEBUG] 2020-11-04 13:12:46.936 [main] FloatConverter - Converting 'Integer' value '0' to type 'Float'
[DEBUG] 2020-11-04 13:12:46.936 [main] FloatConverter -     Converted to Float value '0.0'
[DEBUG] 2020-11-04 13:12:46.936 [main] IntegerConverter - Setting default value: 0
[DEBUG] 2020-11-04 13:12:46.936 [main] IntegerConverter - Converting 'Integer' value '0' to type 'Integer'
[DEBUG] 2020-11-04 13:12:46.936 [main] IntegerConverter -     No conversion required, value is already a Integer
[DEBUG] 2020-11-04 13:12:46.936 [main] LongConverter - Setting default value: 0
[DEBUG] 2020-11-04 13:12:46.936 [main] LongConverter - Converting 'Integer' value '0' to type 'Long'
[DEBUG] 2020-11-04 13:12:46.937 [main] LongConverter -     Converted to Long value '0'
[DEBUG] 2020-11-04 13:12:46.937 [main] ShortConverter - Setting default value: 0
[DEBUG] 2020-11-04 13:12:46.937 [main] ShortConverter - Converting 'Integer' value '0' to type 'Short'
[DEBUG] 2020-11-04 13:12:46.937 [main] ShortConverter -     Converted to Short value '0'
[DEBUG] 2020-11-04 13:12:46.938 [main] StringConverter - Setting default value: 
[DEBUG] 2020-11-04 13:12:46.938 [main] StringConverter - Converting 'String' value '' to type 'String'
[DEBUG] 2020-11-04 13:12:46.945 [main] ArrayConverter - Setting default value: [Z@6b6dcb1e
[DEBUG] 2020-11-04 13:12:46.946 [main] ArrayConverter - Converting 'boolean[]' value '[Z@6b6dcb1e' to type 'boolean[]'
[DEBUG] 2020-11-04 13:12:46.946 [main] ArrayConverter -     No conversion required, value is already a boolean[]
[DEBUG] 2020-11-04 13:12:46.946 [main] ArrayConverter - Setting default value: [B@1454c5c5
[DEBUG] 2020-11-04 13:12:46.947 [main] ArrayConverter - Converting 'byte[]' value '[B@1454c5c5' to type 'byte[]'
[DEBUG] 2020-11-04 13:12:46.947 [main] ArrayConverter -     No conversion required, value is already a byte[]
[DEBUG] 2020-11-04 13:12:46.947 [main] ArrayConverter - Setting default value: [C@165bf91a
[DEBUG] 2020-11-04 13:12:46.947 [main] ArrayConverter - Converting 'char[]' value '[C@165bf91a' to type 'char[]'
[DEBUG] 2020-11-04 13:12:46.947 [main] ArrayConverter -     No conversion required, value is already a char[]
[DEBUG] 2020-11-04 13:12:46.947 [main] ArrayConverter - Setting default value: [D@4dc28b93
[DEBUG] 2020-11-04 13:12:46.948 [main] ArrayConverter - Converting 'double[]' value '[D@4dc28b93' to type 'double[]'
[DEBUG] 2020-11-04 13:12:46.948 [main] ArrayConverter -     No conversion required, value is already a double[]
[DEBUG] 2020-11-04 13:12:46.948 [main] ArrayConverter - Setting default value: [F@48729c0e
[DEBUG] 2020-11-04 13:12:46.948 [main] ArrayConverter - Converting 'float[]' value '[F@48729c0e' to type 'float[]'
[DEBUG] 2020-11-04 13:12:46.948 [main] ArrayConverter -     No conversion required, value is already a float[]
[DEBUG] 2020-11-04 13:12:46.948 [main] ArrayConverter - Setting default value: [I@7aba0228
[DEBUG] 2020-11-04 13:12:46.948 [main] ArrayConverter - Converting 'int[]' value '[I@7aba0228' to type 'int[]'
[DEBUG] 2020-11-04 13:12:46.948 [main] ArrayConverter -     No conversion required, value is already a int[]
[DEBUG] 2020-11-04 13:12:46.949 [main] ArrayConverter - Setting default value: [J@3360a74c
[DEBUG] 2020-11-04 13:12:46.949 [main] ArrayConverter - Converting 'long[]' value '[J@3360a74c' to type 'long[]'
[DEBUG] 2020-11-04 13:12:46.949 [main] ArrayConverter -     No conversion required, value is already a long[]
[DEBUG] 2020-11-04 13:12:46.949 [main] ArrayConverter - Setting default value: [S@6a273ca0
[DEBUG] 2020-11-04 13:12:46.949 [main] ArrayConverter - Converting 'short[]' value '[S@6a273ca0' to type 'short[]'
[DEBUG] 2020-11-04 13:12:46.949 [main] ArrayConverter -     No conversion required, value is already a short[]
[DEBUG] 2020-11-04 13:12:46.949 [main] ArrayConverter - Setting default value: [Ljava.math.BigDecimal;@36694f06
[DEBUG] 2020-11-04 13:12:46.949 [main] ArrayConverter - Converting 'BigDecimal[]' value '[Ljava.math.BigDecimal;@36694f06' to type 'BigDecimal[]'
[DEBUG] 2020-11-04 13:12:46.949 [main] ArrayConverter -     No conversion required, value is already a BigDecimal[]
[DEBUG] 2020-11-04 13:12:46.949 [main] ArrayConverter - Setting default value: [Ljava.math.BigInteger;@2a043eb7
[DEBUG] 2020-11-04 13:12:46.950 [main] ArrayConverter - Converting 'BigInteger[]' value '[Ljava.math.BigInteger;@2a043eb7' to type 'BigInteger[]'
[DEBUG] 2020-11-04 13:12:46.950 [main] ArrayConverter -     No conversion required, value is already a BigInteger[]
[DEBUG] 2020-11-04 13:12:46.950 [main] ArrayConverter - Setting default value: [Ljava.lang.Boolean;@578a420
[DEBUG] 2020-11-04 13:12:46.950 [main] ArrayConverter - Converting 'Boolean[]' value '[Ljava.lang.Boolean;@578a420' to type 'Boolean[]'
[DEBUG] 2020-11-04 13:12:46.950 [main] ArrayConverter -     No conversion required, value is already a Boolean[]
[DEBUG] 2020-11-04 13:12:46.950 [main] ArrayConverter - Setting default value: [Ljava.lang.Byte;@57361d3e
[DEBUG] 2020-11-04 13:12:46.950 [main] ArrayConverter - Converting 'Byte[]' value '[Ljava.lang.Byte;@57361d3e' to type 'Byte[]'
[DEBUG] 2020-11-04 13:12:46.950 [main] ArrayConverter -     No conversion required, value is already a Byte[]
[DEBUG] 2020-11-04 13:12:46.950 [main] ArrayConverter - Setting default value: [Ljava.lang.Character;@4046d9a1
[DEBUG] 2020-11-04 13:12:46.950 [main] ArrayConverter - Converting 'Character[]' value '[Ljava.lang.Character;@4046d9a1' to type 'Character[]'
[DEBUG] 2020-11-04 13:12:46.950 [main] ArrayConverter -     No conversion required, value is already a Character[]
[DEBUG] 2020-11-04 13:12:46.951 [main] ArrayConverter - Setting default value: [Ljava.lang.Double;@1881fdca
[DEBUG] 2020-11-04 13:12:46.951 [main] ArrayConverter - Converting 'Double[]' value '[Ljava.lang.Double;@1881fdca' to type 'Double[]'
[DEBUG] 2020-11-04 13:12:46.951 [main] ArrayConverter -     No conversion required, value is already a Double[]
[DEBUG] 2020-11-04 13:12:46.951 [main] ArrayConverter - Setting default value: [Ljava.lang.Float;@177b12e0
[DEBUG] 2020-11-04 13:12:46.951 [main] ArrayConverter - Converting 'Float[]' value '[Ljava.lang.Float;@177b12e0' to type 'Float[]'
[DEBUG] 2020-11-04 13:12:46.951 [main] ArrayConverter -     No conversion required, value is already a Float[]
[DEBUG] 2020-11-04 13:12:46.951 [main] ArrayConverter - Setting default value: [Ljava.lang.Integer;@310c48e8
[DEBUG] 2020-11-04 13:12:46.951 [main] ArrayConverter - Converting 'Integer[]' value '[Ljava.lang.Integer;@310c48e8' to type 'Integer[]'
[DEBUG] 2020-11-04 13:12:46.951 [main] ArrayConverter -     No conversion required, value is already a Integer[]
[DEBUG] 2020-11-04 13:12:46.951 [main] ArrayConverter - Setting default value: [Ljava.lang.Long;@2ddf5b00
[DEBUG] 2020-11-04 13:12:46.951 [main] ArrayConverter - Converting 'Long[]' value '[Ljava.lang.Long;@2ddf5b00' to type 'Long[]'
[DEBUG] 2020-11-04 13:12:46.952 [main] ArrayConverter -     No conversion required, value is already a Long[]
[DEBUG] 2020-11-04 13:12:46.952 [main] ArrayConverter - Setting default value: [Ljava.lang.Short;@7cc30867
[DEBUG] 2020-11-04 13:12:46.952 [main] ArrayConverter - Converting 'Short[]' value '[Ljava.lang.Short;@7cc30867' to type 'Short[]'
[DEBUG] 2020-11-04 13:12:46.952 [main] ArrayConverter -     No conversion required, value is already a Short[]
[DEBUG] 2020-11-04 13:12:46.952 [main] ArrayConverter - Setting default value: [Ljava.lang.String;@2c25b426
[DEBUG] 2020-11-04 13:12:46.952 [main] ArrayConverter - Converting 'String[]' value '[Ljava.lang.String;@2c25b426' to type 'String[]'
[DEBUG] 2020-11-04 13:12:46.952 [main] ArrayConverter -     No conversion required, value is already a String[]
[DEBUG] 2020-11-04 13:12:46.952 [main] ArrayConverter - Setting default value: [Ljava.lang.Class;@59f827f0
[DEBUG] 2020-11-04 13:12:46.952 [main] ArrayConverter - Converting 'Class[]' value '[Ljava.lang.Class;@59f827f0' to type 'Class[]'
[DEBUG] 2020-11-04 13:12:46.952 [main] ArrayConverter -     No conversion required, value is already a Class[]
[DEBUG] 2020-11-04 13:12:46.953 [main] ArrayConverter - Setting default value: [Ljava.util.Date;@3d1c9c98
[DEBUG] 2020-11-04 13:12:46.953 [main] ArrayConverter - Converting 'Date[]' value '[Ljava.util.Date;@3d1c9c98' to type 'Date[]'
[DEBUG] 2020-11-04 13:12:46.953 [main] ArrayConverter -     No conversion required, value is already a Date[]
[DEBUG] 2020-11-04 13:12:46.953 [main] ArrayConverter - Setting default value: [Ljava.util.Calendar;@6800b4c5
[DEBUG] 2020-11-04 13:12:46.953 [main] ArrayConverter - Converting 'Calendar[]' value '[Ljava.util.Calendar;@6800b4c5' to type 'Calendar[]'
[DEBUG] 2020-11-04 13:12:46.953 [main] ArrayConverter -     No conversion required, value is already a Calendar[]
[DEBUG] 2020-11-04 13:12:46.953 [main] ArrayConverter - Setting default value: [Ljava.io.File;@297e635d
[DEBUG] 2020-11-04 13:12:46.954 [main] ArrayConverter - Converting 'java.io.File[]' value '[Ljava.io.File;@297e635d' to type 'java.io.File[]'
[DEBUG] 2020-11-04 13:12:46.954 [main] ArrayConverter -     No conversion required, value is already a java.io.File[]
[DEBUG] 2020-11-04 13:12:46.954 [main] ArrayConverter - Setting default value: [Ljava.sql.Date;@3e9fc3
[DEBUG] 2020-11-04 13:12:46.954 [main] ArrayConverter - Converting 'java.sql.Date[]' value '[Ljava.sql.Date;@3e9fc3' to type 'java.sql.Date[]'
[DEBUG] 2020-11-04 13:12:46.954 [main] ArrayConverter -     No conversion required, value is already a java.sql.Date[]
[DEBUG] 2020-11-04 13:12:46.954 [main] ArrayConverter - Setting default value: [Ljava.sql.Time;@549d2b0d
[DEBUG] 2020-11-04 13:12:46.954 [main] ArrayConverter - Converting 'java.sql.Time[]' value '[Ljava.sql.Time;@549d2b0d' to type 'java.sql.Time[]'
[DEBUG] 2020-11-04 13:12:46.954 [main] ArrayConverter -     No conversion required, value is already a java.sql.Time[]
[DEBUG] 2020-11-04 13:12:46.954 [main] ArrayConverter - Setting default value: [Ljava.sql.Timestamp;@60dd486b
[DEBUG] 2020-11-04 13:12:46.955 [main] ArrayConverter - Converting 'java.sql.Timestamp[]' value '[Ljava.sql.Timestamp;@60dd486b' to type 'java.sql.Timestamp[]'
[DEBUG] 2020-11-04 13:12:46.955 [main] ArrayConverter -     No conversion required, value is already a java.sql.Timestamp[]
[DEBUG] 2020-11-04 13:12:46.955 [main] ArrayConverter - Setting default value: [Ljava.net.URL;@4d3efa84
[DEBUG] 2020-11-04 13:12:46.955 [main] ArrayConverter - Converting 'java.net.URL[]' value '[Ljava.net.URL;@4d3efa84' to type 'java.net.URL[]'
[DEBUG] 2020-11-04 13:12:46.955 [main] ArrayConverter -     No conversion required, value is already a java.net.URL[]
+ [ Component: Core ] :: SCHEMA
|   
|   ( ok )  Already installed
|   
+ [ Component: Core ] :: DATA
|   
|   ( ok )  Already installed. OK
|   
+ [ Component: Core ] :: SCHEMA
|   
|   ( ok )  Already installed
|   
+ [ Component: Core ] :: DATA
|   
|   ( ok )  Already installed. OK
|   
[INFO] Tests run: 2, Failures: 0, Errors: 0, Skipped: 0, Time elapsed: 37.364 s - in com.agiletec.aps.******.common.entity.TestEntityManager
[INFO] Running org.entando.entando.aps.******.services.api.ApiCatalogManagerIntegrationTest
+ [ Component: Core ] :: SCHEMA
|   
|   ( ok )  Already installed
|   
+ [ Component: Core ] :: DATA
|   
|   ( ok )  Already installed. OK
|   
+ [ Component: Core ] :: SCHEMA
|   
|   ( ok )  Already installed
|   
+ [ Component: Core ] :: DATA
|   
|   ( ok )  Already installed. OK
|   
+ [ Component: Core ] :: SCHEMA
|   
|   ( ok )  Already installed
|   
+ [ Component: Core ] :: DATA
|   
|   ( ok )  Already installed. OK
|   
+ [ Component: Core ] :: SCHEMA
|   
|   ( ok )  Already installed
|   
+ [ Component: Core ] :: DATA
|   
|   ( ok )  Already installed. OK
|   
+ [ Component: Core ] :: SCHEMA
|   
|   ( ok )  Already installed
|   
+ [ Component: Core ] :: DATA
|   
|   ( ok )  Already installed. OK
|   
+ [ Component: Core ] :: SCHEMA
|   
|   ( ok )  Already installed
|   
+ [ Component: Core ] :: DATA
|   
|   ( ok )  Already installed. OK
|   
+ [ Component: Core ] :: SCHEMA
|   
|   ( ok )  Already installed
|   
+ [ Component: Core ] :: DATA
|   
|   ( ok )  Already installed. OK
|   
+ [ Component: Core ] :: SCHEMA
|   
|   ( ok )  Already installed
|   
+ [ Component: Core ] :: DATA
|   
|   ( ok )  Already installed. OK
|   
[INFO] Tests run: 4, Failures: 0, Errors: 0, Skipped: 0, Time elapsed: 33.815 s - in org.entando.entando.aps.******.services.api.ApiCatalogManagerIntegrationTest
[INFO] Running org.entando.entando.aps.******.services.api.ApiCatalogManagerTest
[INFO] Tests run: 5, Failures: 0, Errors: 0, Skipped: 0, Time elapsed: 0.433 s - in org.entando.entando.aps.******.services.api.ApiCatalogManagerTest
[INFO] Running com.agiletec.aps.******.services.authorization.TestAuthorizationManager
+ [ Component: Core ] :: SCHEMA
|   
|   ( ok )  Already installed
|   
+ [ Component: Core ] :: DATA
|   
|   ( ok )  Already installed. OK
|   
+ [ Component: Core ] :: SCHEMA
|   
|   ( ok )  Already installed
|   
+ [ Component: Core ] :: DATA
|   
|   ( ok )  Already installed. OK
|   
+ [ Component: Core ] :: SCHEMA
|   
|   ( ok )  Already installed
|   
+ [ Component: Core ] :: DATA
|   
|   ( ok )  Already installed. OK
|   
+ [ Component: Core ] :: SCHEMA
|   
|   ( ok )  Already installed
|   
+ [ Component: Core ] :: DATA
|   
|   ( ok )  Already installed. OK
|   
+ [ Component: Core ] :: SCHEMA
|   
|   ( ok )  Already installed
|   
+ [ Component: Core ] :: DATA
|   
|   ( ok )  Already installed. OK
|   
+ [ Component: Core ] :: SCHEMA
|   
|   ( ok )  Already installed
|   
+ [ Component: Core ] :: DATA
|   
|   ( ok )  Already installed. OK
|   
+ [ Component: Core ] :: SCHEMA
|   
|   ( ok )  Already installed
|   
+ [ Component: Core ] :: DATA
|   
|   ( ok )  Already installed. OK
|   
+ [ Component: Core ] :: SCHEMA
|   
|   ( ok )  Already installed
|   
+ [ Component: Core ] :: DATA
|   
|   ( ok )  Already installed. OK
|   
+ [ Component: Core ] :: SCHEMA
|   
|   ( ok )  Already installed
|   
+ [ Component: Core ] :: DATA
|   
|   ( ok )  Already installed. OK
|   
+ [ Component: Core ] :: SCHEMA
|   
|   ( ok )  Already installed
|   
+ [ Component: Core ] :: DATA
|   
|   ( ok )  Already installed. OK
|   
+ [ Component: Core ] :: SCHEMA
|   
|   ( ok )  Already installed
|   
+ [ Component: Core ] :: DATA
|   
|   ( ok )  Already installed. OK
|   
+ [ Component: Core ] :: SCHEMA
|   
|   ( ok )  Already installed
|   
+ [ Component: Core ] :: DATA
|   
|   ( ok )  Already installed. OK
|   
+ [ Component: Core ] :: SCHEMA
|   
|   ( ok )  Already installed
|   
+ [ Component: Core ] :: DATA
|   
|   ( ok )  Already installed. OK
|   
+ [ Component: Core ] :: SCHEMA
|   
|   ( ok )  Already installed
|   
+ [ Component: Core ] :: DATA
|   
|   ( ok )  Already installed. OK
|   
+ [ Component: Core ] :: SCHEMA
|   
|   ( ok )  Already installed
|   
+ [ Component: Core ] :: DATA
|   
|   ( ok )  Already installed. OK
|   
+ [ Component: Core ] :: SCHEMA
|   
|   ( ok )  Already installed
|   
+ [ Component: Core ] :: DATA
|   
|   ( ok )  Already installed. OK
|   
+ [ Component: Core ] :: SCHEMA
|   
|   ( ok )  Already installed
|   
+ [ Component: Core ] :: DATA
|   
|   ( ok )  Already installed. OK
|   
+ [ Component: Core ] :: SCHEMA
|   
|   ( ok )  Already installed
|   
+ [ Component: Core ] :: DATA
|   
|   ( ok )  Already installed. OK
|   
+ [ Component: Core ] :: SCHEMA
|   
|   ( ok )  Already installed
|   
+ [ Component: Core ] :: DATA
|   
|   ( ok )  Already installed. OK
|   
+ [ Component: Core ] :: SCHEMA
|   
|   ( ok )  Already installed
|   
+ [ Component: Core ] :: DATA
|   
|   ( ok )  Already installed. OK
|   
+ [ Component: Core ] :: SCHEMA
|   
|   ( ok )  Already installed
|   
+ [ Component: Core ] :: DATA
|   
|   ( ok )  Already installed. OK
|   
+ [ Component: Core ] :: SCHEMA
|   
|   ( ok )  Already installed
|   
+ [ Component: Core ] :: DATA
|   
|   ( ok )  Already installed. OK
|   
+ [ Component: Core ] :: SCHEMA
|   
|   ( ok )  Already installed
|   
+ [ Component: Core ] :: DATA
|   
|   ( ok )  Already installed. OK
|   
+ [ Component: Core ] :: SCHEMA
|   
|   ( ok )  Already installed
|   
+ [ Component: Core ] :: DATA
|   
|   ( ok )  Already installed. OK
|   
+ [ Component: Core ] :: SCHEMA
|   
|   ( ok )  Already installed
|   
+ [ Component: Core ] :: DATA
|   
|   ( ok )  Already installed. OK
|   
+ [ Component: Core ] :: SCHEMA
|   
|   ( ok )  Already installed
|   
+ [ Component: Core ] :: DATA
|   
|   ( ok )  Already installed. OK
|   
+ [ Component: Core ] :: SCHEMA
|   
|   ( ok )  Already installed
|   
+ [ Component: Core ] :: DATA
|   
|   ( ok )  Already installed. OK
|   
+ [ Component: Core ] :: SCHEMA
|   
|   ( ok )  Already installed
|   
+ [ Component: Core ] :: DATA
|   
|   ( ok )  Already installed. OK
|   
+ [ Component: Core ] :: SCHEMA
|   
|   ( ok )  Already installed
|   
+ [ Component: Core ] :: DATA
|   
|   ( ok )  Already installed. OK
|   
+ [ Component: Core ] :: SCHEMA
|   
|   ( ok )  Already installed
|   
+ [ Component: Core ] :: DATA
|   
|   ( ok )  Already installed. OK
|   
[INFO] Tests run: 15, Failures: 0, Errors: 0, Skipped: 0, Time elapsed: 123.916 s - in com.agiletec.aps.******.services.authorization.TestAuthorizationManager
[INFO] Running com.agiletec.aps.******.services.authorization.TestAuthorityManager
+ [ Component: Core ] :: SCHEMA
|   
|   ( ok )  Already installed
|   
+ [ Component: Core ] :: DATA
|   
|   ( ok )  Already installed. OK
|   
+ [ Component: Core ] :: SCHEMA
|   
|   ( ok )  Already installed
|   
+ [ Component: Core ] :: DATA
|   
|   ( ok )  Already installed. OK
|   
+ [ Component: Core ] :: SCHEMA
|   
|   ( ok )  Already installed
|   
+ [ Component: Core ] :: DATA
|   
|   ( ok )  Already installed. OK
|   
+ [ Component: Core ] :: SCHEMA
|   
|   ( ok )  Already installed
|   
+ [ Component: Core ] :: DATA
|   
|   ( ok )  Already installed. OK
|   
+ [ Component: Core ] :: SCHEMA
|   
|   ( ok )  Already installed
|   
+ [ Component: Core ] :: DATA
|   
|   ( ok )  Already installed. OK
|   
+ [ Component: Core ] :: SCHEMA
|   
|   ( ok )  Already installed
|   
+ [ Component: Core ] :: DATA
|   
|   ( ok )  Already installed. OK
|   
+ [ Component: Core ] :: SCHEMA
|   
|   ( ok )  Already installed
|   
+ [ Component: Core ] :: DATA
|   
|   ( ok )  Already installed. OK
|   
+ [ Component: Core ] :: SCHEMA
|   
|   ( ok )  Already installed
|   
+ [ Component: Core ] :: DATA
|   
|   ( ok )  Already installed. OK
|   
+ [ Component: Core ] :: SCHEMA
|   
|   ( ok )  Already installed
|   
+ [ Component: Core ] :: DATA
|   
|   ( ok )  Already installed. OK
|   
+ [ Component: Core ] :: SCHEMA
|   
|   ( ok )  Already installed
|   
+ [ Component: Core ] :: DATA
|   
|   ( ok )  Already installed. OK
|   
+ [ Component: Core ] :: SCHEMA
|   
|   ( ok )  Already installed
|   
+ [ Component: Core ] :: DATA
|   
|   ( ok )  Already installed. OK
|   
+ [ Component: Core ] :: SCHEMA
|   
|   ( ok )  Already installed
|   
+ [ Component: Core ] :: DATA
|   
|   ( ok )  Already installed. OK
|   
+ [ Component: Core ] :: SCHEMA
|   
|   ( ok )  Already installed
|   
+ [ Component: Core ] :: DATA
|   
|   ( ok )  Already installed. OK
|   
+ [ Component: Core ] :: SCHEMA
|   
|   ( ok )  Already installed
|   
+ [ Component: Core ] :: DATA
|   
|   ( ok )  Already installed. OK
|   
[INFO] Tests run: 7, Failures: 0, Errors: 0, Skipped: 0, Time elapsed: 58.06 s - in com.agiletec.aps.******.services.authorization.TestAuthorityManager
[INFO] Running com.agiletec.aps.******.services.baseconfig.TestBaseConfigService
+ [ Component: Core ] :: SCHEMA
|   
|   ( ok )  Already installed
|   
+ [ Component: Core ] :: DATA
|   
|   ( ok )  Already installed. OK
|   
+ [ Component: Core ] :: SCHEMA
|   
|   ( ok )  Already installed
|   
+ [ Component: Core ] :: DATA
|   
|   ( ok )  Already installed. OK
|   
+ [ Component: Core ] :: SCHEMA
|   
|   ( ok )  Already installed
|   
+ [ Component: Core ] :: DATA
|   
|   ( ok )  Already installed. OK
|   
+ [ Component: Core ] :: SCHEMA
|   
|   ( ok )  Already installed
|   
+ [ Component: Core ] :: DATA
|   
|   ( ok )  Already installed. OK
|   
+ [ Component: Core ] :: SCHEMA
|   
|   ( ok )  Already installed
|   
+ [ Component: Core ] :: DATA
|   
|   ( ok )  Already installed. OK
|   
+ [ Component: Core ] :: SCHEMA
|   
|   ( ok )  Already installed
|   
+ [ Component: Core ] :: DATA
|   
|   ( ok )  Already installed. OK
|   
+ [ Component: Core ] :: SCHEMA
|   
|   ( ok )  Already installed
|   
+ [ Component: Core ] :: DATA
|   
|   ( ok )  Already installed. OK
|   
+ [ Component: Core ] :: SCHEMA
|   
|   ( ok )  Already installed
|   
+ [ Component: Core ] :: DATA
|   
|   ( ok )  Already installed. OK
|   
[INFO] Tests run: 4, Failures: 0, Errors: 0, Skipped: 0, Time elapsed: 32.773 s - in com.agiletec.aps.******.services.baseconfig.TestBaseConfigService
[INFO] Running com.agiletec.aps.******.services.baseconfig.TestConfigItemDAO
+ [ Component: Core ] :: SCHEMA
|   
|   ( ok )  Already installed
|   
+ [ Component: Core ] :: DATA
|   
|   ( ok )  Already installed. OK
|   
+ [ Component: Core ] :: SCHEMA
|   
|   ( ok )  Already installed
|   
+ [ Component: Core ] :: DATA
|   
|   ( ok )  Already installed. OK
|   
+ [ Component: Core ] :: SCHEMA
|   
|   ( ok )  Already installed
|   
+ [ Component: Core ] :: DATA
|   
|   ( ok )  Already installed. OK
|   
+ [ Component: Core ] :: SCHEMA
|   
|   ( ok )  Already installed
|   
+ [ Component: Core ] :: DATA
|   
|   ( ok )  Already installed. OK
|   
[INFO] Tests run: 2, Failures: 0, Errors: 0, Skipped: 0, Time elapsed: 15.595 s - in com.agiletec.aps.******.services.baseconfig.TestConfigItemDAO
[INFO] Running org.entando.entando.aps.******.services.cache.CacheInfoManagerIntegrationTest
+ [ Component: Core ] :: SCHEMA
|   
|   ( ok )  Already installed
|   
+ [ Component: Core ] :: DATA
|   
|   ( ok )  Already installed. OK
|   
+ [ Component: Core ] :: SCHEMA
|   
|   ( ok )  Already installed
|   
+ [ Component: Core ] :: DATA
|   
|   ( ok )  Already installed. OK
|   
+ [ Component: Core ] :: SCHEMA
|   
|   ( ok )  Already installed
|   
+ [ Component: Core ] :: DATA
|   
|   ( ok )  Already installed. OK
|   
+ [ Component: Core ] :: SCHEMA
|   
|   ( ok )  Already installed
|   
+ [ Component: Core ] :: DATA
|   
|   ( ok )  Already installed. OK
|   
+ [ Component: Core ] :: SCHEMA
|   
|   ( ok )  Already installed
|   
+ [ Component: Core ] :: DATA
|   
|   ( ok )  Already installed. OK
|   
+ [ Component: Core ] :: SCHEMA
|   
|   ( ok )  Already installed
|   
+ [ Component: Core ] :: DATA
|   
|   ( ok )  Already installed. OK
|   
+ [ Component: Core ] :: SCHEMA
|   
|   ( ok )  Already installed
|   
+ [ Component: Core ] :: DATA
|   
|   ( ok )  Already installed. OK
|   
+ [ Component: Core ] :: SCHEMA
|   
|   ( ok )  Already installed
|   
+ [ Component: Core ] :: DATA
|   
|   ( ok )  Already installed. OK
|   
[INFO] Tests run: 4, Failures: 0, Errors: 0, Skipped: 0, Time elapsed: 34.034 s - in org.entando.entando.aps.******.services.cache.CacheInfoManagerIntegrationTest
[INFO] Running org.entando.entando.aps.******.services.cache.CacheInfoManagerTest
[INFO] Tests run: 14, Failures: 0, Errors: 0, Skipped: 0, Time elapsed: 2.164 s - in org.entando.entando.aps.******.services.cache.CacheInfoManagerTest
[INFO] Running com.agiletec.aps.******.services.category.TestCategoryManager
+ [ Component: Core ] :: SCHEMA
|   
|   ( ok )  Already installed
|   
+ [ Component: Core ] :: DATA
|   
|   ( ok )  Already installed. OK
|   
+ [ Component: Core ] :: SCHEMA
|   
|   ( ok )  Already installed
|   
+ [ Component: Core ] :: DATA
|   
|   ( ok )  Already installed. OK
|   
+ [ Component: Core ] :: SCHEMA
|   
|   ( ok )  Already installed
|   
+ [ Component: Core ] :: DATA
|   
|   ( ok )  Already installed. OK
|   
+ [ Component: Core ] :: SCHEMA
|   
|   ( ok )  Already installed
|   
+ [ Component: Core ] :: DATA
|   
|   ( ok )  Already installed. OK
|   
+ [ Component: Core ] :: SCHEMA
|   
|   ( ok )  Already installed
|   
+ [ Component: Core ] :: DATA
|   
|   ( ok )  Already installed. OK
|   
+ [ Component: Core ] :: SCHEMA
|   
|   ( ok )  Already installed
|   
+ [ Component: Core ] :: DATA
|   
|   ( ok )  Already installed. OK
|   
+ [ Component: Core ] :: SCHEMA
|   
|   ( ok )  Already installed
|   
+ [ Component: Core ] :: DATA
|   
|   ( ok )  Already installed. OK
|   
+ [ Component: Core ] :: SCHEMA
|   
|   ( ok )  Already installed
|   
+ [ Component: Core ] :: DATA
|   
|   ( ok )  Already installed. OK
|   
+ [ Component: Core ] :: SCHEMA
|   
|   ( ok )  Already installed
|   
+ [ Component: Core ] :: DATA
|   
|   ( ok )  Already installed. OK
|   
+ [ Component: Core ] :: SCHEMA
|   
|   ( ok )  Already installed
|   
+ [ Component: Core ] :: DATA
|   
|   ( ok )  Already installed. OK
|   
[INFO] Tests run: 5, Failures: 0, Errors: 0, Skipped: 0, Time elapsed: 41.651 s - in com.agiletec.aps.******.services.category.TestCategoryManager
[INFO] Running com.agiletec.aps.******.services.group.TestGroupManager
+ [ Component: Core ] :: SCHEMA
|   
|   ( ok )  Already installed
|   
+ [ Component: Core ] :: DATA
|   
|   ( ok )  Already installed. OK
|   
+ [ Component: Core ] :: SCHEMA
|   
|   ( ok )  Already installed
|   
+ [ Component: Core ] :: DATA
|   
|   ( ok )  Already installed. OK
|   
+ [ Component: Core ] :: SCHEMA
|   
|   ( ok )  Already installed
|   
+ [ Component: Core ] :: DATA
|   
|   ( ok )  Already installed. OK
|   
+ [ Component: Core ] :: SCHEMA
|   
|   ( ok )  Already installed
|   
+ [ Component: Core ] :: DATA
|   
|   ( ok )  Already installed. OK
|   
+ [ Component: Core ] :: SCHEMA
|   
|   ( ok )  Already installed
|   
+ [ Component: Core ] :: DATA
|   
|   ( ok )  Already installed. OK
|   
+ [ Component: Core ] :: SCHEMA
|   
|   ( ok )  Already installed
|   
+ [ Component: Core ] :: DATA
|   
|   ( ok )  Already installed. OK
|   
+ [ Component: Core ] :: SCHEMA
|   
|   ( ok )  Already installed
|   
+ [ Component: Core ] :: DATA
|   
|   ( ok )  Already installed. OK
|   
+ [ Component: Core ] :: SCHEMA
|   
|   ( ok )  Already installed
|   
+ [ Component: Core ] :: DATA
|   
|   ( ok )  Already installed. OK
|   
+ [ Component: Core ] :: SCHEMA
|   
|   ( ok )  Already installed
|   
+ [ Component: Core ] :: DATA
|   
|   ( ok )  Already installed. OK
|   
+ [ Component: Core ] :: SCHEMA
|   
|   ( ok )  Already installed
|   
+ [ Component: Core ] :: DATA
|   
|   ( ok )  Already installed. OK
|   
[INFO] Tests run: 5, Failures: 0, Errors: 0, Skipped: 0, Time elapsed: 42.402 s - in com.agiletec.aps.******.services.group.TestGroupManager
[INFO] Running com.agiletec.aps.******.services.group.TestGroupUtilizer
+ [ Component: Core ] :: SCHEMA
|   
|   ( ok )  Already installed
|   
+ [ Component: Core ] :: DATA
|   
|   ( ok )  Already installed. OK
|   
+ [ Component: Core ] :: SCHEMA
|   
|   ( ok )  Already installed
|   
+ [ Component: Core ] :: DATA
|   
|   ( ok )  Already installed. OK
|   
+ [ Component: Core ] :: SCHEMA
|   
|   ( ok )  Already installed
|   
+ [ Component: Core ] :: DATA
|   
|   ( ok )  Already installed. OK
|   
+ [ Component: Core ] :: SCHEMA
|   
|   ( ok )  Already installed
|   
+ [ Component: Core ] :: DATA
|   
|   ( ok )  Already installed. OK
|   
[INFO] Tests run: 2, Failures: 0, Errors: 0, Skipped: 0, Time elapsed: 16.509 s - in com.agiletec.aps.******.services.group.TestGroupUtilizer
[INFO] Running com.agiletec.aps.******.services.i18n.I18nManagerIntegrationTest
+ [ Component: Core ] :: SCHEMA
|   
|   ( ok )  Already installed
|   
+ [ Component: Core ] :: DATA
|   
|   ( ok )  Already installed. OK
|   
+ [ Component: Core ] :: SCHEMA
|   
|   ( ok )  Already installed
|   
+ [ Component: Core ] :: DATA
|   
|   ( ok )  Already installed. OK
|   
+ [ Component: Core ] :: SCHEMA
|   
|   ( ok )  Already installed
|   
+ [ Component: Core ] :: DATA
|   
|   ( ok )  Already installed. OK
|   
+ [ Component: Core ] :: SCHEMA
|   
|   ( ok )  Already installed
|   
+ [ Component: Core ] :: DATA
|   
|   ( ok )  Already installed. OK
|   
+ [ Component: Core ] :: SCHEMA
|   
|   ( ok )  Already installed
|   
+ [ Component: Core ] :: DATA
|   
|   ( ok )  Already installed. OK
|   
+ [ Component: Core ] :: SCHEMA
|   
|   ( ok )  Already installed
|   
+ [ Component: Core ] :: DATA
|   
|   ( ok )  Already installed. OK
|   
+ [ Component: Core ] :: SCHEMA
|   
|   ( ok )  Already installed
|   
+ [ Component: Core ] :: DATA
|   
|   ( ok )  Already installed. OK
|   
+ [ Component: Core ] :: SCHEMA
|   
|   ( ok )  Already installed
|   
+ [ Component: Core ] :: DATA
|   
|   ( ok )  Already installed. OK
|   
+ [ Component: Core ] :: SCHEMA
|   
|   ( ok )  Already installed
|   
+ [ Component: Core ] :: DATA
|   
|   ( ok )  Already installed. OK
|   
+ [ Component: Core ] :: SCHEMA
|   
|   ( ok )  Already installed
|   
+ [ Component: Core ] :: DATA
|   
|   ( ok )  Already installed. OK
|   
+ [ Component: Core ] :: SCHEMA
|   
|   ( ok )  Already installed
|   
+ [ Component: Core ] :: DATA
|   
|   ( ok )  Already installed. OK
|   
+ [ Component: Core ] :: SCHEMA
|   
|   ( ok )  Already installed
|   
+ [ Component: Core ] :: DATA
|   
|   ( ok )  Already installed. OK
|   
+ [ Component: Core ] :: SCHEMA
|   
|   ( ok )  Already installed
|   
+ [ Component: Core ] :: DATA
|   
|   ( ok )  Already installed. OK
|   
+ [ Component: Core ] :: SCHEMA
|   
|   ( ok )  Already installed
|   
+ [ Component: Core ] :: DATA
|   
|   ( ok )  Already installed. OK
|   
[INFO] Tests run: 7, Failures: 0, Errors: 0, Skipped: 0, Time elapsed: 57.786 s - in com.agiletec.aps.******.services.i18n.I18nManagerIntegrationTest
[INFO] Running com.agiletec.aps.******.services.i18n.I18nManagerTest
[INFO] Tests run: 6, Failures: 0, Errors: 0, Skipped: 0, Time elapsed: 0.189 s - in com.agiletec.aps.******.services.i18n.I18nManagerTest
[INFO] Running com.agiletec.aps.******.services.i18n.cache.I18nManagerCacheWrapperTest
[INFO] Tests run: 6, Failures: 0, Errors: 0, Skipped: 0, Time elapsed: 0.03 s - in com.agiletec.aps.******.services.i18n.cache.I18nManagerCacheWrapperTest
[INFO] Running com.agiletec.aps.******.services.keygenerator.TestKeyGeneratorDAO
+ [ Component: Core ] :: SCHEMA
|   
|   ( ok )  Already installed
|   
+ [ Component: Core ] :: DATA
|   
|   ( ok )  Already installed. OK
|   
+ [ Component: Core ] :: SCHEMA
|   
|   ( ok )  Already installed
|   
+ [ Component: Core ] :: DATA
|   
|   ( ok )  Already installed. OK
|   
[INFO] Tests run: 1, Failures: 0, Errors: 0, Skipped: 0, Time elapsed: 8.345 s - in com.agiletec.aps.******.services.keygenerator.TestKeyGeneratorDAO
[INFO] Running com.agiletec.aps.******.services.keygenerator.KeyGeneratorManagerIntegrationTest
+ [ Component: Core ] :: SCHEMA
|   
|   ( ok )  Already installed
|   
+ [ Component: Core ] :: DATA
|   
|   ( ok )  Already installed. OK
|   
+ [ Component: Core ] :: SCHEMA
|   
|   ( ok )  Already installed
|   
+ [ Component: Core ] :: DATA
|   
|   ( ok )  Already installed. OK
|   
[INFO] Tests run: 1, Failures: 0, Errors: 0, Skipped: 0, Time elapsed: 9.149 s - in com.agiletec.aps.******.services.keygenerator.KeyGeneratorManagerIntegrationTest
[INFO] Running com.agiletec.aps.******.services.lang.LangManagerIntegrationTest
+ [ Component: Core ] :: SCHEMA
|   
|   ( ok )  Already installed
|   
+ [ Component: Core ] :: DATA
|   
|   ( ok )  Already installed. OK
|   
+ [ Component: Core ] :: SCHEMA
|   
|   ( ok )  Already installed
|   
+ [ Component: Core ] :: DATA
|   
|   ( ok )  Already installed. OK
|   
+ [ Component: Core ] :: SCHEMA
|   
|   ( ok )  Already installed
|   
+ [ Component: Core ] :: DATA
|   
|   ( ok )  Already installed. OK
|   
+ [ Component: Core ] :: SCHEMA
|   
|   ( ok )  Already installed
|   
+ [ Component: Core ] :: DATA
|   
|   ( ok )  Already installed. OK
|   
+ [ Component: Core ] :: SCHEMA
|   
|   ( ok )  Already installed
|   
+ [ Component: Core ] :: DATA
|   
|   ( ok )  Already installed. OK
|   
+ [ Component: Core ] :: SCHEMA
|   
|   ( ok )  Already installed
|   
+ [ Component: Core ] :: DATA
|   
|   ( ok )  Already installed. OK
|   
+ [ Component: Core ] :: SCHEMA
|   
|   ( ok )  Already installed
|   
+ [ Component: Core ] :: DATA
|   
|   ( ok )  Already installed. OK
|   
+ [ Component: Core ] :: SCHEMA
|   
|   ( ok )  Already installed
|   
+ [ Component: Core ] :: DATA
|   
|   ( ok )  Already installed. OK
|   
+ [ Component: Core ] :: SCHEMA
|   
|   ( ok )  Already installed
|   
+ [ Component: Core ] :: DATA
|   
|   ( ok )  Already installed. OK
|   
+ [ Component: Core ] :: SCHEMA
|   
|   ( ok )  Already installed
|   
+ [ Component: Core ] :: DATA
|   
|   ( ok )  Already installed. OK
|   
[INFO] Tests run: 5, Failures: 0, Errors: 0, Skipped: 0, Time elapsed: 42.167 s - in com.agiletec.aps.******.services.lang.LangManagerIntegrationTest
[INFO] Running com.agiletec.aps.******.services.lang.LangManagerTest
[INFO] Tests run: 7, Failures: 0, Errors: 0, Skipped: 0, Time elapsed: 0.205 s - in com.agiletec.aps.******.services.lang.LangManagerTest
[INFO] Running com.agiletec.aps.******.services.page.TestPageManager
+ [ Component: Core ] :: SCHEMA
|   
|   ( ok )  Already installed
|   
+ [ Component: Core ] :: DATA
|   
|   ( ok )  Already installed. OK
|   
+ [ Component: Core ] :: SCHEMA
|   
|   ( ok )  Already installed
|   
+ [ Component: Core ] :: DATA
|   
|   ( ok )  Already installed. OK
|   
+ [ Component: Core ] :: SCHEMA
|   
|   ( ok )  Already installed
|   
+ [ Component: Core ] :: DATA
|   
|   ( ok )  Already installed. OK
|   
+ [ Component: Core ] :: SCHEMA
|   
|   ( ok )  Already installed
|   
+ [ Component: Core ] :: DATA
|   
|   ( ok )  Already installed. OK
|   
+ [ Component: Core ] :: SCHEMA
|   
|   ( ok )  Already installed
|   
+ [ Component: Core ] :: DATA
|   
|   ( ok )  Already installed. OK
|   
+ [ Component: Core ] :: SCHEMA
|   
|   ( ok )  Already installed
|   
+ [ Component: Core ] :: DATA
|   
|   ( ok )  Already installed. OK
|   
+ [ Component: Core ] :: SCHEMA
|   
|   ( ok )  Already installed
|   
+ [ Component: Core ] :: DATA
|   
|   ( ok )  Already installed. OK
|   
+ [ Component: Core ] :: SCHEMA
|   
|   ( ok )  Already installed
|   
+ [ Component: Core ] :: DATA
|   
|   ( ok )  Already installed. OK
|   
+ [ Component: Core ] :: SCHEMA
|   
|   ( ok )  Already installed
|   
+ [ Component: Core ] :: DATA
|   
|   ( ok )  Already installed. OK
|   
+ [ Component: Core ] :: SCHEMA
|   
|   ( ok )  Already installed
|   
+ [ Component: Core ] :: DATA
|   
|   ( ok )  Already installed. OK
|   
+ [ Component: Core ] :: SCHEMA
|   
|   ( ok )  Already installed
|   
+ [ Component: Core ] :: DATA
|   
|   ( ok )  Already installed. OK
|   
+ [ Component: Core ] :: SCHEMA
|   
|   ( ok )  Already installed
|   
+ [ Component: Core ] :: DATA
|   
|   ( ok )  Already installed. OK
|   
+ [ Component: Core ] :: SCHEMA
|   
|   ( ok )  Already installed
|   
+ [ Component: Core ] :: DATA
|   
|   ( ok )  Already installed. OK
|   
+ [ Component: Core ] :: SCHEMA
|   
|   ( ok )  Already installed
|   
+ [ Component: Core ] :: DATA
|   
|   ( ok )  Already installed. OK
|   
+ [ Component: Core ] :: SCHEMA
|   
|   ( ok )  Already installed
|   
+ [ Component: Core ] :: DATA
|   
|   ( ok )  Already installed. OK
|   
+ [ Component: Core ] :: SCHEMA
|   
|   ( ok )  Already installed
|   
+ [ Component: Core ] :: DATA
|   
|   ( ok )  Already installed. OK
|   
+ [ Component: Core ] :: SCHEMA
|   
|   ( ok )  Already installed
|   
+ [ Component: Core ] :: DATA
|   
|   ( ok )  Already installed. OK
|   
+ [ Component: Core ] :: SCHEMA
|   
|   ( ok )  Already installed
|   
+ [ Component: Core ] :: DATA
|   
|   ( ok )  Already installed. OK
|   
+ [ Component: Core ] :: SCHEMA
|   
|   ( ok )  Already installed
|   
+ [ Component: Core ] :: DATA
|   
|   ( ok )  Already installed. OK
|   
+ [ Component: Core ] :: SCHEMA
|   
|   ( ok )  Already installed
|   
+ [ Component: Core ] :: DATA
|   
|   ( ok )  Already installed. OK
|   
+ [ Component: Core ] :: SCHEMA
|   
|   ( ok )  Already installed
|   
+ [ Component: Core ] :: DATA
|   
|   ( ok )  Already installed. OK
|   
+ [ Component: Core ] :: SCHEMA
|   
|   ( ok )  Already installed
|   
+ [ Component: Core ] :: DATA
|   
|   ( ok )  Already installed. OK
|   
+ [ Component: Core ] :: SCHEMA
|   
|   ( ok )  Already installed
|   
+ [ Component: Core ] :: DATA
|   
|   ( ok )  Already installed. OK
|   
+ [ Component: Core ] :: SCHEMA
|   
|   ( ok )  Already installed
|   
+ [ Component: Core ] :: DATA
|   
|   ( ok )  Already installed. OK
|   
+ [ Component: Core ] :: SCHEMA
|   
|   ( ok )  Already installed
|   
+ [ Component: Core ] :: DATA
|   
|   ( ok )  Already installed. OK
|   
+ [ Component: Core ] :: SCHEMA
|   
|   ( ok )  Already installed
|   
+ [ Component: Core ] :: DATA
|   
|   ( ok )  Already installed. OK
|   
+ [ Component: Core ] :: SCHEMA
|   
|   ( ok )  Already installed
|   
+ [ Component: Core ] :: DATA
|   
|   ( ok )  Already installed. OK
|   
+ [ Component: Core ] :: SCHEMA
|   
|   ( ok )  Already installed
|   
+ [ Component: Core ] :: DATA
|   
|   ( ok )  Already installed. OK
|   
+ [ Component: Core ] :: SCHEMA
|   
|   ( ok )  Already installed
|   
+ [ Component: Core ] :: DATA
|   
|   ( ok )  Already installed. OK
|   
+ [ Component: Core ] :: SCHEMA
|   
|   ( ok )  Already installed
|   
+ [ Component: Core ] :: DATA
|   
|   ( ok )  Already installed. OK
|   
+ [ Component: Core ] :: SCHEMA
|   
|   ( ok )  Already installed
|   
+ [ Component: Core ] :: DATA
|   
|   ( ok )  Already installed. OK
|   
+ [ Component: Core ] :: SCHEMA
|   
|   ( ok )  Already installed
|   
+ [ Component: Core ] :: DATA
|   
|   ( ok )  Already installed. OK
|   
+ [ Component: Core ] :: SCHEMA
|   
|   ( ok )  Already installed
|   
+ [ Component: Core ] :: DATA
|   
|   ( ok )  Already installed. OK
|   
+ [ Component: Core ] :: SCHEMA
|   
|   ( ok )  Already installed
|   
+ [ Component: Core ] :: DATA
|   
|   ( ok )  Already installed. OK
|   
+ [ Component: Core ] :: SCHEMA
|   
|   ( ok )  Already installed
|   
+ [ Component: Core ] :: DATA
|   
|   ( ok )  Already installed. OK
|   
+ [ Component: Core ] :: SCHEMA
|   
|   ( ok )  Already installed
|   
+ [ Component: Core ] :: DATA
|   
|   ( ok )  Already installed. OK
|   
+ [ Component: Core ] :: SCHEMA
|   
|   ( ok )  Already installed
|   
+ [ Component: Core ] :: DATA
|   
|   ( ok )  Already installed. OK
|   
+ [ Component: Core ] :: SCHEMA
|   
|   ( ok )  Already installed
|   
+ [ Component: Core ] :: DATA
|   
|   ( ok )  Already installed. OK
|   
+ [ Component: Core ] :: SCHEMA
|   
|   ( ok )  Already installed
|   
+ [ Component: Core ] :: DATA
|   
|   ( ok )  Already installed. OK
|   
+ [ Component: Core ] :: SCHEMA
|   
|   ( ok )  Already installed
|   
+ [ Component: Core ] :: DATA
|   
|   ( ok )  Already installed. OK
|   
+ [ Component: Core ] :: SCHEMA
|   
|   ( ok )  Already installed
|   
+ [ Component: Core ] :: DATA
|   
|   ( ok )  Already installed. OK
|   
+ [ Component: Core ] :: SCHEMA
|   
|   ( ok )  Already installed
|   
+ [ Component: Core ] :: DATA
|   
|   ( ok )  Already installed. OK
|   
[INFO] Tests run: 21, Failures: 0, Errors: 0, Skipped: 0, Time elapsed: 174.575 s - in com.agiletec.aps.******.services.page.TestPageManager
[INFO] Running com.agiletec.aps.******.services.page.widget.TestNavigatorExpression
+ [ Component: Core ] :: SCHEMA
|   
|   ( ok )  Already installed
|   
+ [ Component: Core ] :: DATA
|   
|   ( ok )  Already installed. OK
|   
+ [ Component: Core ] :: SCHEMA
|   
|   ( ok )  Already installed
|   
+ [ Component: Core ] :: DATA
|   
|   ( ok )  Already installed. OK
|   
+ [ Component: Core ] :: SCHEMA
|   
|   ( ok )  Already installed
|   
+ [ Component: Core ] :: DATA
|   
|   ( ok )  Already installed. OK
|   
+ [ Component: Core ] :: SCHEMA
|   
|   ( ok )  Already installed
|   
+ [ Component: Core ] :: DATA
|   
|   ( ok )  Already installed. OK
|   
+ [ Component: Core ] :: SCHEMA
|   
|   ( ok )  Already installed
|   
+ [ Component: Core ] :: DATA
|   
|   ( ok )  Already installed. OK
|   
+ [ Component: Core ] :: SCHEMA
|   
|   ( ok )  Already installed
|   
+ [ Component: Core ] :: DATA
|   
|   ( ok )  Already installed. OK
|   
+ [ Component: Core ] :: SCHEMA
|   
|   ( ok )  Already installed
|   
+ [ Component: Core ] :: DATA
|   
|   ( ok )  Already installed. OK
|   
+ [ Component: Core ] :: SCHEMA
|   
|   ( ok )  Already installed
|   
+ [ Component: Core ] :: DATA
|   
|   ( ok )  Already installed. OK
|   
+ [ Component: Core ] :: SCHEMA
|   
|   ( ok )  Already installed
|   
+ [ Component: Core ] :: DATA
|   
|   ( ok )  Already installed. OK
|   
+ [ Component: Core ] :: SCHEMA
|   
|   ( ok )  Already installed
|   
+ [ Component: Core ] :: DATA
|   
|   ( ok )  Already installed. OK
|   
+ [ Component: Core ] :: SCHEMA
|   
|   ( ok )  Already installed
|   
+ [ Component: Core ] :: DATA
|   
|   ( ok )  Already installed. OK
|   
+ [ Component: Core ] :: SCHEMA
|   
|   ( ok )  Already installed
|   
+ [ Component: Core ] :: DATA
|   
|   ( ok )  Already installed. OK
|   
+ [ Component: Core ] :: SCHEMA
|   
|   ( ok )  Already installed
|   
+ [ Component: Core ] :: DATA
|   
|   ( ok )  Already installed. OK
|   
+ [ Component: Core ] :: SCHEMA
|   
|   ( ok )  Already installed
|   
+ [ Component: Core ] :: DATA
|   
|   ( ok )  Already installed. OK
|   
+ [ Component: Core ] :: SCHEMA
|   
|   ( ok )  Already installed
|   
+ [ Component: Core ] :: DATA
|   
|   ( ok )  Already installed. OK
|   
+ [ Component: Core ] :: SCHEMA
|   
|   ( ok )  Already installed
|   
+ [ Component: Core ] :: DATA
|   
|   ( ok )  Already installed. OK
|   
+ [ Component: Core ] :: SCHEMA
|   
|   ( ok )  Already installed
|   
+ [ Component: Core ] :: DATA
|   
|   ( ok )  Already installed. OK
|   
+ [ Component: Core ] :: SCHEMA
|   
|   ( ok )  Already installed
|   
+ [ Component: Core ] :: DATA
|   
|   ( ok )  Already installed. OK
|   
+ [ Component: Core ] :: SCHEMA
|   
|   ( ok )  Already installed
|   
+ [ Component: Core ] :: DATA
|   
|   ( ok )  Already installed. OK
|   
+ [ Component: Core ] :: SCHEMA
|   
|   ( ok )  Already installed
|   
+ [ Component: Core ] :: DATA
|   
|   ( ok )  Already installed. OK
|   
+ [ Component: Core ] :: SCHEMA
|   
|   ( ok )  Already installed
|   
+ [ Component: Core ] :: DATA
|   
|   ( ok )  Already installed. OK
|   
+ [ Component: Core ] :: SCHEMA
|   
|   ( ok )  Already installed
|   
+ [ Component: Core ] :: DATA
|   
|   ( ok )  Already installed. OK
|   
[INFO] Tests run: 11, Failures: 0, Errors: 0, Skipped: 0, Time elapsed: 88.58 s - in com.agiletec.aps.******.services.page.widget.TestNavigatorExpression
[INFO] Running com.agiletec.aps.******.services.page.widget.TestNavigatorParser
+ [ Component: Core ] :: SCHEMA
|   
|   ( ok )  Already installed
|   
+ [ Component: Core ] :: DATA
|   
|   ( ok )  Already installed. OK
|   
+ [ Component: Core ] :: SCHEMA
|   
|   ( ok )  Already installed
|   
+ [ Component: Core ] :: DATA
|   
|   ( ok )  Already installed. OK
|   
+ [ Component: Core ] :: SCHEMA
|   
|   ( ok )  Already installed
|   
+ [ Component: Core ] :: DATA
|   
|   ( ok )  Already installed. OK
|   
+ [ Component: Core ] :: SCHEMA
|   
|   ( ok )  Already installed
|   
+ [ Component: Core ] :: DATA
|   
|   ( ok )  Already installed. OK
|   
+ [ Component: Core ] :: SCHEMA
|   
|   ( ok )  Already installed
|   
+ [ Component: Core ] :: DATA
|   
|   ( ok )  Already installed. OK
|   
+ [ Component: Core ] :: SCHEMA
|   
|   ( ok )  Already installed
|   
+ [ Component: Core ] :: DATA
|   
|   ( ok )  Already installed. OK
|   
+ [ Component: Core ] :: SCHEMA
|   
|   ( ok )  Already installed
|   
+ [ Component: Core ] :: DATA
|   
|   ( ok )  Already installed. OK
|   
+ [ Component: Core ] :: SCHEMA
|   
|   ( ok )  Already installed
|   
+ [ Component: Core ] :: DATA
|   
|   ( ok )  Already installed. OK
|   
+ [ Component: Core ] :: SCHEMA
|   
|   ( ok )  Already installed
|   
+ [ Component: Core ] :: DATA
|   
|   ( ok )  Already installed. OK
|   
+ [ Component: Core ] :: SCHEMA
|   
|   ( ok )  Already installed
|   
+ [ Component: Core ] :: DATA
|   
|   ( ok )  Already installed. OK
|   
[INFO] Tests run: 5, Failures: 0, Errors: 0, Skipped: 0, Time elapsed: 42.138 s - in com.agiletec.aps.******.services.page.widget.TestNavigatorParser
[INFO] Running com.agiletec.aps.******.services.pagemodel.TestJaxbPageModel
+ [ Component: Core ] :: SCHEMA
|   
|   ( ok )  Already installed
|   
+ [ Component: Core ] :: DATA
|   
|   ( ok )  Already installed. OK
|   
+ [ Component: Core ] :: SCHEMA
|   
|   ( ok )  Already installed
|   
+ [ Component: Core ] :: DATA
|   
|   ( ok )  Already installed. OK
|   
[INFO] Tests run: 1, Failures: 0, Errors: 0, Skipped: 0, Time elapsed: 8.301 s - in com.agiletec.aps.******.services.pagemodel.TestJaxbPageModel
[INFO] Running com.agiletec.aps.******.services.pagemodel.TestPageModelDAO
+ [ Component: Core ] :: SCHEMA
|   
|   ( ok )  Already installed
|   
+ [ Component: Core ] :: DATA
|   
|   ( ok )  Already installed. OK
|   
+ [ Component: Core ] :: SCHEMA
|   
|   ( ok )  Already installed
|   
+ [ Component: Core ] :: DATA
|   
|   ( ok )  Already installed. OK
|   
+ [ Component: Core ] :: SCHEMA
|   
|   ( ok )  Already installed
|   
+ [ Component: Core ] :: DATA
|   
|   ( ok )  Already installed. OK
|   
+ [ Component: Core ] :: SCHEMA
|   
|   ( ok )  Already installed
|   
+ [ Component: Core ] :: DATA
|   
|   ( ok )  Already installed. OK
|   
+ [ Component: Core ] :: SCHEMA
|   
|   ( ok )  Already installed
|   
+ [ Component: Core ] :: DATA
|   
|   ( ok )  Already installed. OK
|   
+ [ Component: Core ] :: SCHEMA
|   
|   ( ok )  Already installed
|   
+ [ Component: Core ] :: DATA
|   
|   ( ok )  Already installed. OK
|   
[INFO] Tests run: 3, Failures: 0, Errors: 0, Skipped: 0, Time elapsed: 24.698 s - in com.agiletec.aps.******.services.pagemodel.TestPageModelDAO
[INFO] Running com.agiletec.aps.******.services.pagemodel.TestPageModelDOM
+ [ Component: Core ] :: SCHEMA
|   
|   ( ok )  Already installed
|   
+ [ Component: Core ] :: DATA
|   
|   ( ok )  Already installed. OK
|   
+ [ Component: Core ] :: SCHEMA
|   
|   ( ok )  Already installed
|   
+ [ Component: Core ] :: DATA
|   
|   ( ok )  Already installed. OK
|   
[INFO] Tests run: 1, Failures: 0, Errors: 0, Skipped: 0, Time elapsed: 8.176 s - in com.agiletec.aps.******.services.pagemodel.TestPageModelDOM
[INFO] Running com.agiletec.aps.******.services.pagemodel.TestPageModelManager
+ [ Component: Core ] :: SCHEMA
|   
|   ( ok )  Already installed
|   
+ [ Component: Core ] :: DATA
|   
|   ( ok )  Already installed. OK
|   
+ [ Component: Core ] :: SCHEMA
|   
|   ( ok )  Already installed
|   
+ [ Component: Core ] :: DATA
|   
|   ( ok )  Already installed. OK
|   
+ [ Component: Core ] :: SCHEMA
|   
|   ( ok )  Already installed
|   
+ [ Component: Core ] :: DATA
|   
|   ( ok )  Already installed. OK
|   
+ [ Component: Core ] :: SCHEMA
|   
|   ( ok )  Already installed
|   
+ [ Component: Core ] :: DATA
|   
|   ( ok )  Already installed. OK
|   
+ [ Component: Core ] :: SCHEMA
|   
|   ( ok )  Already installed
|   
+ [ Component: Core ] :: DATA
|   
|   ( ok )  Already installed. OK
|   
+ [ Component: Core ] :: SCHEMA
|   
|   ( ok )  Already installed
|   
+ [ Component: Core ] :: DATA
|   
|   ( ok )  Already installed. OK
|   
+ [ Component: Core ] :: SCHEMA
|   
|   ( ok )  Already installed
|   
+ [ Component: Core ] :: DATA
|   
|   ( ok )  Already installed. OK
|   
+ [ Component: Core ] :: SCHEMA
|   
|   ( ok )  Already installed
|   
+ [ Component: Core ] :: DATA
|   
|   ( ok )  Already installed. OK
|   
+ [ Component: Core ] :: SCHEMA
|   
|   ( ok )  Already installed
|   
+ [ Component: Core ] :: DATA
|   
|   ( ok )  Already installed. OK
|   
+ [ Component: Core ] :: SCHEMA
|   
|   ( ok )  Already installed
|   
+ [ Component: Core ] :: DATA
|   
|   ( ok )  Already installed. OK
|   
+ [ Component: Core ] :: SCHEMA
|   
|   ( ok )  Already installed
|   
+ [ Component: Core ] :: DATA
|   
|   ( ok )  Already installed. OK
|   
+ [ Component: Core ] :: SCHEMA
|   
|   ( ok )  Already installed
|   
+ [ Component: Core ] :: DATA
|   
|   ( ok )  Already installed. OK
|   
+ [ Component: Core ] :: SCHEMA
|   
|   ( ok )  Already installed
|   
+ [ Component: Core ] :: DATA
|   
|   ( ok )  Already installed. OK
|   
+ [ Component: Core ] :: SCHEMA
|   
|   ( ok )  Already installed
|   
+ [ Component: Core ] :: DATA
|   
|   ( ok )  Already installed. OK
|   
+ [ Component: Core ] :: SCHEMA
|   
|   ( ok )  Already installed
|   
+ [ Component: Core ] :: DATA
|   
|   ( ok )  Already installed. OK
|   
+ [ Component: Core ] :: SCHEMA
|   
|   ( ok )  Already installed
|   
+ [ Component: Core ] :: DATA
|   
|   ( ok )  Already installed. OK
|   
[INFO] Tests run: 8, Failures: 0, Errors: 0, Skipped: 0, Time elapsed: 64.731 s - in com.agiletec.aps.******.services.pagemodel.TestPageModelManager
[INFO] Running com.agiletec.aps.******.services.role.TestPermissionDAO
+ [ Component: Core ] :: SCHEMA
|   
|   ( ok )  Already installed
|   
+ [ Component: Core ] :: DATA
|   
|   ( ok )  Already installed. OK
|   
+ [ Component: Core ] :: SCHEMA
|   
|   ( ok )  Already installed
|   
+ [ Component: Core ] :: DATA
|   
|   ( ok )  Already installed. OK
|   
[INFO] Tests run: 1, Failures: 0, Errors: 0, Skipped: 0, Time elapsed: 9.292 s - in com.agiletec.aps.******.services.role.TestPermissionDAO
[INFO] Running com.agiletec.aps.******.services.role.TestRoleDAO
+ [ Component: Core ] :: SCHEMA
|   
|   ( ok )  Already installed
|   
+ [ Component: Core ] :: DATA
|   
|   ( ok )  Already installed. OK
|   
+ [ Component: Core ] :: SCHEMA
|   
|   ( ok )  Already installed
|   
+ [ Component: Core ] :: DATA
|   
|   ( ok )  Already installed. OK
|   
[INFO] Tests run: 1, Failures: 0, Errors: 0, Skipped: 0, Time elapsed: 9.006 s - in com.agiletec.aps.******.services.role.TestRoleDAO
[INFO] Running com.agiletec.aps.******.services.role.TestRoleManager
+ [ Component: Core ] :: SCHEMA
|   
|   ( ok )  Already installed
|   
+ [ Component: Core ] :: DATA
|   
|   ( ok )  Already installed. OK
|   
+ [ Component: Core ] :: SCHEMA
|   
|   ( ok )  Already installed
|   
+ [ Component: Core ] :: DATA
|   
|   ( ok )  Already installed. OK
|   
+ [ Component: Core ] :: SCHEMA
|   
|   ( ok )  Already installed
|   
+ [ Component: Core ] :: DATA
|   
|   ( ok )  Already installed. OK
|   
+ [ Component: Core ] :: SCHEMA
|   
|   ( ok )  Already installed
|   
+ [ Component: Core ] :: DATA
|   
|   ( ok )  Already installed. OK
|   
[INFO] Tests run: 2, Failures: 0, Errors: 0, Skipped: 0, Time elapsed: 22.81 s - in com.agiletec.aps.******.services.role.TestRoleManager
[INFO] Running com.agiletec.aps.******.services.widgettype.TestWidgetTypeDAO
+ [ Component: Core ] :: SCHEMA
|   
|   ( ok )  Already installed
|   
+ [ Component: Core ] :: DATA
|   
|   ( ok )  Already installed. OK
|   
+ [ Component: Core ] :: SCHEMA
|   
|   ( ok )  Already installed
|   
+ [ Component: Core ] :: DATA
|   
|   ( ok )  Already installed. OK
|   
login_form
{en=Login Widget, it=Widget di Login}
true
******
+ [ Component: Core ] :: SCHEMA
|   
|   ( ok )  Already installed
|   
+ [ Component: Core ] :: DATA
|   
|   ( ok )  Already installed. OK
|   
+ [ Component: Core ] :: SCHEMA
|   
|   ( ok )  Already installed
|   
+ [ Component: Core ] :: DATA
|   
|   ( ok )  Already installed. OK
|   
[INFO] Tests run: 2, Failures: 0, Errors: 0, Skipped: 0, Time elapsed: 20.112 s - in com.agiletec.aps.******.services.widgettype.TestWidgetTypeDAO
[INFO] Running com.agiletec.aps.******.services.widgettype.TestWidgetTypeDOM
+ [ Component: Core ] :: SCHEMA
|   
|   ( ok )  Already installed
|   
+ [ Component: Core ] :: DATA
|   
|   ( ok )  Already installed. OK
|   
+ [ Component: Core ] :: SCHEMA
|   
|   ( ok )  Already installed
|   
+ [ Component: Core ] :: DATA
|   
|   ( ok )  Already installed. OK
|   
+ [ Component: Core ] :: SCHEMA
|   
|   ( ok )  Already installed
|   
+ [ Component: Core ] :: DATA
|   
|   ( ok )  Already installed. OK
|   
+ [ Component: Core ] :: SCHEMA
|   
|   ( ok )  Already installed
|   
+ [ Component: Core ] :: DATA
|   
|   ( ok )  Already installed. OK
|   
[INFO] Tests run: 2, Failures: 0, Errors: 0, Skipped: 0, Time elapsed: 19.048 s - in com.agiletec.aps.******.services.widgettype.TestWidgetTypeDOM
[INFO] Running com.agiletec.aps.******.services.widgettype.TestWidgetTypeManager
+ [ Component: Core ] :: SCHEMA
|   
|   ( ok )  Already installed
|   
+ [ Component: Core ] :: DATA
|   
|   ( ok )  Already installed. OK
|   
+ [ Component: Core ] :: SCHEMA
|   
|   ( ok )  Already installed
|   
+ [ Component: Core ] :: DATA
|   
|   ( ok )  Already installed. OK
|   
+ [ Component: Core ] :: SCHEMA
|   
|   ( ok )  Already installed
|   
+ [ Component: Core ] :: DATA
|   
|   ( ok )  Already installed. OK
|   
+ [ Component: Core ] :: SCHEMA
|   
|   ( ok )  Already installed
|   
+ [ Component: Core ] :: DATA
|   
|   ( ok )  Already installed. OK
|   
+ [ Component: Core ] :: SCHEMA
|   
|   ( ok )  Already installed
|   
+ [ Component: Core ] :: DATA
|   
|   ( ok )  Already installed. OK
|   
+ [ Component: Core ] :: SCHEMA
|   
|   ( ok )  Already installed
|   
+ [ Component: Core ] :: DATA
|   
|   ( ok )  Already installed. OK
|   
+ [ Component: Core ] :: SCHEMA
|   
|   ( ok )  Already installed
|   
+ [ Component: Core ] :: DATA
|   
|   ( ok )  Already installed. OK
|   
+ [ Component: Core ] :: SCHEMA
|   
|   ( ok )  Already installed
|   
+ [ Component: Core ] :: DATA
|   
|   ( ok )  Already installed. OK
|   
+ [ Component: Core ] :: SCHEMA
|   
|   ( ok )  Already installed
|   
+ [ Component: Core ] :: DATA
|   
|   ( ok )  Already installed. OK
|   
+ [ Component: Core ] :: SCHEMA
|   
|   ( ok )  Already installed
|   
+ [ Component: Core ] :: DATA
|   
|   ( ok )  Already installed. OK
|   
+ [ Component: Core ] :: SCHEMA
|   
|   ( ok )  Already installed
|   
+ [ Component: Core ] :: DATA
|   
|   ( ok )  Already installed. OK
|   
+ [ Component: Core ] :: SCHEMA
|   
|   ( ok )  Already installed
|   
+ [ Component: Core ] :: DATA
|   
|   ( ok )  Already installed. OK
|   
+ [ Component: Core ] :: SCHEMA
|   
|   ( ok )  Already installed
|   
+ [ Component: Core ] :: DATA
|   
|   ( ok )  Already installed. OK
|   
+ [ Component: Core ] :: SCHEMA
|   
|   ( ok )  Already installed
|   
+ [ Component: Core ] :: DATA
|   
|   ( ok )  Already installed. OK
|   
+ [ Component: Core ] :: SCHEMA
|   
|   ( ok )  Already installed
|   
+ [ Component: Core ] :: DATA
|   
|   ( ok )  Already installed. OK
|   
+ [ Component: Core ] :: SCHEMA
|   
|   ( ok )  Already installed
|   
+ [ Component: Core ] :: DATA
|   
|   ( ok )  Already installed. OK
|   
WIDGETCATEGORY :test
+ [ Component: Core ] :: SCHEMA
|   
|   ( ok )  Already installed
|   
+ [ Component: Core ] :: DATA
|   
|   ( ok )  Already installed. OK
|   
+ [ Component: Core ] :: SCHEMA
|   
|   ( ok )  Already installed
|   
+ [ Component: Core ] :: DATA
|   
|   ( ok )  Already installed. OK
|   
+ [ Component: Core ] :: SCHEMA
|   
|   ( ok )  Already installed
|   
+ [ Component: Core ] :: DATA
|   
|   ( ok )  Already installed. OK
|   
+ [ Component: Core ] :: SCHEMA
|   
|   ( ok )  Already installed
|   
+ [ Component: Core ] :: DATA
|   
|   ( ok )  Already installed. OK
|   
[INFO] Tests run: 10, Failures: 0, Errors: 0, Skipped: 0, Time elapsed: 315.623 s - in com.agiletec.aps.******.services.widgettype.TestWidgetTypeManager
[INFO] Running com.agiletec.aps.******.services.widgettype.TestWidgetType
+ [ Component: Core ] :: SCHEMA
|   
|   ( ok )  Already installed
|   
+ [ Component: Core ] :: DATA
|   
|   ( ok )  Already installed. OK
|   
+ [ Component: Core ] :: SCHEMA
|   
|   ( ok )  Already installed
|   
+ [ Component: Core ] :: DATA
|   
|   ( ok )  Already installed. OK
|   
[INFO] Tests run: 1, Failures: 0, Errors: 0, Skipped: 0, Time elapsed: 7.629 s - in com.agiletec.aps.******.services.widgettype.TestWidgetType
[INFO] Running com.agiletec.aps.******.services.url.TestURLManager
+ [ Component: Core ] :: SCHEMA
|   
|   ( ok )  Already installed
|   
+ [ Component: Core ] :: DATA
|   
|   ( ok )  Already installed. OK
|   
+ [ Component: Core ] :: SCHEMA
|   
|   ( ok )  Already installed
|   
+ [ Component: Core ] :: DATA
|   
|   ( ok )  Already installed. OK
|   
+ [ Component: Core ] :: SCHEMA
|   
|   ( ok )  Already installed
|   
+ [ Component: Core ] :: DATA
|   
|   ( ok )  Already installed. OK
|   
+ [ Component: Core ] :: SCHEMA
|   
|   ( ok )  Already installed
|   
+ [ Component: Core ] :: DATA
|   
|   ( ok )  Already installed. OK
|   
[INFO] Tests run: 2, Failures: 0, Errors: 0, Skipped: 0, Time elapsed: 16.819 s - in com.agiletec.aps.******.services.url.TestURLManager
[INFO] Running com.agiletec.aps.******.services.user.AuthenticationProviderManagerIntegrationTest
+ [ Component: Core ] :: SCHEMA
|   
|   ( ok )  Already installed
|   
+ [ Component: Core ] :: DATA
|   
|   ( ok )  Already installed. OK
|   
+ [ Component: Core ] :: SCHEMA
|   
|   ( ok )  Already installed
|   
+ [ Component: Core ] :: DATA
|   
|   ( ok )  Already installed. OK
|   
+ [ Component: Core ] :: SCHEMA
|   
|   ( ok )  Already installed
|   
+ [ Component: Core ] :: DATA
|   
|   ( ok )  Already installed. OK
|   
+ [ Component: Core ] :: SCHEMA
|   
|   ( ok )  Already installed
|   
+ [ Component: Core ] :: DATA
|   
|   ( ok )  Already installed. OK
|   
+ [ Component: Core ] :: SCHEMA
|   
|   ( ok )  Already installed
|   
+ [ Component: Core ] :: DATA
|   
|   ( ok )  Already installed. OK
|   
+ [ Component: Core ] :: SCHEMA
|   
|   ( ok )  Already installed
|   
+ [ Component: Core ] :: DATA
|   
|   ( ok )  Already installed. OK
|   
+ [ Component: Core ] :: SCHEMA
|   
|   ( ok )  Already installed
|   
+ [ Component: Core ] :: DATA
|   
|   ( ok )  Already installed. OK
|   
+ [ Component: Core ] :: SCHEMA
|   
|   ( ok )  Already installed
|   
+ [ Component: Core ] :: DATA
|   
|   ( ok )  Already installed. OK
|   
+ [ Component: Core ] :: SCHEMA
|   
|   ( ok )  Already installed
|   
+ [ Component: Core ] :: DATA
|   
|   ( ok )  Already installed. OK
|   
+ [ Component: Core ] :: SCHEMA
|   
|   ( ok )  Already installed
|   
+ [ Component: Core ] :: DATA
|   
|   ( ok )  Already installed. OK
|   
+ [ Component: Core ] :: SCHEMA
|   
|   ( ok )  Already installed
|   
+ [ Component: Core ] :: DATA
|   
|   ( ok )  Already installed. OK
|   
+ [ Component: Core ] :: SCHEMA
|   
|   ( ok )  Already installed
|   
+ [ Component: Core ] :: DATA
|   
|   ( ok )  Already installed. OK
|   
+ [ Component: Core ] :: SCHEMA
|   
|   ( ok )  Already installed
|   
+ [ Component: Core ] :: DATA
|   
|   ( ok )  Already installed. OK
|   
+ [ Component: Core ] :: SCHEMA
|   
|   ( ok )  Already installed
|   
+ [ Component: Core ] :: DATA
|   
|   ( ok )  Already installed. OK
|   
+ [ Component: Core ] :: SCHEMA
|   
|   ( ok )  Already installed
|   
+ [ Component: Core ] :: DATA
|   
|   ( ok )  Already installed. OK
|   
+ [ Component: Core ] :: SCHEMA
|   
|   ( ok )  Already installed
|   
+ [ Component: Core ] :: DATA
|   
|   ( ok )  Already installed. OK
|   
+ [ Component: Core ] :: SCHEMA
|   
|   ( ok )  Already installed
|   
+ [ Component: Core ] :: DATA
|   
|   ( ok )  Already installed. OK
|   
+ [ Component: Core ] :: SCHEMA
|   
|   ( ok )  Already installed
|   
+ [ Component: Core ] :: DATA
|   
|   ( ok )  Already installed. OK
|   
[INFO] Tests run: 9, Failures: 0, Errors: 0, Skipped: 0, Time elapsed: 80.037 s - in com.agiletec.aps.******.services.user.AuthenticationProviderManagerIntegrationTest
[INFO] Running com.agiletec.aps.******.services.user.AuthenticationProviderManagerTest
[INFO] Tests run: 16, Failures: 0, Errors: 0, Skipped: 0, Time elapsed: 0.293 s - in com.agiletec.aps.******.services.user.AuthenticationProviderManagerTest
[INFO] Running com.agiletec.aps.******.services.user.UserDAOIntegrationTest
+ [ Component: Core ] :: SCHEMA
|   
|   ( ok )  Already installed
|   
+ [ Component: Core ] :: DATA
|   
|   ( ok )  Already installed. OK
|   
+ [ Component: Core ] :: SCHEMA
|   
|   ( ok )  Already installed
|   
+ [ Component: Core ] :: DATA
|   
|   ( ok )  Already installed. OK
|   
+ [ Component: Core ] :: SCHEMA
|   
|   ( ok )  Already installed
|   
+ [ Component: Core ] :: DATA
|   
|   ( ok )  Already installed. OK
|   
+ [ Component: Core ] :: SCHEMA
|   
|   ( ok )  Already installed
|   
+ [ Component: Core ] :: DATA
|   
|   ( ok )  Already installed. OK
|   
[INFO] Tests run: 2, Failures: 0, Errors: 0, Skipped: 0, Time elapsed: 18.009 s - in com.agiletec.aps.******.services.user.UserDAOIntegrationTest
[INFO] Running com.agiletec.aps.******.services.user.UserManagerIntegrationTest
+ [ Component: Core ] :: SCHEMA
|   
|   ( ok )  Already installed
|   
+ [ Component: Core ] :: DATA
|   
|   ( ok )  Already installed. OK
|   
+ [ Component: Core ] :: SCHEMA
|   
|   ( ok )  Already installed
|   
+ [ Component: Core ] :: DATA
|   
|   ( ok )  Already installed. OK
|   
+ [ Component: Core ] :: SCHEMA
|   
|   ( ok )  Already installed
|   
+ [ Component: Core ] :: DATA
|   
|   ( ok )  Already installed. OK
|   
+ [ Component: Core ] :: SCHEMA
|   
|   ( ok )  Already installed
|   
+ [ Component: Core ] :: DATA
|   
|   ( ok )  Already installed. OK
|   
+ [ Component: Core ] :: SCHEMA
|   
|   ( ok )  Already installed
|   
+ [ Component: Core ] :: DATA
|   
|   ( ok )  Already installed. OK
|   
+ [ Component: Core ] :: SCHEMA
|   
|   ( ok )  Already installed
|   
+ [ Component: Core ] :: DATA
|   
|   ( ok )  Already installed. OK
|   
[INFO] Tests run: 3, Failures: 0, Errors: 0, Skipped: 0, Time elapsed: 26.018 s - in com.agiletec.aps.******.services.user.UserManagerIntegrationTest
[INFO] Running com.agiletec.aps.******.services.user.UserManagerTest
[INFO] Tests run: 4, Failures: 0, Errors: 0, Skipped: 0, Time elapsed: 1.484 s - in com.agiletec.aps.******.services.user.UserManagerTest
[INFO] Running com.agiletec.aps.******.TestApplicationContext
+ [ Component: Core ] :: SCHEMA
|   
|   ( ok )  Already installed
|   
+ [ Component: Core ] :: DATA
|   
|   ( ok )  Already installed. OK
|   
+ [ Component: Core ] :: SCHEMA
|   
|   ( ok )  Already installed
|   
+ [ Component: Core ] :: DATA
|   
|   ( ok )  Already installed. OK
|   
[INFO] Tests run: 1, Failures: 0, Errors: 0, Skipped: 0, Time elapsed: 8.545 s - in com.agiletec.aps.******.TestApplicationContext
[INFO] Running com.agiletec.aps.util.TestHtmlHandler
+ [ Component: Core ] :: SCHEMA
|   
|   ( ok )  Already installed
|   
+ [ Component: Core ] :: DATA
|   
|   ( ok )  Already installed. OK
|   
+ [ Component: Core ] :: SCHEMA
|   
|   ( ok )  Already installed
|   
+ [ Component: Core ] :: DATA
|   
|   ( ok )  Already installed. OK
|   
[INFO] Tests run: 1, Failures: 0, Errors: 0, Skipped: 0, Time elapsed: 9.368 s - in com.agiletec.aps.util.TestHtmlHandler
[31m
Pipeline failed on stage 'from-build-pack' : container 'step-build-mvn-verify-pr'. The execution of the pipeline has stopped.[0m
