
Showing logs for build [32mentando-k8s-entando-k8s-control-7bblg-1[0m stage [32mfrom-build-pack[0m and container [32mstep-credential-initializer-qlsbt[0m
{"level":"warn","ts":1603865740.035819,"logger":"fallback-logger","caller":"logging/config.go:69","msg":"Fetch GitHub commit ID from kodata failed: \"ref: refs/heads/0.8.0-**-support-backwards-incompats\" is not a valid GitHub commit ID"}
{"level":"info","ts":1603865740.0507066,"logger":"fallback-logger","caller":"creds-init/main.go:40","msg":"Credentials initialized."}

Showing logs for build [32mentando-k8s-entando-k8s-control-7bblg-1[0m stage [32mfrom-build-pack[0m and container [32mstep-working-dir-initializer-dd5lw[0m
{"level":"warn","ts":1603865742.2104602,"logger":"fallback-logger","caller":"logging/config.go:69","msg":"Fetch GitHub commit ID from kodata failed: open /var/run/ko/HEAD: no such file or directory"}
{"level":"info","ts":1603865742.2362783,"logger":"fallback-logger","caller":"bash/main.go:64","msg":"Successfully e**cuted command \"sh -c mkdir -p /workspace/source\"; output "}

Showing logs for build [32mentando-k8s-entando-k8s-control-7bblg-1[0m stage [32mfrom-build-pack[0m and container [32mstep-place-tools[0m

Showing logs for build [32mentando-k8s-entando-k8s-control-7bblg-1[0m stage [32mfrom-build-pack[0m and container [32mstep-git-source-entando-k8s-entando-k8s-control-j9p95[0m
{"level":"warn","ts":1603865772.4677303,"logger":"fallback-logger","caller":"logging/config.go:69","msg":"Fetch GitHub commit ID from kodata failed: \"ref: refs/heads/0.8.0-**-support-backwards-incompats\" is not a valid GitHub commit ID"}
{"level":"info","ts":1603865773.9481888,"logger":"fallback-logger","caller":"git/git.go:103","msg":"Successfully cloned https://github.com/entando-k8s/entando-k8s-controller-coordinator.git @ master in path /workspace/source"}

Showing logs for build [32mentando-k8s-entando-k8s-control-7bblg-1[0m stage [32mfrom-build-pack[0m and container [32mstep-git-merge[0m
Using SHAs from PULL_REFS=master:74e4ff76428bd43239a86a16daf006ea2d1413ec,51:33ebf3672286f24dd44569681a6045158e4148f1
DEBUG: ran git fetch --unshallow origin 33ebf3672286f24dd44569681a6045158e4148f1: 74e4ff76428bd43239a86a16daf006ea2d1413ec: in 
DEBUG: ran git checkout master in 
DEBUG: ran git reset --hard 74e4ff76428bd43239a86a16daf006ea2d1413ec in 
DEBUG: ran clean --force -d . in 
DEBUG: ran git merge 33ebf3672286f24dd44569681a6045158e4148f1 in 
Merged SHA 33ebf3672286f24dd44569681a6045158e4148f1 with commit message 'ENG-1329 auto creating view rolebinding for K8S now' into base branch master

Showing logs for build [32mentando-k8s-entando-k8s-control-7bblg-1[0m stage [32mfrom-build-pack[0m and container [32mstep-build-set-version[0m
Picked up _JAVA_OPTIONS: -XX:+UnlockExperimentalVMOptions -Dsun.zip.disableMemoryMapping=true -XX:+UseParallelGC -XX:MinHeapFreeRatio=5 -XX:MaxHeapFreeRatio=10 -XX:GCTimeRatio=4 -XX:AdaptiveSizePolicyWeight=90 -Xms1000m -Xmx12000m
[INFO] Scanning for projects...
[WARNING] 
[WARNING] Some problems were encountered while building the effective model for org.entando:entando-k8s-controller-coordinator:jar:6.2.0-SNAPSHOT
[WARNING] 'dependencyManagement.dependencies.dependency.(groupId:artifactId:type:classifier)' must be unique: org.yaml:snakeyaml:jar -> version 1.27 vs ${snakeyaml.version} @ org.entando:entando-quarkus-parent:6.2.6, /home/jenkins/.mvnrepository/org/entando/entando-quarkus-parent/6.2.6/entando-quarkus-parent-6.2.6.pom, line 283, column 25
[WARNING] 
[WARNING] It is highly recommended to fix these problems because they threaten the stability of your build.
[WARNING] 
[WARNING] For this reason, future Maven versions might no longer support building such malformed projects.
[WARNING] 
[INFO] 
[INFO] -----------< org.entando:entando-k8s-controller-coordinator >-----------
[INFO] Building Entando K8S Controller Coordinator 6.2.0-SNAPSHOT
[INFO] --------------------------------[ jar ]---------------------------------
[INFO] 
[INFO] --- versions-maven-plugin:2.8.1:set (default-cli) @ entando-k8s-controller-coordinator ---
[INFO] Local aggregation ****: /workspace/source
[INFO] Processing change of org.entando:entando-k8s-controller-coordinator:6.2.0-SNAPSHOT -> 0.0.0-SNAPSHOT-PR-51-1
[INFO] Processing org.entando:entando-k8s-controller-coordinator
[INFO]     Updating project org.entando:entando-k8s-controller-coordinator
[INFO]         from version 6.2.0-SNAPSHOT to 0.0.0-SNAPSHOT-PR-51-1
[INFO] 
[INFO] ------------------------------------------------------------------------
[INFO] BUILD SUCCESS
[INFO] ------------------------------------------------------------------------
[INFO] Total time:  11.489 s
[INFO] Finished at: 2020-10-28T06:16:31Z
[INFO] ------------------------------------------------------------------------

Showing logs for build [32mentando-k8s-entando-k8s-control-7bblg-1[0m stage [32mfrom-build-pack[0m and container [32mstep-build-fix-git-for-sonar[0m
Switched to a new branch 'PR-51'
M	pom.xml
Deleted branch master (was 33ebf36).
From https://github.com/entando-k8s/entando-k8s-controller-coordinator
 * [new branch]      master                  -> master
 * [new tag]         Entando6.2.1-pre-test01 -> Entando6.2.1-pre-test01

Showing logs for build [32mentando-k8s-entando-k8s-control-7bblg-1[0m stage [32mfrom-build-pack[0m and container [32mstep-build-mvn-verify-pr[0m
  % Total    % Received % Xferd  Average Speed   Time    Time     Time  Current
                                 Dload  Upload   Total   Spent    Left  Speed
  0     0    0     0    0     0      0      0 --:--:-- --:--:-- --:--:--     0100  1891  100  1665  100   226   2342    317 --:--:-- --:--:-- --:--:--  2355
{
  "url": "https://api.github.com/repos/entando-k8s/entando-k8s-controller-coordinator/statuses/33ebf3672286f24dd44569681a6045158e4148f1",
  "avatar_url": "https://avatars2.githubusercontent.com/u/57885396?v=4",
  "id": 11182371057,
  "node_id": "MDEzOlN0YXR1c0NvbnRleHQxMTE4MjM3MTA1Nw==",
  "state": "pending",
  "description": "Pre-deployment tests pending!",
  "target_url": "https://entando-k8s.github.io/devops-results/entando-k8s-controller-coordinator/PR-51/surefire-report.html",
  "context": "Pre-deployment tests",
  "created_at": "2020-10-28T06:16:34Z",
  "updated_at": "2020-10-28T06:16:34Z",
  "creator": {
    "login": "entando-**",
    "id": 57885396,
    "node_id": "MDQ6VXNlcjU3ODg1Mzk2",
    "avatar_url": "https://avatars2.githubusercontent.com/u/57885396?v=4",
    "gravatar_id": "",
    "url": "https://api.github.com/users/entando-**",
    "html_url": "https://github.com/entando-**",
    "followers_url": "https://api.github.com/users/**********/followers",
    "following_url": "https://api.github.com/users/entando-**/following{/other_user}",
    "gists_url": "https://api.github.com/users/**********/gists{/gist_id}",
    "starred_url": "https://api.github.com/users/**********/starred{/owner}{/repo}",
    "subscriptions_url": "https://api.github.com/users/**********/subscriptions",
    "organizations_url": "https://api.github.com/users/**********/orgs",
    "repos_url": "https://api.github.com/users/entando-**/repos",
    "events_url": "https://api.github.com/users/**********/events{/privacy}",
    "received_events_url": "https://api.github.com/users/entando-**/received_events",
    "type": "User",
    "site_*****": *****
  }
}
  % Total    % Received % Xferd  Average Speed   Time    Time     Time  Current
                                 Dload  Upload   Total   Spent    Left  Speed
{
  "url": "https://api.github.com/repos/entando-k8s/entando-k8s-controller-coordinator/statuses/33ebf3672286f24dd44569681a6045158e4148f1",
  "avatar_url": "https://avatars2.githubusercontent.com/u/57885396?v=4",
  "id": 11182371128,
  "node_id": "MDEzOlN0YXR1c0NvbnRleHQxMTE4MjM3MTEyOA==",
  "state": "pending",
  "description": "Post-deployment tests pending!",
  "target_url": "https://entando-k8s.github.io/devops-results/entando-k8s-controller-coordinator/PR-51/failsafe-report.html",
  "context": "Post-deployment tests",
  "created_at": "2020-10-28T06:16:35Z",
  "updated_at": "2020-10-28T06:16:35Z",
  "creator": {
    "login": "entando-**",
    "id": 57885396,
    "node_id": "MDQ6VXNlcjU3ODg1Mzk2",
    "avatar_url": "https://avatars2.githubusercontent.com/u/57885396?v=4",
    "gravatar_id": "",
    "url": "https://api.github.com/users/entando-**",
    "html_url": "https://github.com/**********",
    "followers_url": "https://api.github.com/users/entando-**/followers",
    "following_url": "https://api.github.com/users/**********/following{/other_user}",
    "gists_url": "https://api.github.com/users/entando-**/gists{/gist_id}",
    "starred_url": "https://api.github.com/users/entando-**/starred{/owner}{/repo}",
    "subscriptions_url": "https://api.github.com/users/**********/subscriptions",
    "organizations_url": "https://api.github.com/users/entando-**/orgs",
    "repos_url": "https://api.github.com/users/**********/repos",
    "events_url": "https://api.github.com/users/entando-**/events{/privacy}",
    "received_events_url": "https://api.github.com/users/**********/received_events",
    "type": "User",
    "site_*****": *****
  }
}
  0     0    0     0    0     0      0      0 --:--:-- --:--:-- --:--:--     0100  1895  100  1667  100   228   2638    360 --:--:-- --:--:-- --:--:--  2658
  % Total    % Received % Xferd  Average Speed   Time    Time     Time  Current
                                 Dload  Upload   Total   Spent    Left  Speed
  0     0    0     0    0     0      0      0 --:--:-- --:--:-- --:--:--     0 10  1841    0     0  100   201      0    318 --:--:-- --:--:-- --:--:--   318100  1841  100  1640  100   201   2594    318 --:--:-- --:--:-- --:--:--  2594
{
  "url": "https://api.github.com/repos/entando-k8s/entando-k8s-controller-coordinator/statuses/33ebf3672286f24dd44569681a6045158e4148f1",
  "avatar_url": "https://avatars2.githubusercontent.com/u/57885396?v=4",
  "id": 11182371188,
  "node_id": "MDEzOlN0YXR1c0NvbnRleHQxMTE4MjM3MTE4OA==",
  "state": "pending",
  "description": "Checkstyle pending!",
  "target_url": "https://entando-k8s.github.io/devops-results/entando-k8s-controller-coordinator/PR-51/checkstyle.html",
  "context": "Checkstyle",
  "created_at": "2020-10-28T06:16:35Z",
  "updated_at": "2020-10-28T06:16:35Z",
  "creator": {
    "login": "entando-**",
    "id": 57885396,
    "node_id": "MDQ6VXNlcjU3ODg1Mzk2",
    "avatar_url": "https://avatars2.githubusercontent.com/u/57885396?v=4",
    "gravatar_id": "",
    "url": "https://api.github.com/users/**********",
    "html_url": "https://github.com/**********",
    "followers_url": "https://api.github.com/users/entando-**/followers",
    "following_url": "https://api.github.com/users/entando-**/following{/other_user}",
    "gists_url": "https://api.github.com/users/entando-**/gists{/gist_id}",
    "starred_url": "https://api.github.com/users/entando-**/starred{/owner}{/repo}",
    "subscriptions_url": "https://api.github.com/users/entando-**/subscriptions",
    "organizations_url": "https://api.github.com/users/entando-**/orgs",
    "repos_url": "https://api.github.com/users/**********/repos",
    "events_url": "https://api.github.com/users/**********/events{/privacy}",
    "received_events_url": "https://api.github.com/users/entando-**/received_events",
    "type": "User",
    "site_*****": *****
  }
}
  % Total    % Received % Xferd  Average Speed   Time    Time     Time  Current
                                 Dload  Upload   Total   Spent    Left  Speed
  0     0    0     0    0     0      0      0 --:--:-- --:--:-- --:--:--     0100  1863  100  1651  100   212   2616    335 --:--:-- --:--:-- --:--:--  2633
{
  "url": "https://api.github.com/repos/entando-k8s/entando-k8s-controller-coordinator/statuses/33ebf3672286f24dd44569681a6045158e4148f1",
  "avatar_url": "https://avatars2.githubusercontent.com/u/57885396?v=4",
  "id": 11182371248,
  "node_id": "MDEzOlN0YXR1c0NvbnRleHQxMTE4MjM3MTI0OA==",
  "state": "pending",
  "description": "OWASP CVE pending!",
  "target_url": "https://entando-k8s.github.io/devops-results/entando-k8s-controller-coordinator/PR-51/dependency-check-report.html",
  "context": "OWASP CVE",
  "created_at": "2020-10-28T06:16:36Z",
  "updated_at": "2020-10-28T06:16:36Z",
  "creator": {
    "login": "entando-**",
    "id": 57885396,
    "node_id": "MDQ6VXNlcjU3ODg1Mzk2",
    "avatar_url": "https://avatars2.githubusercontent.com/u/57885396?v=4",
    "gravatar_id": "",
    "url": "https://api.github.com/users/entando-**",
    "html_url": "https://github.com/entando-**",
    "followers_url": "https://api.github.com/users/entando-**/followers",
    "following_url": "https://api.github.com/users/**********/following{/other_user}",
    "gists_url": "https://api.github.com/users/**********/gists{/gist_id}",
    "starred_url": "https://api.github.com/users/**********/starred{/owner}{/repo}",
    "subscriptions_url": "https://api.github.com/users/entando-**/subscriptions",
    "organizations_url": "https://api.github.com/users/entando-**/orgs",
    "repos_url": "https://api.github.com/users/**********/repos",
    "events_url": "https://api.github.com/users/entando-**/events{/privacy}",
    "received_events_url": "https://api.github.com/users/entando-**/received_events",
    "type": "User",
    "site_*****": *****
  }
}
Picked up _JAVA_OPTIONS: -XX:+UnlockExperimentalVMOptions -Dsun.zip.disableMemoryMapping=true -XX:+UseParallelGC -XX:MinHeapFreeRatio=5 -XX:MaxHeapFreeRatio=10 -XX:GCTimeRatio=4 -XX:AdaptiveSizePolicyWeight=90 -Xms1000m -Xmx12000m
[INFO] Scanning for projects...
[WARNING] 
[WARNING] Some problems were encountered while building the effective model for org.entando:entando-k8s-controller-coordinator:jar:0.0.0-SNAPSHOT-PR-51-1
[WARNING] 'dependencyManagement.dependencies.dependency.(groupId:artifactId:type:classifier)' must be unique: org.yaml:snakeyaml:jar -> version 1.27 vs ${snakeyaml.version} @ org.entando:entando-quarkus-parent:6.2.6, /home/jenkins/.mvnrepository/org/entando/entando-quarkus-parent/6.2.6/entando-quarkus-parent-6.2.6.pom, line 283, column 25
[WARNING] 
[WARNING] It is highly recommended to fix these problems because they threaten the stability of your build.
[WARNING] 
[WARNING] For this reason, future Maven versions might no longer support building such malformed projects.
[WARNING] 
[INFO] 
[INFO] -----------< org.entando:entando-k8s-controller-coordinator >-----------
[INFO] Building Entando K8S Controller Coordinator 0.0.0-SNAPSHOT-PR-51-1
[INFO] --------------------------------[ jar ]---------------------------------
[INFO] 
[INFO] --- maven-checkstyle-plugin:3.1.1:check (validate) @ entando-k8s-controller-coordinator ---
[INFO] Starting audit...
Audit done.
[INFO] You have 0 Checkstyle violations.
[INFO] 
[INFO] --- maven-checkstyle-plugin:3.1.1:checkstyle (validate) @ entando-k8s-controller-coordinator ---
[INFO] Starting audit...
Audit done.
[INFO] 
[INFO] --- jacoco-maven-plugin:0.8.5:prepare-agent (prepare-agent) @ entando-k8s-controller-coordinator ---
[INFO] argLine set to -javaagent:/home/jenkins/.mvnrepository/org/jacoco/org.jacoco.agent/0.8.5/org.jacoco.agent-0.8.5-runtime.jar=destfile=/workspace/source/target/jacoco.e**c
[INFO] 
[INFO] --- maven-resources-plugin:2.6:resources (default-resources) @ entando-k8s-controller-coordinator ---
[INFO] Using 'UTF-8' encoding to copy filtered resources.
[INFO] Copying 3 resources
[INFO] 
[INFO] --- maven-compiler-plugin:3.8.1:compile (default-compile) @ entando-k8s-controller-coordinator ---
[INFO] Changes detected - recompiling the module!
[INFO] Compiling 4 source files to /workspace/source/target/classes
[INFO] 
[INFO] --- maven-resources-plugin:2.6:testResources (default-testResources) @ entando-k8s-controller-coordinator ---
[INFO] Using 'UTF-8' encoding to copy filtered resources.
[INFO] Copying 6 resources
[INFO] 
[INFO] --- maven-compiler-plugin:3.8.1:testCompile (default-testCompile) @ entando-k8s-controller-coordinator ---
[INFO] Changes detected - recompiling the module!
[INFO] Compiling 7 source files to /workspace/source/target/test-classes
[WARNING] /workspace/source/src/test/java/org/entando/kubernetes/controller/coordinator/inprocesstests/ControllerCoordinatorMockedTest.java:[70,61] unchecked cast
  required: java.lang.Class<T>
  found:    java.lang.Class<capture#1 of ? extends org.entando.kubernetes.model.EntandoBaseCustomResource>
[INFO] 
[INFO] --- maven-surefire-plugin:3.0.0-M1:test (default-test) @ entando-k8s-controller-coordinator ---
[INFO] 
[INFO] -------------------------------------------------------
[INFO]  T E S T S
[INFO] -------------------------------------------------------
[INFO] Running org.entando.kubernetes.controller.coordinator.inprocesstests.EntandoOperatorMatcherTest
Oct 28, 2020 6:17:01 AM org.entando.kubernetes.controller.coordinator.EntandoOperatorMatcher matchesThisOperator
WARNING: Operator ID mismatch. Ignoring resource EntandoApp:null/null
Oct 28, 2020 6:17:01 AM org.entando.kubernetes.controller.coordinator.EntandoOperatorMatcher matchesThisOperator
WARNING: Operator version mismatch. Ignoring resource EntandoApp:null/null
Oct 28, 2020 6:17:01 AM org.entando.kubernetes.controller.coordinator.EntandoOperatorMatcher matchesThisOperator
WARNING: Operator ID mismatch. Ignoring resource EntandoApp:null/null
Oct 28, 2020 6:17:01 AM org.entando.kubernetes.controller.coordinator.EntandoOperatorMatcher matchesThisOperator
WARNING: Operator ID mismatch. Ignoring resource EntandoApp:null/null
[INFO] Tests run: 7, Failures: 0, Errors: 0, Skipped: 0, Time elapsed: 0.249 s - in org.entando.kubernetes.controller.coordinator.inprocesstests.EntandoOperatorMatcherTest
[INFO] Running org.entando.kubernetes.controller.coordinator.inprocesstests.ControllerCoordinatorEdgeConditionsTest
Oct 28, 2020 6:17:02 AM okhttp3.mockwebserver.MockWebServer$2 e**cute
INFO: MockWebServer[59458] starting to accept connections
Oct 28, 2020 6:17:03 AM okhttp3.mockwebserver.MockWebServer$3 processOneRequest
INFO: MockWebServer[59458] received request: GET /api/v1/namespaces/entando-k8s-controller-coordinator-carcpr51 HTTP/1.1 and responded: HTTP/1.1 404 Client Error
Oct 28, 2020 6:17:03 AM okhttp3.mockwebserver.MockWebServer$3 processOneRequest
INFO: MockWebServer[59458] received request: POST /api/v1/namespaces HTTP/1.1 and responded: HTTP/1.1 202 OK
Oct 28, 2020 6:17:03 AM okhttp3.mockwebserver.MockWebServer$3 processOneRequest
INFO: MockWebServer[59458] received request: GET /apis/apiextensions.k8s.io/v1beta1/customresourcedefinitions/entandokeycloakservers.entando.org HTTP/1.1 and responded: HTTP/1.1 404 Client Error
Oct 28, 2020 6:17:04 AM okhttp3.mockwebserver.MockWebServer$3 processOneRequest
INFO: MockWebServer[59458] received request: POST /apis/apiextensions.k8s.io/v1beta1/customresourcedefinitions HTTP/1.1 and responded: HTTP/1.1 202 OK
Oct 28, 2020 6:17:04 AM okhttp3.mockwebserver.MockWebServer$3 processOneRequest
INFO: MockWebServer[59458] received request: GET /api/v1/namespaces/entando-k8s-controller-coordinator-carcpr51 HTTP/1.1 and responded: HTTP/1.1 200 OK
Oct 28, 2020 6:17:04 AM okhttp3.mockwebserver.MockWebServer$3 processOneRequest
INFO: MockWebServer[59458] received request: GET /apis/entando.org/v1/namespaces/entando-k8s-controller-coordinator-carcpr51/entandokeycloakservers HTTP/1.1 and responded: HTTP/1.1 200 OK
Oct 28, 2020 6:17:04 AM okhttp3.mockwebserver.MockWebServer$3 processOneRequest
INFO: MockWebServer[59458] received request: GET /api/v1/namespaces/entando-k8s-controller-coordinator-carcpr51 HTTP/1.1 and responded: HTTP/1.1 200 OK
Oct 28, 2020 6:17:04 AM okhttp3.mockwebserver.MockWebServer$3 processOneRequest
INFO: MockWebServer[59458] received request: GET /apis/entando.org/v1/namespaces/entando-k8s-controller-coordinator-carcpr51/entandokeycloakservers HTTP/1.1 and responded: HTTP/1.1 200 OK
Oct 28, 2020 6:17:04 AM okhttp3.mockwebserver.MockWebServer$3 processOneRequest
INFO: MockWebServer[59458] received request: GET /apis/entando.org/v1/namespaces/entando-k8s-controller-coordinator-carcpr51/entandokeycloakservers HTTP/1.1 and responded: HTTP/1.1 200 OK
Oct 28, 2020 6:17:04 AM okhttp3.mockwebserver.MockWebServer$3 processOneRequest
INFO: MockWebServer[59458] received request: GET /apis/entando.org/v1/namespaces/entando-k8s-controller-coordinator-carcpr51/entandokeycloakservers?watch=true HTTP/1.1 and responded: HTTP/1.1 200 OK
Oct 28, 2020 6:17:04 AM okhttp3.mockwebserver.MockWebServer$3 processOneRequest
INFO: MockWebServer[59458] received request: GET /apis/entando.org/v1/namespaces/entando-k8s-controller-coordinator-carcpr51/entandokeycloakservers?watch=true HTTP/1.1 and responded: HTTP/1.1 200 OK
Oct 28, 2020 6:17:04 AM okhttp3.mockwebserver.MockWebServer$3 processOneRequest
INFO: MockWebServer[59458] received request: GET /apis/apiextensions.k8s.io/v1beta1/customresourcedefinitions/entandoclusterinfrastructures.entando.org HTTP/1.1 and responded: HTTP/1.1 404 Client Error
Oct 28, 2020 6:17:04 AM io.fabric8.kubernetes.client.dsl.internal.WatchHTTPManager$1 onResponse
INFO: Watch terminated unexpectedly. reason: \n not found: limit=46 content=7b2261706956657273696f6e223a227631222c226b696e64223a224c69737422â€¦
Oct 28, 2020 6:17:04 AM okhttp3.mockwebserver.MockWebServer$3 processOneRequest
INFO: MockWebServer[59458] received request: POST /apis/apiextensions.k8s.io/v1beta1/customresourcedefinitions HTTP/1.1 and responded: HTTP/1.1 202 OK
Oct 28, 2020 6:17:04 AM okhttp3.mockwebserver.MockWebServer$3 processOneRequest
INFO: MockWebServer[59458] received request: GET /api/v1/namespaces/entando-k8s-controller-coordinator-carcpr51 HTTP/1.1 and responded: HTTP/1.1 200 OK
Oct 28, 2020 6:17:04 AM okhttp3.mockwebserver.MockWebServer$3 processOneRequest
INFO: MockWebServer[59458] received request: GET /apis/entando.org/v1/namespaces/entando-k8s-controller-coordinator-carcpr51/entandoclusterinfrastructures HTTP/1.1 and responded: HTTP/1.1 200 OK
Oct 28, 2020 6:17:05 AM okhttp3.mockwebserver.MockWebServer$3 processOneRequest
INFO: MockWebServer[59458] received request: GET /api/v1/namespaces/entando-k8s-controller-coordinator-carcpr51 HTTP/1.1 and responded: HTTP/1.1 200 OK
Oct 28, 2020 6:17:05 AM okhttp3.mockwebserver.MockWebServer$3 processOneRequest
INFO: MockWebServer[59458] received request: GET /apis/entando.org/v1/namespaces/entando-k8s-controller-coordinator-carcpr51/entandoclusterinfrastructures HTTP/1.1 and responded: HTTP/1.1 200 OK
Oct 28, 2020 6:17:05 AM okhttp3.mockwebserver.MockWebServer$3 processOneRequest
INFO: MockWebServer[59458] received request: GET /apis/entando.org/v1/namespaces/entando-k8s-controller-coordinator-carcpr51/entandoclusterinfrastructures HTTP/1.1 and responded: HTTP/1.1 200 OK
Oct 28, 2020 6:17:05 AM okhttp3.mockwebserver.MockWebServer$3 processOneRequest
INFO: MockWebServer[59458] received request: GET /apis/entando.org/v1/namespaces/entando-k8s-controller-coordinator-carcpr51/entandoclusterinfrastructures?watch=true HTTP/1.1 and responded: HTTP/1.1 200 OK
Oct 28, 2020 6:17:05 AM okhttp3.mockwebserver.MockWebServer$3 processOneRequest
INFO: MockWebServer[59458] received request: GET /apis/entando.org/v1/namespaces/entando-k8s-controller-coordinator-carcpr51/entandoclusterinfrastructures?watch=true HTTP/1.1 and responded: HTTP/1.1 200 OK
Oct 28, 2020 6:17:05 AM okhttp3.mockwebserver.MockWebServer$3 processOneRequest
INFO: MockWebServer[59458] received request: GET /apis/apiextensions.k8s.io/v1beta1/customresourcedefinitions/entandoapps.entando.org HTTP/1.1 and responded: HTTP/1.1 404 Client Error
Oct 28, 2020 6:17:05 AM io.fabric8.kubernetes.client.dsl.internal.WatchHTTPManager$1 onResponse
INFO: Watch terminated unexpectedly. reason: \n not found: limit=46 content=7b2261706956657273696f6e223a227631222c226b696e64223a224c69737422â€¦
Oct 28, 2020 6:17:05 AM okhttp3.mockwebserver.MockWebServer$3 processOneRequest
INFO: MockWebServer[59458] received request: POST /apis/apiextensions.k8s.io/v1beta1/customresourcedefinitions HTTP/1.1 and responded: HTTP/1.1 202 OK
Oct 28, 2020 6:17:05 AM okhttp3.mockwebserver.MockWebServer$3 processOneRequest
INFO: MockWebServer[59458] received request: GET /api/v1/namespaces/entando-k8s-controller-coordinator-carcpr51 HTTP/1.1 and responded: HTTP/1.1 200 OK
Oct 28, 2020 6:17:05 AM okhttp3.mockwebserver.MockWebServer$3 processOneRequest
INFO: MockWebServer[59458] received request: GET /apis/entando.org/v1/namespaces/entando-k8s-controller-coordinator-carcpr51/entandoapps HTTP/1.1 and responded: HTTP/1.1 200 OK
Oct 28, 2020 6:17:05 AM okhttp3.mockwebserver.MockWebServer$3 processOneRequest
INFO: MockWebServer[59458] received request: GET /api/v1/namespaces/entando-k8s-controller-coordinator-carcpr51 HTTP/1.1 and responded: HTTP/1.1 200 OK
Oct 28, 2020 6:17:05 AM okhttp3.mockwebserver.MockWebServer$3 processOneRequest
INFO: MockWebServer[59458] received request: GET /apis/entando.org/v1/namespaces/entando-k8s-controller-coordinator-carcpr51/entandoapps HTTP/1.1 and responded: HTTP/1.1 200 OK
Oct 28, 2020 6:17:05 AM okhttp3.mockwebserver.MockWebServer$3 processOneRequest
INFO: MockWebServer[59458] received request: GET /apis/entando.org/v1/namespaces/entando-k8s-controller-coordinator-carcpr51/entandokeycloakservers?watch=true HTTP/1.1 and responded: HTTP/1.1 200 OK
Oct 28, 2020 6:17:05 AM io.fabric8.kubernetes.client.dsl.internal.WatchHTTPManager$1 onResponse
INFO: Watch terminated unexpectedly. reason: \n not found: limit=46 content=7b2261706956657273696f6e223a227631222c226b696e64223a224c69737422â€¦
Oct 28, 2020 6:17:05 AM okhttp3.mockwebserver.MockWebServer$3 processOneRequest
INFO: MockWebServer[59458] received request: GET /apis/entando.org/v1/namespaces/entando-k8s-controller-coordinator-carcpr51/entandoapps HTTP/1.1 and responded: HTTP/1.1 200 OK
Oct 28, 2020 6:17:05 AM okhttp3.mockwebserver.MockWebServer$3 processOneRequest
INFO: MockWebServer[59458] received request: GET /apis/entando.org/v1/namespaces/entando-k8s-controller-coordinator-carcpr51/entandoapps?watch=true HTTP/1.1 and responded: HTTP/1.1 200 OK
Oct 28, 2020 6:17:06 AM okhttp3.mockwebserver.MockWebServer$3 processOneRequest
INFO: MockWebServer[59458] received request: GET /apis/entando.org/v1/namespaces/entando-k8s-controller-coordinator-carcpr51/entandoapps?watch=true HTTP/1.1 and responded: HTTP/1.1 200 OK
Oct 28, 2020 6:17:06 AM okhttp3.mockwebserver.MockWebServer$3 processOneRequest
INFO: MockWebServer[59458] received request: GET /apis/apiextensions.k8s.io/v1beta1/customresourcedefinitions/entandoplugins.entando.org HTTP/1.1 and responded: HTTP/1.1 404 Client Error
Oct 28, 2020 6:17:06 AM io.fabric8.kubernetes.client.dsl.internal.WatchHTTPManager$1 onResponse
INFO: Watch terminated unexpectedly. reason: \n not found: limit=46 content=7b2261706956657273696f6e223a227631222c226b696e64223a224c69737422â€¦
Oct 28, 2020 6:17:06 AM okhttp3.mockwebserver.MockWebServer$3 processOneRequest
INFO: MockWebServer[59458] received request: POST /apis/apiextensions.k8s.io/v1beta1/customresourcedefinitions HTTP/1.1 and responded: HTTP/1.1 202 OK
Oct 28, 2020 6:17:06 AM okhttp3.mockwebserver.MockWebServer$3 processOneRequest
INFO: MockWebServer[59458] received request: GET /api/v1/namespaces/entando-k8s-controller-coordinator-carcpr51 HTTP/1.1 and responded: HTTP/1.1 200 OK
Oct 28, 2020 6:17:06 AM okhttp3.mockwebserver.MockWebServer$3 processOneRequest
INFO: MockWebServer[59458] received request: GET /apis/entando.org/v1/namespaces/entando-k8s-controller-coordinator-carcpr51/entandoplugins HTTP/1.1 and responded: HTTP/1.1 200 OK
Oct 28, 2020 6:17:06 AM okhttp3.mockwebserver.MockWebServer$3 processOneRequest
INFO: MockWebServer[59458] received request: GET /api/v1/namespaces/entando-k8s-controller-coordinator-carcpr51 HTTP/1.1 and responded: HTTP/1.1 200 OK
Oct 28, 2020 6:17:06 AM okhttp3.mockwebserver.MockWebServer$3 processOneRequest
INFO: MockWebServer[59458] received request: GET /apis/entando.org/v1/namespaces/entando-k8s-controller-coordinator-carcpr51/entandoplugins HTTP/1.1 and responded: HTTP/1.1 200 OK
Oct 28, 2020 6:17:06 AM okhttp3.mockwebserver.MockWebServer$3 processOneRequest
INFO: MockWebServer[59458] received request: GET /apis/entando.org/v1/namespaces/entando-k8s-controller-coordinator-carcpr51/entandoclusterinfrastructures?watch=true HTTP/1.1 and responded: HTTP/1.1 200 OK
Oct 28, 2020 6:17:06 AM io.fabric8.kubernetes.client.dsl.internal.WatchHTTPManager$1 onResponse
INFO: Watch terminated unexpectedly. reason: \n not found: limit=46 content=7b2261706956657273696f6e223a227631222c226b696e64223a224c69737422â€¦
Oct 28, 2020 6:17:06 AM okhttp3.mockwebserver.MockWebServer$3 processOneRequest
INFO: MockWebServer[59458] received request: GET /apis/entando.org/v1/namespaces/entando-k8s-controller-coordinator-carcpr51/entandoplugins HTTP/1.1 and responded: HTTP/1.1 200 OK
Oct 28, 2020 6:17:06 AM okhttp3.mockwebserver.MockWebServer$3 processOneRequest
INFO: MockWebServer[59458] received request: GET /apis/entando.org/v1/namespaces/entando-k8s-controller-coordinator-carcpr51/entandoplugins?watch=true HTTP/1.1 and responded: HTTP/1.1 200 OK
Oct 28, 2020 6:17:06 AM okhttp3.mockwebserver.MockWebServer$3 processOneRequest
INFO: MockWebServer[59458] received request: GET /apis/entando.org/v1/namespaces/entando-k8s-controller-coordinator-carcpr51/entandoplugins?watch=true HTTP/1.1 and responded: HTTP/1.1 200 OK
Oct 28, 2020 6:17:06 AM okhttp3.mockwebserver.MockWebServer$3 processOneRequest
INFO: MockWebServer[59458] received request: GET /apis/apiextensions.k8s.io/v1beta1/customresourcedefinitions/entandoapppluginlinks.entando.org HTTP/1.1 and responded: HTTP/1.1 404 Client Error
Oct 28, 2020 6:17:06 AM io.fabric8.kubernetes.client.dsl.internal.WatchHTTPManager$1 onResponse
INFO: Watch terminated unexpectedly. reason: \n not found: limit=46 content=7b2261706956657273696f6e223a227631222c226b696e64223a224c69737422â€¦
Oct 28, 2020 6:17:06 AM okhttp3.mockwebserver.MockWebServer$3 processOneRequest
INFO: MockWebServer[59458] received request: POST /apis/apiextensions.k8s.io/v1beta1/customresourcedefinitions HTTP/1.1 and responded: HTTP/1.1 202 OK
Oct 28, 2020 6:17:06 AM okhttp3.mockwebserver.MockWebServer$3 processOneRequest
INFO: MockWebServer[59458] received request: GET /api/v1/namespaces/entando-k8s-controller-coordinator-carcpr51 HTTP/1.1 and responded: HTTP/1.1 200 OK
Oct 28, 2020 6:17:06 AM okhttp3.mockwebserver.MockWebServer$3 processOneRequest
INFO: MockWebServer[59458] received request: GET /apis/entando.org/v1/namespaces/entando-k8s-controller-coordinator-carcpr51/entandoapppluginlinks HTTP/1.1 and responded: HTTP/1.1 200 OK
Oct 28, 2020 6:17:06 AM okhttp3.mockwebserver.MockWebServer$3 processOneRequest
INFO: MockWebServer[59458] received request: GET /api/v1/namespaces/entando-k8s-controller-coordinator-carcpr51 HTTP/1.1 and responded: HTTP/1.1 200 OK
Oct 28, 2020 6:17:07 AM okhttp3.mockwebserver.MockWebServer$3 processOneRequest
INFO: MockWebServer[59458] received request: GET /apis/entando.org/v1/namespaces/entando-k8s-controller-coordinator-carcpr51/entandoapppluginlinks HTTP/1.1 and responded: HTTP/1.1 200 OK
Oct 28, 2020 6:17:07 AM okhttp3.mockwebserver.MockWebServer$3 processOneRequest
INFO: MockWebServer[59458] received request: GET /apis/entando.org/v1/namespaces/entando-k8s-controller-coordinator-carcpr51/entandoapps?watch=true HTTP/1.1 and responded: HTTP/1.1 200 OK
Oct 28, 2020 6:17:07 AM okhttp3.mockwebserver.MockWebServer$3 processOneRequest
INFO: MockWebServer[59458] received request: GET /apis/entando.org/v1/namespaces/entando-k8s-controller-coordinator-carcpr51/entandoapppluginlinks HTTP/1.1 and responded: HTTP/1.1 200 OK
Oct 28, 2020 6:17:07 AM io.fabric8.kubernetes.client.dsl.internal.WatchHTTPManager$1 onResponse
INFO: Watch terminated unexpectedly. reason: \n not found: limit=46 content=7b2261706956657273696f6e223a227631222c226b696e64223a224c69737422â€¦
Oct 28, 2020 6:17:07 AM okhttp3.mockwebserver.MockWebServer$3 processOneRequest
INFO: MockWebServer[59458] received request: GET /apis/entando.org/v1/namespaces/entando-k8s-controller-coordinator-carcpr51/entandoapppluginlinks?watch=true HTTP/1.1 and responded: HTTP/1.1 200 OK
Oct 28, 2020 6:17:07 AM okhttp3.mockwebserver.MockWebServer$3 processOneRequest
INFO: MockWebServer[59458] received request: GET /apis/entando.org/v1/namespaces/entando-k8s-controller-coordinator-carcpr51/entandoapppluginlinks?watch=true HTTP/1.1 and responded: HTTP/1.1 200 OK
Oct 28, 2020 6:17:07 AM okhttp3.mockwebserver.MockWebServer$3 processOneRequest
INFO: MockWebServer[59458] received request: GET /apis/apiextensions.k8s.io/v1beta1/customresourcedefinitions/entandocompositeapps.entando.org HTTP/1.1 and responded: HTTP/1.1 404 Client Error
Oct 28, 2020 6:17:07 AM io.fabric8.kubernetes.client.dsl.internal.WatchHTTPManager$1 onResponse
INFO: Watch terminated unexpectedly. reason: \n not found: limit=46 content=7b2261706956657273696f6e223a227631222c226b696e64223a224c69737422â€¦
Oct 28, 2020 6:17:07 AM okhttp3.mockwebserver.MockWebServer$3 processOneRequest
INFO: MockWebServer[59458] received request: POST /apis/apiextensions.k8s.io/v1beta1/customresourcedefinitions HTTP/1.1 and responded: HTTP/1.1 202 OK
Oct 28, 2020 6:17:07 AM okhttp3.mockwebserver.MockWebServer$3 processOneRequest
INFO: MockWebServer[59458] received request: GET /api/v1/namespaces/entando-k8s-controller-coordinator-carcpr51 HTTP/1.1 and responded: HTTP/1.1 200 OK
Oct 28, 2020 6:17:07 AM okhttp3.mockwebserver.MockWebServer$3 processOneRequest
INFO: MockWebServer[59458] received request: GET /apis/entando.org/v1/namespaces/entando-k8s-controller-coordinator-carcpr51/entandocompositeapps HTTP/1.1 and responded: HTTP/1.1 200 OK
Oct 28, 2020 6:17:07 AM okhttp3.mockwebserver.MockWebServer$3 processOneRequest
INFO: MockWebServer[59458] received request: GET /api/v1/namespaces/entando-k8s-controller-coordinator-carcpr51 HTTP/1.1 and responded: HTTP/1.1 200 OK
Oct 28, 2020 6:17:07 AM okhttp3.mockwebserver.MockWebServer$3 processOneRequest
INFO: MockWebServer[59458] received request: GET /apis/entando.org/v1/namespaces/entando-k8s-controller-coordinator-carcpr51/entandocompositeapps HTTP/1.1 and responded: HTTP/1.1 200 OK
Oct 28, 2020 6:17:07 AM okhttp3.mockwebserver.MockWebServer$3 processOneRequest
INFO: MockWebServer[59458] received request: GET /apis/entando.org/v1/namespaces/entando-k8s-controller-coordinator-carcpr51/entandocompositeapps HTTP/1.1 and responded: HTTP/1.1 200 OK
Oct 28, 2020 6:17:07 AM okhttp3.mockwebserver.MockWebServer$3 processOneRequest
INFO: MockWebServer[59458] received request: GET /apis/entando.org/v1/namespaces/entando-k8s-controller-coordinator-carcpr51/entandoplugins?watch=true HTTP/1.1 and responded: HTTP/1.1 200 OK
Oct 28, 2020 6:17:07 AM io.fabric8.kubernetes.client.dsl.internal.WatchHTTPManager$1 onResponse
INFO: Watch terminated unexpectedly. reason: \n not found: limit=46 content=7b2261706956657273696f6e223a227631222c226b696e64223a224c69737422â€¦
Oct 28, 2020 6:17:07 AM okhttp3.mockwebserver.MockWebServer$3 processOneRequest
INFO: MockWebServer[59458] received request: GET /apis/entando.org/v1/namespaces/entando-k8s-controller-coordinator-carcpr51/entandokeycloakservers?watch=true HTTP/1.1 and responded: HTTP/1.1 200 OK
Oct 28, 2020 6:17:07 AM okhttp3.mockwebserver.MockWebServer$3 processOneRequest
INFO: MockWebServer[59458] received request: GET /apis/entando.org/v1/namespaces/entando-k8s-controller-coordinator-carcpr51/entandocompositeapps?watch=true HTTP/1.1 and responded: HTTP/1.1 200 OK
Oct 28, 2020 6:17:07 AM io.fabric8.kubernetes.client.dsl.internal.WatchHTTPManager$1 onResponse
INFO: Watch terminated unexpectedly. reason: \n not found: limit=46 content=7b2261706956657273696f6e223a227631222c226b696e64223a224c69737422â€¦
Oct 28, 2020 6:17:07 AM okhttp3.mockwebserver.MockWebServer$3 processOneRequest
INFO: MockWebServer[59458] received request: GET /apis/entando.org/v1/namespaces/entando-k8s-controller-coordinator-carcpr51/entandocompositeapps?watch=true HTTP/1.1 and responded: HTTP/1.1 200 OK
Oct 28, 2020 6:17:07 AM okhttp3.mockwebserver.MockWebServer$3 processOneRequest
INFO: MockWebServer[59458] received request: GET /apis/apiextensions.k8s.io/v1beta1/customresourcedefinitions/entandodatabaseservices.entando.org HTTP/1.1 and responded: HTTP/1.1 404 Client Error
Oct 28, 2020 6:17:07 AM io.fabric8.kubernetes.client.dsl.internal.WatchHTTPManager$1 onResponse
INFO: Watch terminated unexpectedly. reason: \n not found: limit=46 content=7b2261706956657273696f6e223a227631222c226b696e64223a224c69737422â€¦
Oct 28, 2020 6:17:08 AM okhttp3.mockwebserver.MockWebServer$3 processOneRequest
INFO: MockWebServer[59458] received request: POST /apis/apiextensions.k8s.io/v1beta1/customresourcedefinitions HTTP/1.1 and responded: HTTP/1.1 202 OK
Oct 28, 2020 6:17:08 AM okhttp3.mockwebserver.MockWebServer$3 processOneRequest
INFO: MockWebServer[59458] received request: GET /api/v1/namespaces/entando-k8s-controller-coordinator-carcpr51 HTTP/1.1 and responded: HTTP/1.1 200 OK
Oct 28, 2020 6:17:08 AM okhttp3.mockwebserver.MockWebServer$3 processOneRequest
INFO: MockWebServer[59458] received request: GET /apis/entando.org/v1/namespaces/entando-k8s-controller-coordinator-carcpr51/entandodatabaseservices HTTP/1.1 and responded: HTTP/1.1 200 OK
Oct 28, 2020 6:17:08 AM okhttp3.mockwebserver.MockWebServer$3 processOneRequest
INFO: MockWebServer[59458] received request: GET /api/v1/namespaces/entando-k8s-controller-coordinator-carcpr51 HTTP/1.1 and responded: HTTP/1.1 200 OK
Oct 28, 2020 6:17:08 AM okhttp3.mockwebserver.MockWebServer$3 processOneRequest
INFO: MockWebServer[59458] received request: GET /apis/entando.org/v1/namespaces/entando-k8s-controller-coordinator-carcpr51/entandodatabaseservices HTTP/1.1 and responded: HTTP/1.1 200 OK
Oct 28, 2020 6:17:08 AM okhttp3.mockwebserver.MockWebServer$3 processOneRequest
INFO: MockWebServer[59458] received request: GET /apis/entando.org/v1/namespaces/entando-k8s-controller-coordinator-carcpr51/entandoapppluginlinks?watch=true HTTP/1.1 and responded: HTTP/1.1 200 OK
Oct 28, 2020 6:17:08 AM io.fabric8.kubernetes.client.dsl.internal.WatchHTTPManager$1 onResponse
INFO: Watch terminated unexpectedly. reason: \n not found: limit=46 content=7b2261706956657273696f6e223a227631222c226b696e64223a224c69737422â€¦
Oct 28, 2020 6:17:08 AM okhttp3.mockwebserver.MockWebServer$3 processOneRequest
INFO: MockWebServer[59458] received request: GET /apis/entando.org/v1/namespaces/entando-k8s-controller-coordinator-carcpr51/entandodatabaseservices HTTP/1.1 and responded: HTTP/1.1 200 OK
Oct 28, 2020 6:17:08 AM okhttp3.mockwebserver.MockWebServer$3 processOneRequest
INFO: MockWebServer[59458] received request: GET /apis/entando.org/v1/namespaces/entando-k8s-controller-coordinator-carcpr51/entandoclusterinfrastructures?watch=true HTTP/1.1 and responded: HTTP/1.1 200 OK
Oct 28, 2020 6:17:08 AM io.fabric8.kubernetes.client.dsl.internal.WatchHTTPManager$1 onResponse
INFO: Watch terminated unexpectedly. reason: \n not found: limit=46 content=7b2261706956657273696f6e223a227631222c226b696e64223a224c69737422â€¦
Oct 28, 2020 6:17:08 AM okhttp3.mockwebserver.MockWebServer$3 processOneRequest
INFO: MockWebServer[59458] received request: GET /apis/entando.org/v1/namespaces/entando-k8s-controller-coordinator-carcpr51/entandodatabaseservices?watch=true HTTP/1.1 and responded: HTTP/1.1 200 OK
Oct 28, 2020 6:17:08 AM okhttp3.mockwebserver.MockWebServer$3 processOneRequest
INFO: MockWebServer[59458] received request: GET /apis/entando.org/v1/namespaces/entando-k8s-controller-coordinator-carcpr51/entandodatabaseservices?watch=true HTTP/1.1 and responded: HTTP/1.1 200 OK
Oct 28, 2020 6:17:08 AM io.fabric8.kubernetes.client.dsl.internal.WatchHTTPManager$1 onResponse
INFO: Watch terminated unexpectedly. reason: \n not found: limit=46 content=7b2261706956657273696f6e223a227631222c226b696e64223a224c69737422â€¦
Oct 28, 2020 6:17:08 AM okhttp3.mockwebserver.MockWebServer$3 processOneRequest
INFO: MockWebServer[59458] received request: POST /api/v1/namespaces/entando/configmaps HTTP/1.1 and responded: HTTP/1.1 202 OK
Oct 28, 2020 6:17:08 AM okhttp3.mockwebserver.MockWebServer$3 processOneRequest
INFO: MockWebServer[59458] received request: GET /api/v1/namespaces/entando-k8s-controller-coordinator-carcpr51 HTTP/1.1 and responded: HTTP/1.1 200 OK
Oct 28, 2020 6:17:08 AM okhttp3.mockwebserver.MockWebServer$3 processOneRequest
INFO: MockWebServer[59458] received request: GET /apis/entando.org/v1/namespaces/entando-k8s-controller-coordinator-carcpr51/entandokeycloakservers HTTP/1.1 and responded: HTTP/1.1 200 OK
Oct 28, 2020 6:17:08 AM okhttp3.mockwebserver.MockWebServer$3 processOneRequest
INFO: MockWebServer[59458] received request: GET /api/v1/namespaces/entando-k8s-controller-coordinator-carcpr51 HTTP/1.1 and responded: HTTP/1.1 200 OK
Oct 28, 2020 6:17:08 AM okhttp3.mockwebserver.MockWebServer$3 processOneRequest
INFO: MockWebServer[59458] received request: GET /apis/entando.org/v1/namespaces/entando-k8s-controller-coordinator-carcpr51/entandokeycloakservers HTTP/1.1 and responded: HTTP/1.1 200 OK
Oct 28, 2020 6:17:09 AM io.fabric8.kubernetes.client.dsl.internal.WatchHTTPManager$1 onResponse
INFO: Watch terminated unexpectedly. reason: \n not found: limit=46 content=7b2261706956657273696f6e223a227631222c226b696e64223a224c69737422â€¦
Oct 28, 2020 6:17:09 AM okhttp3.mockwebserver.MockWebServer$3 processOneRequest
INFO: MockWebServer[59458] received request: GET /apis/entando.org/v1/namespaces/entando-k8s-controller-coordinator-carcpr51/entandocompositeapps?watch=true HTTP/1.1 and responded: HTTP/1.1 200 OK
Oct 28, 2020 6:17:09 AM okhttp3.mockwebserver.MockWebServer$3 processOneRequest
INFO: MockWebServer[59458] received request: POST /apis/entando.org/v1/namespaces/entando-k8s-controller-coordinator-carcpr51/entandokeycloakservers HTTP/1.1 and responded: HTTP/1.1 202 OK
Oct 28, 2020 6:17:09 AM org.entando.kubernetes.controller.coordinator.EntandoResourceObserver logAction
INFO: Received ADDED for resource EntandoKeycloakServer entando-k8s-controller-coordinator-carcpr51/test-keycloak
Oct 28, 2020 6:17:09 AM okhttp3.mockwebserver.MockWebServer$3 processOneRequest
INFO: MockWebServer[59458] received request: GET /apis/entando.org/v1/namespaces/entando-k8s-controller-coordinator-carcpr51/entandoapps?watch=true HTTP/1.1 and responded: HTTP/1.1 200 OK
Oct 28, 2020 6:17:09 AM okhttp3.mockwebserver.MockWebServer$3 processOneRequest
INFO: MockWebServer[59458] received request: GET /api/v1/namespaces/entando/configmaps/entando-docker-image-info-v6.1 HTTP/1.1 and responded: HTTP/1.1 200 OK
Oct 28, 2020 6:17:09 AM io.fabric8.kubernetes.client.dsl.internal.WatchHTTPManager$1 onResponse
INFO: Watch terminated unexpectedly. reason: \n not found: limit=46 content=7b2261706956657273696f6e223a227631222c226b696e64223a224c69737422â€¦
Oct 28, 2020 6:17:09 AM okhttp3.mockwebserver.MockWebServer$3 processOneRequest
INFO: MockWebServer[59458] received request: GET /api/v1/namespaces/entando-k8s-controller-coordinator-carcpr51/pods?labelSelector=EntandoResourceKind%3DEntandoKeycloakServer HTTP/1.1 and responded: HTTP/1.1 200 OK
Oct 28, 2020 6:17:09 AM okhttp3.mockwebserver.MockWebServer$3 processOneRequest
INFO: MockWebServer[59458] received request: GET /api/v1/namespaces/entando-k8s-controller-coordinator-carcpr51/secrets/test-keycloak-controller-ca-cert-secret HTTP/1.1 and responded: HTTP/1.1 404 Client Error
Oct 28, 2020 6:17:09 AM okhttp3.mockwebserver.MockWebServer$3 processOneRequest
INFO: MockWebServer[59458] received request: POST /api/v1/namespaces/entando-k8s-controller-coordinator-carcpr51/secrets HTTP/1.1 and responded: HTTP/1.1 202 OK
Oct 28, 2020 6:17:09 AM okhttp3.mockwebserver.MockWebServer$3 processOneRequest
INFO: MockWebServer[59458] received request: GET /apis/entando.org/v1/namespaces/entando-k8s-controller-coordinator-carcpr51/entandodatabaseservices?watch=true HTTP/1.1 and responded: HTTP/1.1 200 OK
Oct 28, 2020 6:17:09 AM io.fabric8.kubernetes.client.dsl.internal.WatchHTTPManager$1 onResponse
INFO: Watch terminated unexpectedly. reason: \n not found: limit=46 content=7b2261706956657273696f6e223a227631222c226b696e64223a224c69737422â€¦
Oct 28, 2020 6:17:09 AM okhttp3.mockwebserver.MockWebServer$3 processOneRequest
INFO: MockWebServer[59458] received request: GET /apis/entando.org/v1/namespaces/entando-k8s-controller-coordinator-carcpr51/entandoplugins?watch=true HTTP/1.1 and responded: HTTP/1.1 200 OK
Oct 28, 2020 6:17:09 AM io.fabric8.kubernetes.client.dsl.internal.WatchHTTPManager$1 onResponse
INFO: Watch terminated unexpectedly. reason: \n not found: limit=46 content=7b2261706956657273696f6e223a227631222c226b696e64223a224c69737422â€¦
Oct 28, 2020 6:17:09 AM okhttp3.mockwebserver.MockWebServer$3 processOneRequest
INFO: MockWebServer[59458] received request: POST /api/v1/namespaces/entando-k8s-controller-coordinator-carcpr51/pods HTTP/1.1 and responded: HTTP/1.1 202 OK
Oct 28, 2020 6:17:09 AM okhttp3.mockwebserver.MockWebServer$3 processOneRequest
INFO: MockWebServer[59458] received request: GET /api/v1/namespaces/entando-k8s-controller-coordinator-carcpr51/pods?labelSelector=EntandoResourceKind%3DEntandoKeycloakServer HTTP/1.1 and responded: HTTP/1.1 200 OK
Oct 28, 2020 6:17:09 AM okhttp3.mockwebserver.MockWebServer$3 processOneRequest
INFO: MockWebServer[59458] received request: GET /api/v1/namespaces/entando-k8s-controller-coordinator-carcpr51 HTTP/1.1 and responded: HTTP/1.1 200 OK
Oct 28, 2020 6:17:09 AM okhttp3.mockwebserver.MockWebServer$3 processOneRequest
INFO: MockWebServer[59458] received request: GET /apis/entando.org/v1/namespaces/entando-k8s-controller-coordinator-carcpr51/entandokeycloakservers HTTP/1.1 and responded: HTTP/1.1 200 OK
Oct 28, 2020 6:17:10 AM okhttp3.mockwebserver.MockWebServer$3 processOneRequest
INFO: MockWebServer[59458] received request: GET /api/v1/namespaces/entando-k8s-controller-coordinator-carcpr51 HTTP/1.1 and responded: HTTP/1.1 200 OK
Oct 28, 2020 6:17:10 AM okhttp3.mockwebserver.MockWebServer$3 processOneRequest
INFO: MockWebServer[59458] received request: GET /apis/entando.org/v1/namespaces/entando-k8s-controller-coordinator-carcpr51/entandokeycloakservers HTTP/1.1 and responded: HTTP/1.1 200 OK
Oct 28, 2020 6:17:10 AM okhttp3.mockwebserver.MockWebServer$3 processOneRequest
INFO: MockWebServer[59458] received request: GET /apis/entando.org/v1/namespaces/entando-k8s-controller-coordinator-carcpr51/entandokeycloakservers/test-keycloak HTTP/1.1 and responded: HTTP/1.1 200 OK
Oct 28, 2020 6:17:10 AM okhttp3.mockwebserver.MockWebServer$3 processOneRequest
INFO: MockWebServer[59458] received request: GET /api/v1/namespaces/entando-k8s-controller-coordinator-carcpr51/pods?labelSelector=EntandoResourceKind%3DEntandoKeycloakServer HTTP/1.1 and responded: HTTP/1.1 200 OK
Oct 28, 2020 6:17:10 AM okhttp3.mockwebserver.MockWebServer$3 processOneRequest
INFO: MockWebServer[59458] received request: GET /apis/entando.org/v1/namespaces/entando-k8s-controller-coordinator-carcpr51/entandoapppluginlinks?watch=true HTTP/1.1 and responded: HTTP/1.1 200 OK
Oct 28, 2020 6:17:10 AM io.fabric8.kubernetes.client.dsl.internal.WatchHTTPManager$1 onResponse
INFO: Watch terminated unexpectedly. reason: \n not found: limit=46 content=7b2261706956657273696f6e223a227631222c226b696e64223a224c69737422â€¦
Oct 28, 2020 6:17:10 AM okhttp3.mockwebserver.MockWebServer$3 processOneRequest
INFO: MockWebServer[59458] received request: GET /api/v1/namespaces/entando-k8s-controller-coordinator-carcpr51/pods?labelSelector=EntandoResourceKind%3DEntandoKeycloakServer HTTP/1.1 and responded: HTTP/1.1 200 OK
Oct 28, 2020 6:17:10 AM okhttp3.mockwebserver.MockWebServer$3 processOneRequest
INFO: MockWebServer[59458] received request: GET /api/v1/namespaces/entando-k8s-controller-coordinator-carcpr51/pods?labelSelector=EntandoResourceKind%3DEntandoKeycloakServer HTTP/1.1 and responded: HTTP/1.1 200 OK
Oct 28, 2020 6:17:10 AM okhttp3.mockwebserver.MockWebServer$3 processOneRequest
INFO: MockWebServer[59458] received request: GET /api/v1/namespaces/entando-k8s-controller-coordinator-carcpr51/pods?labelSelector=EntandoResourceKind%3DEntandoKeycloakServer HTTP/1.1 and responded: HTTP/1.1 200 OK
Oct 28, 2020 6:17:10 AM okhttp3.mockwebserver.MockWebServer$3 processOneRequest
INFO: MockWebServer[59458] received request: GET /api/v1/namespaces/entando-k8s-controller-coordinator-carcpr51/pods?labelSelector=EntandoResourceKind%3DEntandoKeycloakServer HTTP/1.1 and responded: HTTP/1.1 200 OK
Oct 28, 2020 6:17:11 AM okhttp3.mockwebserver.MockWebServer$3 processOneRequest
INFO: MockWebServer[59458] received request: GET /apis/entando.org/v1/namespaces/entando-k8s-controller-coordinator-carcpr51/entandocompositeapps?watch=true HTTP/1.1 and responded: HTTP/1.1 200 OK
Oct 28, 2020 6:17:11 AM io.fabric8.kubernetes.client.dsl.internal.WatchHTTPManager$1 onResponse
INFO: Watch terminated unexpectedly. reason: \n not found: limit=46 content=7b2261706956657273696f6e223a227631222c226b696e64223a224c69737422â€¦
Oct 28, 2020 6:17:11 AM okhttp3.mockwebserver.MockWebServer$3 processOneRequest
INFO: MockWebServer[59458] received request: GET /api/v1/namespaces/entando-k8s-controller-coordinator-carcpr51/pods?labelSelector=EntandoResourceKind%3DEntandoKeycloakServer HTTP/1.1 and responded: HTTP/1.1 200 OK
Oct 28, 2020 6:17:11 AM okhttp3.mockwebserver.MockWebServer$3 processOneRequest
INFO: MockWebServer[59458] received request: GET /api/v1/namespaces/entando-k8s-controller-coordinator-carcpr51/pods?labelSelector=EntandoResourceKind%3DEntandoKeycloakServer HTTP/1.1 and responded: HTTP/1.1 200 OK
Oct 28, 2020 6:17:11 AM okhttp3.mockwebserver.MockWebServer$3 processOneRequest
INFO: MockWebServer[59458] received request: GET /api/v1/namespaces/entando-k8s-controller-coordinator-carcpr51/pods?labelSelector=EntandoResourceKind%3DEntandoKeycloakServer HTTP/1.1 and responded: HTTP/1.1 200 OK
Oct 28, 2020 6:17:11 AM okhttp3.mockwebserver.MockWebServer$3 processOneRequest
INFO: MockWebServer[59458] received request: GET /api/v1/namespaces/entando-k8s-controller-coordinator-carcpr51/pods?labelSelector=EntandoResourceKind%3DEntandoKeycloakServer HTTP/1.1 and responded: HTTP/1.1 200 OK
Oct 28, 2020 6:17:11 AM okhttp3.mockwebserver.MockWebServer$3 processOneRequest
INFO: MockWebServer[59458] received request: GET /api/v1/namespaces/entando-k8s-controller-coordinator-carcpr51/pods?labelSelector=EntandoResourceKind%3DEntandoKeycloakServer HTTP/1.1 and responded: HTTP/1.1 200 OK
Oct 28, 2020 6:17:11 AM okhttp3.mockwebserver.MockWebServer$3 processOneRequest
INFO: MockWebServer[59458] received request: GET /apis/entando.org/v1/namespaces/entando-k8s-controller-coordinator-carcpr51/entandodatabaseservices?watch=true HTTP/1.1 and responded: HTTP/1.1 200 OK
Oct 28, 2020 6:17:11 AM io.fabric8.kubernetes.client.dsl.internal.WatchHTTPManager$1 onResponse
INFO: Watch terminated unexpectedly. reason: \n not found: limit=46 content=7b2261706956657273696f6e223a227631222c226b696e64223a224c69737422â€¦
Oct 28, 2020 6:17:11 AM okhttp3.mockwebserver.MockWebServer$3 processOneRequest
INFO: MockWebServer[59458] received request: GET /api/v1/namespaces/entando-k8s-controller-coordinator-carcpr51/pods?labelSelector=EntandoResourceKind%3DEntandoKeycloakServer HTTP/1.1 and responded: HTTP/1.1 200 OK
Oct 28, 2020 6:17:11 AM okhttp3.mockwebserver.MockWebServer$3 processOneRequest
INFO: MockWebServer[59458] received request: GET /apis/entando.org/v1/namespaces/entando-k8s-controller-coordinator-carcpr51/entandokeycloakservers?watch=true HTTP/1.1 and responded: HTTP/1.1 200 OK
Oct 28, 2020 6:17:11 AM io.fabric8.kubernetes.client.dsl.internal.WatchHTTPManager$1 onResponse
INFO: Watch terminated unexpectedly. reason: \n not found: limit=341 content=7b2261706956657273696f6e223a227631222c226b696e64223a224c69737422â€¦
Oct 28, 2020 6:17:12 AM okhttp3.mockwebserver.MockWebServer$3 processOneRequest
INFO: MockWebServer[59458] received request: GET /api/v1/namespaces/entando-k8s-controller-coordinator-carcpr51/pods?labelSelector=EntandoResourceKind%3DEntandoKeycloakServer HTTP/1.1 and responded: HTTP/1.1 200 OK
Oct 28, 2020 6:17:12 AM okhttp3.mockwebserver.MockWebServer$3 processOneRequest
INFO: MockWebServer[59458] received request: GET /api/v1/namespaces/entando-k8s-controller-coordinator-carcpr51/pods?labelSelector=EntandoResourceKind%3DEntandoKeycloakServer HTTP/1.1 and responded: HTTP/1.1 200 OK
Oct 28, 2020 6:17:12 AM okhttp3.mockwebserver.MockWebServer$3 processOneRequest
INFO: MockWebServer[59458] received request: GET /api/v1/namespaces/entando-k8s-controller-coordinator-carcpr51/pods?labelSelector=EntandoResourceKind%3DEntandoKeycloakServer HTTP/1.1 and responded: HTTP/1.1 200 OK
Oct 28, 2020 6:17:12 AM okhttp3.mockwebserver.MockWebServer$3 processOneRequest
INFO: MockWebServer[59458] received request: GET /api/v1/namespaces/entando-k8s-controller-coordinator-carcpr51/pods?labelSelector=EntandoResourceKind%3DEntandoKeycloakServer HTTP/1.1 and responded: HTTP/1.1 200 OK
Oct 28, 2020 6:17:12 AM okhttp3.mockwebserver.MockWebServer$3 processOneRequest
INFO: MockWebServer[59458] received request: GET /apis/entando.org/v1/namespaces/entando-k8s-controller-coordinator-carcpr51/entandoclusterinfrastructures?watch=true HTTP/1.1 and responded: HTTP/1.1 200 OK
Oct 28, 2020 6:17:12 AM io.fabric8.kubernetes.client.dsl.internal.WatchHTTPManager$1 onResponse
INFO: Watch terminated unexpectedly. reason: \n not found: limit=46 content=7b2261706956657273696f6e223a227631222c226b696e64223a224c69737422â€¦
Oct 28, 2020 6:17:12 AM okhttp3.mockwebserver.MockWebServer$3 processOneRequest
INFO: MockWebServer[59458] received request: GET /api/v1/namespaces/entando-k8s-controller-coordinator-carcpr51/pods?labelSelector=EntandoResourceKind%3DEntandoKeycloakServer HTTP/1.1 and responded: HTTP/1.1 200 OK
Oct 28, 2020 6:17:12 AM okhttp3.mockwebserver.MockWebServer$3 processOneRequest
INFO: MockWebServer[59458] received request: GET /api/v1/namespaces/entando-k8s-controller-coordinator-carcpr51/pods?labelSelector=EntandoResourceKind%3DEntandoKeycloakServer HTTP/1.1 and responded: HTTP/1.1 200 OK
Oct 28, 2020 6:17:12 AM okhttp3.mockwebserver.MockWebServer$3 processOneRequest
INFO: MockWebServer[59458] received request: GET /api/v1/namespaces/entando-k8s-controller-coordinator-carcpr51/pods?labelSelector=EntandoResourceKind%3DEntandoKeycloakServer HTTP/1.1 and responded: HTTP/1.1 200 OK
Oct 28, 2020 6:17:13 AM okhttp3.mockwebserver.MockWebServer$3 processOneRequest
INFO: MockWebServer[59458] received request: GET /api/v1/namespaces/entando-k8s-controller-coordinator-carcpr51/pods?labelSelector=EntandoResourceKind%3DEntandoKeycloakServer HTTP/1.1 and responded: HTTP/1.1 200 OK
Oct 28, 2020 6:17:13 AM okhttp3.mockwebserver.MockWebServer$3 processOneRequest
INFO: MockWebServer[59458] received request: GET /api/v1/namespaces/entando-k8s-controller-coordinator-carcpr51/pods?labelSelector=EntandoResourceKind%3DEntandoKeycloakServer HTTP/1.1 and responded: HTTP/1.1 200 OK
Oct 28, 2020 6:17:13 AM okhttp3.mockwebserver.MockWebServer$3 processOneRequest
INFO: MockWebServer[59458] received request: GET /apis/entando.org/v1/namespaces/entando-k8s-controller-coordinator-carcpr51/entandoapps?watch=true HTTP/1.1 and responded: HTTP/1.1 200 OK
Oct 28, 2020 6:17:13 AM io.fabric8.kubernetes.client.dsl.internal.WatchHTTPManager$1 onResponse
INFO: Watch terminated unexpectedly. reason: \n not found: limit=46 content=7b2261706956657273696f6e223a227631222c226b696e64223a224c69737422â€¦
Oct 28, 2020 6:17:13 AM okhttp3.mockwebserver.MockWebServer$3 processOneRequest
INFO: MockWebServer[59458] received request: GET /api/v1/namespaces/entando-k8s-controller-coordinator-carcpr51/pods?labelSelector=EntandoResourceKind%3DEntandoKeycloakServer HTTP/1.1 and responded: HTTP/1.1 200 OK
Oct 28, 2020 6:17:13 AM okhttp3.mockwebserver.MockWebServer$3 processOneRequest
INFO: MockWebServer[59458] received request: GET /api/v1/namespaces/entando-k8s-controller-coordinator-carcpr51/pods?labelSelector=EntandoResourceKind%3DEntandoKeycloakServer HTTP/1.1 and responded: HTTP/1.1 200 OK
Oct 28, 2020 6:17:13 AM okhttp3.mockwebserver.MockWebServer$3 processOneRequest
INFO: MockWebServer[59458] received request: GET /api/v1/namespaces/entando-k8s-controller-coordinator-carcpr51/pods?labelSelector=EntandoResourceKind%3DEntandoKeycloakServer HTTP/1.1 and responded: HTTP/1.1 200 OK
Oct 28, 2020 6:17:13 AM okhttp3.mockwebserver.MockWebServer$3 processOneRequest
INFO: MockWebServer[59458] received request: GET /api/v1/namespaces/entando-k8s-controller-coordinator-carcpr51/pods?labelSelector=EntandoResourceKind%3DEntandoKeycloakServer HTTP/1.1 and responded: HTTP/1.1 200 OK
Oct 28, 2020 6:17:13 AM okhttp3.mockwebserver.MockWebServer$3 processOneRequest
INFO: MockWebServer[59458] received request: GET /apis/entando.org/v1/namespaces/entando-k8s-controller-coordinator-carcpr51/entandoplugins?watch=true HTTP/1.1 and responded: HTTP/1.1 200 OK
Oct 28, 2020 6:17:13 AM io.fabric8.kubernetes.client.dsl.internal.WatchHTTPManager$1 onResponse
INFO: Watch terminated unexpectedly. reason: \n not found: limit=46 content=7b2261706956657273696f6e223a227631222c226b696e64223a224c69737422â€¦
Oct 28, 2020 6:17:13 AM okhttp3.mockwebserver.MockWebServer$3 processOneRequest
INFO: MockWebServer[59458] received request: GET /api/v1/namespaces/entando-k8s-controller-coordinator-carcpr51/pods?labelSelector=EntandoResourceKind%3DEntandoKeycloakServer HTTP/1.1 and responded: HTTP/1.1 200 OK
Oct 28, 2020 6:17:14 AM okhttp3.mockwebserver.MockWebServer$3 processOneRequest
INFO: MockWebServer[59458] received request: GET /api/v1/namespaces/entando-k8s-controller-coordinator-carcpr51/pods?labelSelector=EntandoResourceKind%3DEntandoKeycloakServer HTTP/1.1 and responded: HTTP/1.1 200 OK
Oct 28, 2020 6:17:14 AM okhttp3.mockwebserver.MockWebServer$3 processOneRequest
INFO: MockWebServer[59458] received request: GET /api/v1/namespaces/entando-k8s-controller-coordinator-carcpr51/pods?labelSelector=EntandoResourceKind%3DEntandoKeycloakServer HTTP/1.1 and responded: HTTP/1.1 200 OK
Oct 28, 2020 6:17:14 AM okhttp3.mockwebserver.MockWebServer$3 processOneRequest
INFO: MockWebServer[59458] received request: GET /api/v1/namespaces/entando-k8s-controller-coordinator-carcpr51/pods?labelSelector=EntandoResourceKind%3DEntandoKeycloakServer HTTP/1.1 and responded: HTTP/1.1 200 OK
Oct 28, 2020 6:17:14 AM okhttp3.mockwebserver.MockWebServer$3 processOneRequest
INFO: MockWebServer[59458] received request: GET /apis/entando.org/v1/namespaces/entando-k8s-controller-coordinator-carcpr51/entandoapppluginlinks?watch=true HTTP/1.1 and responded: HTTP/1.1 200 OK
Oct 28, 2020 6:17:14 AM io.fabric8.kubernetes.client.dsl.internal.WatchHTTPManager$1 onResponse
INFO: Watch terminated unexpectedly. reason: \n not found: limit=46 content=7b2261706956657273696f6e223a227631222c226b696e64223a224c69737422â€¦
Oct 28, 2020 6:17:14 AM okhttp3.mockwebserver.MockWebServer$3 processOneRequest
INFO: MockWebServer[59458] received request: GET /api/v1/namespaces/entando-k8s-controller-coordinator-carcpr51/pods?labelSelector=EntandoResourceKind%3DEntandoKeycloakServer HTTP/1.1 and responded: HTTP/1.1 200 OK
Oct 28, 2020 6:17:14 AM okhttp3.mockwebserver.MockWebServer$3 processOneRequest
INFO: MockWebServer[59458] received request: GET /api/v1/namespaces/entando-k8s-controller-coordinator-carcpr51/pods?labelSelector=EntandoResourceKind%3DEntandoKeycloakServer HTTP/1.1 and responded: HTTP/1.1 200 OK
Oct 28, 2020 6:17:14 AM okhttp3.mockwebserver.MockWebServer$3 processOneRequest
INFO: MockWebServer[59458] received request: GET /api/v1/namespaces/entando-k8s-controller-coordinator-carcpr51/pods?labelSelector=EntandoResourceKind%3DEntandoKeycloakServer HTTP/1.1 and responded: HTTP/1.1 200 OK
Oct 28, 2020 6:17:15 AM okhttp3.mockwebserver.MockWebServer$3 processOneRequest
INFO: MockWebServer[59458] received request: GET /api/v1/namespaces/entando-k8s-controller-coordinator-carcpr51/pods?labelSelector=EntandoResourceKind%3DEntandoKeycloakServer HTTP/1.1 and responded: HTTP/1.1 200 OK
Oct 28, 2020 6:17:15 AM io.fabric8.kubernetes.client.dsl.internal.WatchHTTPManager$1 onResponse
INFO: Watch terminated unexpectedly. reason: \n not found: limit=46 content=7b2261706956657273696f6e223a227631222c226b696e64223a224c69737422â€¦
Oct 28, 2020 6:17:15 AM okhttp3.mockwebserver.MockWebServer$3 processOneRequest
INFO: MockWebServer[59458] received request: GET /apis/entando.org/v1/namespaces/entando-k8s-controller-coordinator-carcpr51/entandocompositeapps?watch=true HTTP/1.1 and responded: HTTP/1.1 200 OK
Oct 28, 2020 6:17:15 AM okhttp3.mockwebserver.MockWebServer$3 processOneRequest
INFO: MockWebServer[59458] received request: GET /api/v1/namespaces/entando-k8s-controller-coordinator-carcpr51/pods?labelSelector=EntandoResourceKind%3DEntandoKeycloakServer HTTP/1.1 and responded: HTTP/1.1 200 OK
Oct 28, 2020 6:17:15 AM okhttp3.mockwebserver.MockWebServer$3 processOneRequest
INFO: MockWebServer[59458] received request: GET /api/v1/namespaces/entando-k8s-controller-coordinator-carcpr51/pods?labelSelector=EntandoResourceKind%3DEntandoKeycloakServer HTTP/1.1 and responded: HTTP/1.1 200 OK
Oct 28, 2020 6:17:15 AM okhttp3.mockwebserver.MockWebServer$2 acceptConnections
INFO: MockWebServer[59458] done accepting connections: Socket closed
Oct 28, 2020 6:17:15 AM okhttp3.mockwebserver.MockWebServer$2 e**cute
INFO: MockWebServer[59314] starting to accept connections
Oct 28, 2020 6:17:15 AM okhttp3.mockwebserver.MockWebServer$3 processOneRequest
INFO: MockWebServer[59314] received request: GET /api/v1/namespaces/entando-k8s-controller-coordinator-carcpr51 HTTP/1.1 and responded: HTTP/1.1 404 Client Error
Oct 28, 2020 6:17:15 AM okhttp3.mockwebserver.MockWebServer$3 processOneRequest
INFO: MockWebServer[59314] received request: POST /api/v1/namespaces HTTP/1.1 and responded: HTTP/1.1 202 OK
Oct 28, 2020 6:17:15 AM okhttp3.mockwebserver.MockWebServer$3 processOneRequest
INFO: MockWebServer[59314] received request: POST /api/v1/namespaces/entando/configmaps HTTP/1.1 and responded: HTTP/1.1 202 OK
Oct 28, 2020 6:17:15 AM okhttp3.mockwebserver.MockWebServer$3 processOneRequest
INFO: MockWebServer[59314] received request: GET /api/v1/namespaces/entando-k8s-controller-coordinator-carcpr51 HTTP/1.1 and responded: HTTP/1.1 200 OK
Oct 28, 2020 6:17:15 AM io.fabric8.kubernetes.client.dsl.internal.WatchHTTPManager$1 onFailure
INFO: Watch connection failed. reason: e**cutor rejected
Oct 28, 2020 6:17:15 AM okhttp3.mockwebserver.MockWebServer$3 processOneRequest
INFO: MockWebServer[59314] received request: GET /apis/entando.org/v1/namespaces/entando-k8s-controller-coordinator-carcpr51/entandokeycloakservers HTTP/1.1 and responded: HTTP/1.1 200 OK
Oct 28, 2020 6:17:15 AM okhttp3.mockwebserver.MockWebServer$3 processOneRequest
INFO: MockWebServer[59314] received request: GET /api/v1/namespaces/entando-k8s-controller-coordinator-carcpr51 HTTP/1.1 and responded: HTTP/1.1 200 OK
Oct 28, 2020 6:17:16 AM okhttp3.mockwebserver.MockWebServer$3 processOneRequest
INFO: MockWebServer[59314] received request: GET /apis/entando.org/v1/namespaces/entando-k8s-controller-coordinator-carcpr51/entandokeycloakservers HTTP/1.1 and responded: HTTP/1.1 200 OK
Oct 28, 2020 6:17:16 AM okhttp3.mockwebserver.MockWebServer$3 processOneRequest
INFO: MockWebServer[59314] received request: POST /apis/entando.org/v1/namespaces/entando-k8s-controller-coordinator-carcpr51/entandokeycloakservers HTTP/1.1 and responded: HTTP/1.1 202 OK
Oct 28, 2020 6:17:16 AM okhttp3.mockwebserver.MockWebServer$3 processOneRequest
INFO: MockWebServer[59314] received request: GET /api/v1/namespaces/entando-k8s-controller-coordinator-carcpr51/pods?labelSelector=EntandoResourceKind%3DEntandoKeycloakServer HTTP/1.1 and responded: HTTP/1.1 200 OK
Oct 28, 2020 6:17:16 AM okhttp3.mockwebserver.MockWebServer$3 processOneRequest
INFO: MockWebServer[59314] received request: GET /api/v1/namespaces/entando-k8s-controller-coordinator-carcpr51/pods?labelSelector=EntandoResourceKind%3DEntandoKeycloakServer HTTP/1.1 and responded: HTTP/1.1 200 OK
Oct 28, 2020 6:17:16 AM okhttp3.mockwebserver.MockWebServer$3 processOneRequest
INFO: MockWebServer[59314] received request: GET /api/v1/namespaces/entando-k8s-controller-coordinator-carcpr51/pods?labelSelector=EntandoResourceKind%3DEntandoKeycloakServer HTTP/1.1 and responded: HTTP/1.1 200 OK
Oct 28, 2020 6:17:16 AM okhttp3.mockwebserver.MockWebServer$3 processOneRequest
INFO: MockWebServer[59314] received request: GET /api/v1/namespaces/entando-k8s-controller-coordinator-carcpr51/pods?labelSelector=EntandoResourceKind%3DEntandoKeycloakServer HTTP/1.1 and responded: HTTP/1.1 200 OK
Oct 28, 2020 6:17:16 AM okhttp3.mockwebserver.MockWebServer$3 processOneRequest
INFO: MockWebServer[59314] received request: GET /api/v1/namespaces/entando-k8s-controller-coordinator-carcpr51/pods?labelSelector=EntandoResourceKind%3DEntandoKeycloakServer HTTP/1.1 and responded: HTTP/1.1 200 OK
Oct 28, 2020 6:17:17 AM okhttp3.mockwebserver.MockWebServer$3 processOneRequest
INFO: MockWebServer[59314] received request: GET /api/v1/namespaces/entando-k8s-controller-coordinator-carcpr51/pods?labelSelector=EntandoResourceKind%3DEntandoKeycloakServer HTTP/1.1 and responded: HTTP/1.1 200 OK
Oct 28, 2020 6:17:17 AM okhttp3.mockwebserver.MockWebServer$3 processOneRequest
INFO: MockWebServer[59314] received request: GET /api/v1/namespaces/entando-k8s-controller-coordinator-carcpr51/pods?labelSelector=EntandoResourceKind%3DEntandoKeycloakServer HTTP/1.1 and responded: HTTP/1.1 200 OK
Oct 28, 2020 6:17:17 AM okhttp3.mockwebserver.MockWebServer$3 processOneRequest
INFO: MockWebServer[59314] received request: GET /api/v1/namespaces/entando-k8s-controller-coordinator-carcpr51/pods?labelSelector=EntandoResourceKind%3DEntandoKeycloakServer HTTP/1.1 and responded: HTTP/1.1 200 OK
Oct 28, 2020 6:17:17 AM okhttp3.mockwebserver.MockWebServer$3 processOneRequest
INFO: MockWebServer[59314] received request: GET /api/v1/namespaces/entando-k8s-controller-coordinator-carcpr51/pods?labelSelector=EntandoResourceKind%3DEntandoKeycloakServer HTTP/1.1 and responded: HTTP/1.1 200 OK
Oct 28, 2020 6:17:17 AM okhttp3.mockwebserver.MockWebServer$3 processOneRequest
INFO: MockWebServer[59314] received request: GET /api/v1/namespaces/entando-k8s-controller-coordinator-carcpr51/pods?labelSelector=EntandoResourceKind%3DEntandoKeycloakServer HTTP/1.1 and responded: HTTP/1.1 200 OK
Oct 28, 2020 6:17:17 AM okhttp3.mockwebserver.MockWebServer$3 processOneRequest
INFO: MockWebServer[59314] received request: GET /api/v1/namespaces/entando-k8s-controller-coordinator-carcpr51/pods?labelSelector=EntandoResourceKind%3DEntandoKeycloakServer HTTP/1.1 and responded: HTTP/1.1 200 OK
Oct 28, 2020 6:17:17 AM okhttp3.mockwebserver.MockWebServer$3 processOneRequest
INFO: MockWebServer[59314] received request: GET /api/v1/namespaces/entando-k8s-controller-coordinator-carcpr51/pods?labelSelector=EntandoResourceKind%3DEntandoKeycloakServer HTTP/1.1 and responded: HTTP/1.1 200 OK
Oct 28, 2020 6:17:18 AM okhttp3.mockwebserver.MockWebServer$3 processOneRequest
INFO: MockWebServer[59314] received request: GET /api/v1/namespaces/entando-k8s-controller-coordinator-carcpr51/pods?labelSelector=EntandoResourceKind%3DEntandoKeycloakServer HTTP/1.1 and responded: HTTP/1.1 200 OK
Oct 28, 2020 6:17:18 AM okhttp3.mockwebserver.MockWebServer$3 processOneRequest
INFO: MockWebServer[59314] received request: GET /api/v1/namespaces/entando-k8s-controller-coordinator-carcpr51/pods?labelSelector=EntandoResourceKind%3DEntandoKeycloakServer HTTP/1.1 and responded: HTTP/1.1 200 OK
Oct 28, 2020 6:17:18 AM okhttp3.mockwebserver.MockWebServer$3 processOneRequest
INFO: MockWebServer[59314] received request: GET /api/v1/namespaces/entando-k8s-controller-coordinator-carcpr51/pods?labelSelector=EntandoResourceKind%3DEntandoKeycloakServer HTTP/1.1 and responded: HTTP/1.1 200 OK
Oct 28, 2020 6:17:18 AM okhttp3.mockwebserver.MockWebServer$3 processOneRequest
INFO: MockWebServer[59314] received request: GET /api/v1/namespaces/entando-k8s-controller-coordinator-carcpr51/pods?labelSelector=EntandoResourceKind%3DEntandoKeycloakServer HTTP/1.1 and responded: HTTP/1.1 200 OK
Oct 28, 2020 6:17:18 AM okhttp3.mockwebserver.MockWebServer$3 processOneRequest
INFO: MockWebServer[59314] received request: GET /api/v1/namespaces/entando-k8s-controller-coordinator-carcpr51/pods?labelSelector=EntandoResourceKind%3DEntandoKeycloakServer HTTP/1.1 and responded: HTTP/1.1 200 OK
Oct 28, 2020 6:17:18 AM okhttp3.mockwebserver.MockWebServer$3 processOneRequest
INFO: MockWebServer[59314] received request: GET /api/v1/namespaces/entando-k8s-controller-coordinator-carcpr51/pods?labelSelector=EntandoResourceKind%3DEntandoKeycloakServer HTTP/1.1 and responded: HTTP/1.1 200 OK
Oct 28, 2020 6:17:18 AM okhttp3.mockwebserver.MockWebServer$3 processOneRequest
INFO: MockWebServer[59314] received request: GET /api/v1/namespaces/entando-k8s-controller-coordinator-carcpr51/pods?labelSelector=EntandoResourceKind%3DEntandoKeycloakServer HTTP/1.1 and responded: HTTP/1.1 200 OK
Oct 28, 2020 6:17:19 AM okhttp3.mockwebserver.MockWebServer$3 processOneRequest
INFO: MockWebServer[59314] received request: GET /api/v1/namespaces/entando-k8s-controller-coordinator-carcpr51/pods?labelSelector=EntandoResourceKind%3DEntandoKeycloakServer HTTP/1.1 and responded: HTTP/1.1 200 OK
Oct 28, 2020 6:17:19 AM okhttp3.mockwebserver.MockWebServer$3 processOneRequest
INFO: MockWebServer[59314] received request: GET /api/v1/namespaces/entando-k8s-controller-coordinator-carcpr51/pods?labelSelector=EntandoResourceKind%3DEntandoKeycloakServer HTTP/1.1 and responded: HTTP/1.1 200 OK
Oct 28, 2020 6:17:19 AM okhttp3.mockwebserver.MockWebServer$3 processOneRequest
INFO: MockWebServer[59314] received request: GET /api/v1/namespaces/entando-k8s-controller-coordinator-carcpr51/pods?labelSelector=EntandoResourceKind%3DEntandoKeycloakServer HTTP/1.1 and responded: HTTP/1.1 200 OK
Oct 28, 2020 6:17:19 AM okhttp3.mockwebserver.MockWebServer$3 processOneRequest
INFO: MockWebServer[59314] received request: GET /api/v1/namespaces/entando-k8s-controller-coordinator-carcpr51/pods?labelSelector=EntandoResourceKind%3DEntandoKeycloakServer HTTP/1.1 and responded: HTTP/1.1 200 OK
Oct 28, 2020 6:17:19 AM okhttp3.mockwebserver.MockWebServer$3 processOneRequest
INFO: MockWebServer[59314] received request: GET /api/v1/namespaces/entando-k8s-controller-coordinator-carcpr51/pods?labelSelector=EntandoResourceKind%3DEntandoKeycloakServer HTTP/1.1 and responded: HTTP/1.1 200 OK
Oct 28, 2020 6:17:19 AM okhttp3.mockwebserver.MockWebServer$3 processOneRequest
INFO: MockWebServer[59314] received request: GET /api/v1/namespaces/entando-k8s-controller-coordinator-carcpr51/pods?labelSelector=EntandoResourceKind%3DEntandoKeycloakServer HTTP/1.1 and responded: HTTP/1.1 200 OK
Oct 28, 2020 6:17:19 AM io.fabric8.kubernetes.client.dsl.internal.WatchHTTPManager$1 onFailure
INFO: Watch connection failed. reason: e**cutor rejected
Oct 28, 2020 6:17:19 AM okhttp3.mockwebserver.MockWebServer$3 processOneRequest
INFO: MockWebServer[59314] received request: GET /api/v1/namespaces/entando-k8s-controller-coordinator-carcpr51/pods?labelSelector=EntandoResourceKind%3DEntandoKeycloakServer HTTP/1.1 and responded: HTTP/1.1 200 OK
Oct 28, 2020 6:17:20 AM okhttp3.mockwebserver.MockWebServer$3 processOneRequest
INFO: MockWebServer[59314] received request: GET /api/v1/namespaces/entando-k8s-controller-coordinator-carcpr51/pods?labelSelector=EntandoResourceKind%3DEntandoKeycloakServer HTTP/1.1 and responded: HTTP/1.1 200 OK
Oct 28, 2020 6:17:20 AM okhttp3.mockwebserver.MockWebServer$3 processOneRequest
INFO: MockWebServer[59314] received request: GET /api/v1/namespaces/entando-k8s-controller-coordinator-carcpr51/pods?labelSelector=EntandoResourceKind%3DEntandoKeycloakServer HTTP/1.1 and responded: HTTP/1.1 200 OK
Oct 28, 2020 6:17:20 AM okhttp3.mockwebserver.MockWebServer$3 processOneRequest
INFO: MockWebServer[59314] received request: GET /api/v1/namespaces/entando-k8s-controller-coordinator-carcpr51/pods?labelSelector=EntandoResourceKind%3DEntandoKeycloakServer HTTP/1.1 and responded: HTTP/1.1 200 OK
Oct 28, 2020 6:17:20 AM okhttp3.mockwebserver.MockWebServer$3 processOneRequest
INFO: MockWebServer[59314] received request: GET /api/v1/namespaces/entando-k8s-controller-coordinator-carcpr51/pods?labelSelector=EntandoResourceKind%3DEntandoKeycloakServer HTTP/1.1 and responded: HTTP/1.1 200 OK
Oct 28, 2020 6:17:20 AM io.fabric8.kubernetes.client.dsl.internal.WatchHTTPManager$1 onFailure
INFO: Watch connection failed. reason: e**cutor rejected
Oct 28, 2020 6:17:20 AM okhttp3.mockwebserver.MockWebServer$3 processOneRequest
INFO: MockWebServer[59314] received request: GET /api/v1/namespaces/entando-k8s-controller-coordinator-carcpr51/pods?labelSelector=EntandoResourceKind%3DEntandoKeycloakServer HTTP/1.1 and responded: HTTP/1.1 200 OK
Oct 28, 2020 6:17:20 AM okhttp3.mockwebserver.MockWebServer$3 processOneRequest
INFO: MockWebServer[59314] received request: GET /api/v1/namespaces/entando-k8s-controller-coordinator-carcpr51/pods?labelSelector=EntandoResourceKind%3DEntandoKeycloakServer HTTP/1.1 and responded: HTTP/1.1 200 OK
Oct 28, 2020 6:17:20 AM okhttp3.mockwebserver.MockWebServer$3 processOneRequest
INFO: MockWebServer[59314] received request: GET /api/v1/namespaces/entando-k8s-controller-coordinator-carcpr51/pods?labelSelector=EntandoResourceKind%3DEntandoKeycloakServer HTTP/1.1 and responded: HTTP/1.1 200 OK
Oct 28, 2020 6:17:21 AM okhttp3.mockwebserver.MockWebServer$3 processOneRequest
INFO: MockWebServer[59314] received request: GET /api/v1/namespaces/entando-k8s-controller-coordinator-carcpr51/pods?labelSelector=EntandoResourceKind%3DEntandoKeycloakServer HTTP/1.1 and responded: HTTP/1.1 200 OK
Oct 28, 2020 6:17:21 AM io.fabric8.kubernetes.client.dsl.internal.WatchHTTPManager$1 onFailure
INFO: Watch connection failed. reason: e**cutor rejected
Oct 28, 2020 6:17:21 AM okhttp3.mockwebserver.MockWebServer$3 processOneRequest
INFO: MockWebServer[59314] received request: GET /api/v1/namespaces/entando-k8s-controller-coordinator-carcpr51/pods?labelSelector=EntandoResourceKind%3DEntandoKeycloakServer HTTP/1.1 and responded: HTTP/1.1 200 OK
Oct 28, 2020 6:17:21 AM okhttp3.mockwebserver.MockWebServer$3 processOneRequest
INFO: MockWebServer[59314] received request: GET /api/v1/namespaces/entando-k8s-controller-coordinator-carcpr51 HTTP/1.1 and responded: HTTP/1.1 200 OK
Oct 28, 2020 6:17:21 AM okhttp3.mockwebserver.MockWebServer$3 processOneRequest
INFO: MockWebServer[59314] received request: GET /apis/entando.org/v1/namespaces/entando-k8s-controller-coordinator-carcpr51/entandokeycloakservers HTTP/1.1 and responded: HTTP/1.1 200 OK
Oct 28, 2020 6:17:21 AM okhttp3.mockwebserver.MockWebServer$3 processOneRequest
INFO: MockWebServer[59314] received request: GET /api/v1/namespaces/entando-k8s-controller-coordinator-carcpr51 HTTP/1.1 and responded: HTTP/1.1 200 OK
Oct 28, 2020 6:17:21 AM okhttp3.mockwebserver.MockWebServer$3 processOneRequest
INFO: MockWebServer[59314] received request: GET /apis/entando.org/v1/namespaces/entando-k8s-controller-coordinator-carcpr51/entandokeycloakservers HTTP/1.1 and responded: HTTP/1.1 200 OK
Oct 28, 2020 6:17:21 AM okhttp3.mockwebserver.MockWebServer$3 processOneRequest
INFO: MockWebServer[59314] received request: GET /apis/entando.org/v1/namespaces/entando-k8s-controller-coordinator-carcpr51/entandokeycloakservers HTTP/1.1 and responded: HTTP/1.1 200 OK
Oct 28, 2020 6:17:21 AM org.entando.kubernetes.controller.coordinator.EntandoResourceObserver logAction
INFO: Received ADDED for resource EntandoKeycloakServer entando-k8s-controller-coordinator-carcpr51/test-keycloak
Oct 28, 2020 6:17:21 AM okhttp3.mockwebserver.MockWebServer$3 processOneRequest
INFO: MockWebServer[59314] received request: GET /apis/entando.org/v1/namespaces/entando-k8s-controller-coordinator-carcpr51/entandokeycloakservers/test-keycloak?watch=true HTTP/1.1 and responded: HTTP/1.1 200 OK
Oct 28, 2020 6:17:21 AM okhttp3.mockwebserver.MockWebServer$3 processOneRequest
INFO: MockWebServer[59314] received request: GET /api/v1/namespaces/entando/configmaps/entando-docker-image-info-v6.1 HTTP/1.1 and responded: HTTP/1.1 200 OK
Oct 28, 2020 6:17:21 AM io.fabric8.kubernetes.client.dsl.internal.WatchHTTPManager$1 onFailure
INFO: Watch connection failed. reason: e**cutor rejected
Oct 28, 2020 6:17:21 AM okhttp3.mockwebserver.MockWebServer$3 processOneRequest
INFO: MockWebServer[59314] received request: GET /api/v1/namespaces/entando-k8s-controller-coordinator-carcpr51 HTTP/1.1 and responded: HTTP/1.1 200 OK
Oct 28, 2020 6:17:21 AM okhttp3.mockwebserver.MockWebServer$3 processOneRequest
INFO: MockWebServer[59314] received request: GET /apis/entando.org/v1/namespaces/entando-k8s-controller-coordinator-carcpr51/entandokeycloakservers/test-keycloak?watch=true HTTP/1.1 and responded: HTTP/1.1 200 OK
Oct 28, 2020 6:17:21 AM okhttp3.mockwebserver.MockWebServer$3 processOneRequest
INFO: MockWebServer[59314] received request: GET /apis/entando.org/v1/namespaces/entando-k8s-controller-coordinator-carcpr51/entandokeycloakservers/test-keycloak HTTP/1.1 and responded: HTTP/1.1 200 OK
Oct 28, 2020 6:17:21 AM okhttp3.mockwebserver.MockWebServer$3 processOneRequest
INFO: MockWebServer[59314] received request: GET /api/v1/namespaces/entando-k8s-controller-coordinator-carcpr51/secrets/test-keycloak-controller-ca-cert-secret HTTP/1.1 and responded: HTTP/1.1 404 Client Error
Oct 28, 2020 6:17:21 AM io.fabric8.kubernetes.client.dsl.internal.WatchHTTPManager$1 onResponse
INFO: Watch terminated unexpectedly. reason: \n not found: limit=295 content=7b226b696e64223a22456e74616e646f4b6579636c6f616b536572766572222câ€¦
Oct 28, 2020 6:17:21 AM okhttp3.mockwebserver.MockWebServer$3 processOneRequest
INFO: MockWebServer[59314] received request: GET /apis/entando.org/v1/namespaces/entando-k8s-controller-coordinator-carcpr51/entandokeycloakservers HTTP/1.1 and responded: HTTP/1.1 200 OK
Oct 28, 2020 6:17:21 AM okhttp3.mockwebserver.MockWebServer$3 processOneRequest
INFO: MockWebServer[59314] received request: POST /api/v1/namespaces/entando-k8s-controller-coordinator-carcpr51/secrets HTTP/1.1 and responded: HTTP/1.1 202 OK
Oct 28, 2020 6:17:22 AM okhttp3.mockwebserver.MockWebServer$3 processOneRequest
INFO: MockWebServer[59314] received request: GET /api/v1/namespaces/entando-k8s-controller-coordinator-carcpr51 HTTP/1.1 and responded: HTTP/1.1 200 OK
Oct 28, 2020 6:17:22 AM okhttp3.mockwebserver.MockWebServer$3 processOneRequest
INFO: MockWebServer[59314] received request: POST /api/v1/namespaces/entando-k8s-controller-coordinator-carcpr51/pods HTTP/1.1 and responded: HTTP/1.1 202 OK
Oct 28, 2020 6:17:22 AM okhttp3.mockwebserver.MockWebServer$3 processOneRequest
INFO: MockWebServer[59314] received request: GET /apis/entando.org/v1/namespaces/entando-k8s-controller-coordinator-carcpr51/entandokeycloakservers HTTP/1.1 and responded: HTTP/1.1 200 OK
Oct 28, 2020 6:17:22 AM okhttp3.mockwebserver.MockWebServer$3 processOneRequest
INFO: MockWebServer[59314] received request: GET /apis/entando.org/v1/namespaces/entando-k8s-controller-coordinator-carcpr51/entandokeycloakservers/test-keycloak HTTP/1.1 and responded: HTTP/1.1 200 OK
Oct 28, 2020 6:17:22 AM okhttp3.mockwebserver.MockWebServer$3 processOneRequest
INFO: MockWebServer[59314] received request: GET /apis/entando.org/v1/namespaces/entando-k8s-controller-coordinator-carcpr51/entandokeycloakservers/test-keycloak HTTP/1.1 and responded: HTTP/1.1 200 OK
Oct 28, 2020 6:17:22 AM okhttp3.mockwebserver.MockWebServer$3 processOneRequest
INFO: MockWebServer[59314] received request: PATCH /apis/entando.org/v1/namespaces/entando-k8s-controller-coordinator-carcpr51/entandokeycloakservers/test-keycloak HTTP/1.1 and responded: HTTP/1.1 202 OK
Oct 28, 2020 6:17:22 AM io.fabric8.kubernetes.client.dsl.internal.WatchHTTPManager$1 onFailure
INFO: Watch connection failed. reason: e**cutor rejected
Oct 28, 2020 6:17:22 AM io.fabric8.kubernetes.client.dsl.internal.WatchHTTPManager$1 onResponse
INFO: Watch terminated unexpectedly. reason: \n not found: limit=348 content=7b226b696e64223a22456e74616e646f4b6579636c6f616b536572766572222câ€¦
Oct 28, 2020 6:17:22 AM okhttp3.mockwebserver.MockWebServer$3 processOneRequest
INFO: MockWebServer[59314] received request: GET /apis/entando.org/v1/namespaces/entando-k8s-controller-coordinator-carcpr51/entandokeycloakservers/test-keycloak?watch=true HTTP/1.1 and responded: HTTP/1.1 200 OK
Oct 28, 2020 6:17:23 AM io.fabric8.kubernetes.client.dsl.internal.WatchHTTPManager$1 onFailure
INFO: Watch connection failed. reason: e**cutor rejected
Oct 28, 2020 6:17:23 AM io.fabric8.kubernetes.client.dsl.internal.WatchHTTPManager$1 onFailure
INFO: Watch connection failed. reason: e**cutor rejected
Oct 28, 2020 6:17:25 AM io.fabric8.kubernetes.client.dsl.internal.WatchHTTPManager$1 onResponse
INFO: Watch terminated unexpectedly. reason: \n not found: limit=348 content=7b226b696e64223a22456e74616e646f4b6579636c6f616b536572766572222câ€¦
Oct 28, 2020 6:17:25 AM okhttp3.mockwebserver.MockWebServer$3 processOneRequest
INFO: MockWebServer[59314] received request: GET /apis/entando.org/v1/namespaces/entando-k8s-controller-coordinator-carcpr51/entandokeycloakservers/test-keycloak?watch=true HTTP/1.1 and responded: HTTP/1.1 200 OK
Oct 28, 2020 6:17:26 AM okhttp3.mockwebserver.MockWebServer$3 processOneRequest
INFO: MockWebServer[59314] received request: GET /apis/entando.org/v1/namespaces/entando-k8s-controller-coordinator-carcpr51/entandokeycloakservers/test-keycloak HTTP/1.1 and responded: HTTP/1.1 200 OK
Oct 28, 2020 6:17:27 AM io.fabric8.kubernetes.client.dsl.internal.WatchHTTPManager close
WARN: E**cutor didn't terminate in time after shutdown in close(), killing it in: io.fabric8.kubernetes.client.dsl.internal.WatchHTTPManager@1447f551
Oct 28, 2020 6:17:28 AM okhttp3.mockwebserver.MockWebServer$3 processOneRequest
INFO: MockWebServer[59314] received request: GET /apis/entando.org/v1/namespaces/entando-k8s-controller-coordinator-carcpr51/entandokeycloakservers?watch=true HTTP/1.1 and responded: HTTP/1.1 200 OK
Oct 28, 2020 6:17:28 AM okhttp3.mockwebserver.MockWebServer$3 processOneRequest
INFO: MockWebServer[59314] received request: GET /apis/entando.org/v1/namespaces/entando-k8s-controller-coordinator-carcpr51/entandokeycloakservers?watch=true HTTP/1.1 and responded: HTTP/1.1 200 OK
Oct 28, 2020 6:17:28 AM okhttp3.mockwebserver.MockWebServer$3 processOneRequest
INFO: MockWebServer[59314] received request: GET /api/v1/namespaces/entando-k8s-controller-coordinator-carcpr51 HTTP/1.1 and responded: HTTP/1.1 200 OK
Oct 28, 2020 6:17:28 AM io.fabric8.kubernetes.client.dsl.internal.WatchHTTPManager$1 onResponse
INFO: Watch terminated unexpectedly. reason: \n not found: limit=394 content=7b2261706956657273696f6e223a227631222c226b696e64223a224c69737422â€¦
Oct 28, 2020 6:17:28 AM okhttp3.mockwebserver.MockWebServer$3 processOneRequest
INFO: MockWebServer[59314] received request: GET /apis/entando.org/v1/namespaces/entando-k8s-controller-coordinator-carcpr51/entandoclusterinfrastructures HTTP/1.1 and responded: HTTP/1.1 200 OK
Oct 28, 2020 6:17:28 AM okhttp3.mockwebserver.MockWebServer$3 processOneRequest
INFO: MockWebServer[59314] received request: GET /api/v1/namespaces/entando-k8s-controller-coordinator-carcpr51 HTTP/1.1 and responded: HTTP/1.1 200 OK
Oct 28, 2020 6:17:28 AM okhttp3.mockwebserver.MockWebServer$3 processOneRequest
INFO: MockWebServer[59314] received request: GET /apis/entando.org/v1/namespaces/entando-k8s-controller-coordinator-carcpr51/entandoclusterinfrastructures HTTP/1.1 and responded: HTTP/1.1 200 OK
Oct 28, 2020 6:17:28 AM okhttp3.mockwebserver.MockWebServer$3 processOneRequest
INFO: MockWebServer[59314] received request: GET /apis/entando.org/v1/namespaces/entando-k8s-controller-coordinator-carcpr51/entandoclusterinfrastructures HTTP/1.1 and responded: HTTP/1.1 200 OK
Oct 28, 2020 6:17:28 AM okhttp3.mockwebserver.MockWebServer$3 processOneRequest
INFO: MockWebServer[59314] received request: GET /apis/entando.org/v1/namespaces/entando-k8s-controller-coordinator-carcpr51/entandoclusterinfrastructures?watch=true HTTP/1.1 and responded: HTTP/1.1 200 OK
Oct 28, 2020 6:17:28 AM okhttp3.mockwebserver.MockWebServer$3 processOneRequest
INFO: MockWebServer[59314] received request: GET /api/v1/namespaces/entando-k8s-controller-coordinator-carcpr51 HTTP/1.1 and responded: HTTP/1.1 200 OK
Oct 28, 2020 6:17:28 AM okhttp3.mockwebserver.MockWebServer$3 processOneRequest
INFO: MockWebServer[59314] received request: GET /apis/entando.org/v1/namespaces/entando-k8s-controller-coordinator-carcpr51/entandoclusterinfrastructures?watch=true HTTP/1.1 and responded: HTTP/1.1 200 OK
Oct 28, 2020 6:17:28 AM io.fabric8.kubernetes.client.dsl.internal.WatchHTTPManager$1 onResponse
INFO: Watch terminated unexpectedly. reason: \n not found: limit=46 content=7b2261706956657273696f6e223a227631222c226b696e64223a224c69737422â€¦
Oct 28, 2020 6:17:28 AM okhttp3.mockwebserver.MockWebServer$3 processOneRequest
INFO: MockWebServer[59314] received request: GET /apis/entando.org/v1/namespaces/entando-k8s-controller-coordinator-carcpr51/entandoapps HTTP/1.1 and responded: HTTP/1.1 200 OK
Oct 28, 2020 6:17:28 AM okhttp3.mockwebserver.MockWebServer$3 processOneRequest
INFO: MockWebServer[59314] received request: GET /api/v1/namespaces/entando-k8s-controller-coordinator-carcpr51 HTTP/1.1 and responded: HTTP/1.1 200 OK
Oct 28, 2020 6:17:28 AM okhttp3.mockwebserver.MockWebServer$3 processOneRequest
INFO: MockWebServer[59314] received request: GET /apis/entando.org/v1/namespaces/entando-k8s-controller-coordinator-carcpr51/entandoapps HTTP/1.1 and responded: HTTP/1.1 200 OK
Oct 28, 2020 6:17:28 AM okhttp3.mockwebserver.MockWebServer$3 processOneRequest
INFO: MockWebServer[59314] received request: GET /apis/entando.org/v1/namespaces/entando-k8s-controller-coordinator-carcpr51/entandoapps HTTP/1.1 and responded: HTTP/1.1 200 OK
Oct 28, 2020 6:17:28 AM okhttp3.mockwebserver.MockWebServer$3 processOneRequest
INFO: MockWebServer[59314] received request: GET /apis/entando.org/v1/namespaces/entando-k8s-controller-coordinator-carcpr51/entandoapps?watch=true HTTP/1.1 and responded: HTTP/1.1 200 OK
Oct 28, 2020 6:17:28 AM okhttp3.mockwebserver.MockWebServer$3 processOneRequest
INFO: MockWebServer[59314] received request: GET /api/v1/namespaces/entando-k8s-controller-coordinator-carcpr51 HTTP/1.1 and responded: HTTP/1.1 200 OK
Oct 28, 2020 6:17:28 AM okhttp3.mockwebserver.MockWebServer$3 processOneRequest
INFO: MockWebServer[59314] received request: GET /apis/entando.org/v1/namespaces/entando-k8s-controller-coordinator-carcpr51/entandoapps?watch=true HTTP/1.1 and responded: HTTP/1.1 200 OK
Oct 28, 2020 6:17:28 AM io.fabric8.kubernetes.client.dsl.internal.WatchHTTPManager$1 onResponse
INFO: Watch terminated unexpectedly. reason: \n not found: limit=46 content=7b2261706956657273696f6e223a227631222c226b696e64223a224c69737422â€¦
Oct 28, 2020 6:17:28 AM okhttp3.mockwebserver.MockWebServer$3 processOneRequest
INFO: MockWebServer[59314] received request: GET /apis/entando.org/v1/namespaces/entando-k8s-controller-coordinator-carcpr51/entandoplugins HTTP/1.1 and responded: HTTP/1.1 200 OK
Oct 28, 2020 6:17:29 AM okhttp3.mockwebserver.MockWebServer$3 processOneRequest
INFO: MockWebServer[59314] received request: GET /api/v1/namespaces/entando-k8s-controller-coordinator-carcpr51 HTTP/1.1 and responded: HTTP/1.1 200 OK
Oct 28, 2020 6:17:29 AM okhttp3.mockwebserver.MockWebServer$3 processOneRequest
INFO: MockWebServer[59314] received request: GET /apis/entando.org/v1/namespaces/entando-k8s-controller-coordinator-carcpr51/entandoplugins HTTP/1.1 and responded: HTTP/1.1 200 OK
Oct 28, 2020 6:17:29 AM okhttp3.mockwebserver.MockWebServer$3 processOneRequest
INFO: MockWebServer[59314] received request: GET /apis/entando.org/v1/namespaces/entando-k8s-controller-coordinator-carcpr51/entandokeycloakservers?watch=true HTTP/1.1 and responded: HTTP/1.1 200 OK
Oct 28, 2020 6:17:29 AM io.fabric8.kubernetes.client.dsl.internal.WatchHTTPManager$1 onResponse
INFO: Watch terminated unexpectedly. reason: \n not found: limit=394 content=7b2261706956657273696f6e223a227631222c226b696e64223a224c69737422â€¦
Oct 28, 2020 6:17:29 AM okhttp3.mockwebserver.MockWebServer$3 processOneRequest
INFO: MockWebServer[59314] received request: GET /apis/entando.org/v1/namespaces/entando-k8s-controller-coordinator-carcpr51/entandoplugins HTTP/1.1 and responded: HTTP/1.1 200 OK
Oct 28, 2020 6:17:29 AM okhttp3.mockwebserver.MockWebServer$3 processOneRequest
INFO: MockWebServer[59314] received request: GET /apis/entando.org/v1/namespaces/entando-k8s-controller-coordinator-carcpr51/entandoplugins?watch=true HTTP/1.1 and responded: HTTP/1.1 200 OK
Oct 28, 2020 6:17:29 AM okhttp3.mockwebserver.MockWebServer$3 processOneRequest
INFO: MockWebServer[59314] received request: GET /api/v1/namespaces/entando-k8s-controller-coordinator-carcpr51 HTTP/1.1 and responded: HTTP/1.1 200 OK
Oct 28, 2020 6:17:29 AM okhttp3.mockwebserver.MockWebServer$3 processOneRequest
INFO: MockWebServer[59314] received request: GET /apis/entando.org/v1/namespaces/entando-k8s-controller-coordinator-carcpr51/entandoplugins?watch=true HTTP/1.1 and responded: HTTP/1.1 200 OK
Oct 28, 2020 6:17:29 AM io.fabric8.kubernetes.client.dsl.internal.WatchHTTPManager$1 onResponse
INFO: Watch terminated unexpectedly. reason: \n not found: limit=46 content=7b2261706956657273696f6e223a227631222c226b696e64223a224c69737422â€¦
Oct 28, 2020 6:17:29 AM okhttp3.mockwebserver.MockWebServer$3 processOneRequest
INFO: MockWebServer[59314] received request: GET /apis/entando.org/v1/namespaces/entando-k8s-controller-coordinator-carcpr51/entandoapppluginlinks HTTP/1.1 and responded: HTTP/1.1 200 OK
Oct 28, 2020 6:17:29 AM okhttp3.mockwebserver.MockWebServer$3 processOneRequest
INFO: MockWebServer[59314] received request: GET /api/v1/namespaces/entando-k8s-controller-coordinator-carcpr51 HTTP/1.1 and responded: HTTP/1.1 200 OK
Oct 28, 2020 6:17:29 AM okhttp3.mockwebserver.MockWebServer$3 processOneRequest
INFO: MockWebServer[59314] received request: GET /apis/entando.org/v1/namespaces/entando-k8s-controller-coordinator-carcpr51/entandoapppluginlinks HTTP/1.1 and responded: HTTP/1.1 200 OK
Oct 28, 2020 6:17:29 AM okhttp3.mockwebserver.MockWebServer$3 processOneRequest
INFO: MockWebServer[59314] received request: GET /apis/entando.org/v1/namespaces/entando-k8s-controller-coordinator-carcpr51/entandoclusterinfrastructures?watch=true HTTP/1.1 and responded: HTTP/1.1 200 OK
Oct 28, 2020 6:17:29 AM io.fabric8.kubernetes.client.dsl.internal.WatchHTTPManager$1 onResponse
INFO: Watch terminated unexpectedly. reason: \n not found: limit=46 content=7b2261706956657273696f6e223a227631222c226b696e64223a224c69737422â€¦
Oct 28, 2020 6:17:29 AM okhttp3.mockwebserver.MockWebServer$3 processOneRequest
INFO: MockWebServer[59314] received request: GET /apis/entando.org/v1/namespaces/entando-k8s-controller-coordinator-carcpr51/entandoapppluginlinks HTTP/1.1 and responded: HTTP/1.1 200 OK
Oct 28, 2020 6:17:29 AM okhttp3.mockwebserver.MockWebServer$3 processOneRequest
INFO: MockWebServer[59314] received request: GET /apis/entando.org/v1/namespaces/entando-k8s-controller-coordinator-carcpr51/entandoapppluginlinks?watch=true HTTP/1.1 and responded: HTTP/1.1 200 OK
Oct 28, 2020 6:17:29 AM okhttp3.mockwebserver.MockWebServer$3 processOneRequest
INFO: MockWebServer[59314] received request: GET /apis/entando.org/v1/namespaces/entando-k8s-controller-coordinator-carcpr51/entandoapppluginlinks?watch=true HTTP/1.1 and responded: HTTP/1.1 200 OK
Oct 28, 2020 6:17:29 AM okhttp3.mockwebserver.MockWebServer$3 processOneRequest
INFO: MockWebServer[59314] received request: GET /api/v1/namespaces/entando-k8s-controller-coordinator-carcpr51 HTTP/1.1 and responded: HTTP/1.1 200 OK
Oct 28, 2020 6:17:29 AM io.fabric8.kubernetes.client.dsl.internal.WatchHTTPManager$1 onResponse
INFO: Watch terminated unexpectedly. reason: \n not found: limit=46 content=7b2261706956657273696f6e223a227631222c226b696e64223a224c69737422â€¦
Oct 28, 2020 6:17:29 AM okhttp3.mockwebserver.MockWebServer$3 processOneRequest
INFO: MockWebServer[59314] received request: GET /apis/entando.org/v1/namespaces/entando-k8s-controller-coordinator-carcpr51/entandocompositeapps HTTP/1.1 and responded: HTTP/1.1 200 OK
Oct 28, 2020 6:17:29 AM okhttp3.mockwebserver.MockWebServer$3 processOneRequest
INFO: MockWebServer[59314] received request: GET /api/v1/namespaces/entando-k8s-controller-coordinator-carcpr51 HTTP/1.1 and responded: HTTP/1.1 200 OK
Oct 28, 2020 6:17:30 AM okhttp3.mockwebserver.MockWebServer$3 processOneRequest
INFO: MockWebServer[59314] received request: GET /apis/entando.org/v1/namespaces/entando-k8s-controller-coordinator-carcpr51/entandoapps?watch=true HTTP/1.1 and responded: HTTP/1.1 200 OK
Oct 28, 2020 6:17:30 AM io.fabric8.kubernetes.client.dsl.internal.WatchHTTPManager$1 onResponse
INFO: Watch terminated unexpectedly. reason: \n not found: limit=46 content=7b2261706956657273696f6e223a227631222c226b696e64223a224c69737422â€¦
Oct 28, 2020 6:17:30 AM okhttp3.mockwebserver.MockWebServer$3 processOneRequest
INFO: MockWebServer[59314] received request: GET /apis/entando.org/v1/namespaces/entando-k8s-controller-coordinator-carcpr51/entandocompositeapps HTTP/1.1 and responded: HTTP/1.1 200 OK
Oct 28, 2020 6:17:30 AM okhttp3.mockwebserver.MockWebServer$3 processOneRequest
INFO: MockWebServer[59314] received request: GET /apis/entando.org/v1/namespaces/entando-k8s-controller-coordinator-carcpr51/entandocompositeapps HTTP/1.1 and responded: HTTP/1.1 200 OK
Oct 28, 2020 6:17:30 AM okhttp3.mockwebserver.MockWebServer$3 processOneRequest
INFO: MockWebServer[59314] received request: GET /apis/entando.org/v1/namespaces/entando-k8s-controller-coordinator-carcpr51/entandocompositeapps?watch=true HTTP/1.1 and responded: HTTP/1.1 200 OK
Oct 28, 2020 6:17:30 AM okhttp3.mockwebserver.MockWebServer$3 processOneRequest
INFO: MockWebServer[59314] received request: GET /apis/entando.org/v1/namespaces/entando-k8s-controller-coordinator-carcpr51/entandocompositeapps?watch=true HTTP/1.1 and responded: HTTP/1.1 200 OK
Oct 28, 2020 6:17:30 AM okhttp3.mockwebserver.MockWebServer$3 processOneRequest
INFO: MockWebServer[59314] received request: GET /api/v1/namespaces/entando-k8s-controller-coordinator-carcpr51 HTTP/1.1 and responded: HTTP/1.1 200 OK
Oct 28, 2020 6:17:30 AM io.fabric8.kubernetes.client.dsl.internal.WatchHTTPManager$1 onResponse
INFO: Watch terminated unexpectedly. reason: \n not found: limit=46 content=7b2261706956657273696f6e223a227631222c226b696e64223a224c69737422â€¦
Oct 28, 2020 6:17:30 AM okhttp3.mockwebserver.MockWebServer$3 processOneRequest
INFO: MockWebServer[59314] received request: GET /apis/entando.org/v1/namespaces/entando-k8s-controller-coordinator-carcpr51/entandodatabaseservices HTTP/1.1 and responded: HTTP/1.1 200 OK
Oct 28, 2020 6:17:30 AM okhttp3.mockwebserver.MockWebServer$3 processOneRequest
INFO: MockWebServer[59314] received request: GET /api/v1/namespaces/entando-k8s-controller-coordinator-carcpr51 HTTP/1.1 and responded: HTTP/1.1 200 OK
Oct 28, 2020 6:17:30 AM okhttp3.mockwebserver.MockWebServer$3 processOneRequest
INFO: MockWebServer[59314] received request: GET /apis/entando.org/v1/namespaces/entando-k8s-controller-coordinator-carcpr51/entandodatabaseservices HTTP/1.1 and responded: HTTP/1.1 200 OK
Oct 28, 2020 6:17:30 AM okhttp3.mockwebserver.MockWebServer$3 processOneRequest
INFO: MockWebServer[59314] received request: GET /apis/entando.org/v1/namespaces/entando-k8s-controller-coordinator-carcpr51/entandoplugins?watch=true HTTP/1.1 and responded: HTTP/1.1 200 OK
Oct 28, 2020 6:17:30 AM io.fabric8.kubernetes.client.dsl.internal.WatchHTTPManager$1 onResponse
INFO: Watch terminated unexpectedly. reason: \n not found: limit=46 content=7b2261706956657273696f6e223a227631222c226b696e64223a224c69737422â€¦
Oct 28, 2020 6:17:30 AM okhttp3.mockwebserver.MockWebServer$3 processOneRequest
INFO: MockWebServer[59314] received request: GET /apis/entando.org/v1/namespaces/entando-k8s-controller-coordinator-carcpr51/entandodatabaseservices HTTP/1.1 and responded: HTTP/1.1 200 OK
Oct 28, 2020 6:17:30 AM okhttp3.mockwebserver.MockWebServer$3 processOneRequest
INFO: MockWebServer[59314] received request: GET /apis/entando.org/v1/namespaces/entando-k8s-controller-coordinator-carcpr51/entandodatabaseservices?watch=true HTTP/1.1 and responded: HTTP/1.1 200 OK
Oct 28, 2020 6:17:30 AM okhttp3.mockwebserver.MockWebServer$3 processOneRequest
INFO: MockWebServer[59314] received request: GET /apis/entando.org/v1/namespaces/entando-k8s-controller-coordinator-carcpr51/entandodatabaseservices?watch=true HTTP/1.1 and responded: HTTP/1.1 200 OK
Oct 28, 2020 6:17:30 AM io.fabric8.kubernetes.client.dsl.internal.WatchHTTPManager$1 onResponse
INFO: Watch terminated unexpectedly. reason: \n not found: limit=46 content=7b2261706956657273696f6e223a227631222c226b696e64223a224c69737422â€¦
Oct 28, 2020 6:17:30 AM okhttp3.mockwebserver.MockWebServer$3 processOneRequest
INFO: MockWebServer[59314] received request: GET /api/v1/namespaces/entando-k8s-controller-coordinator-carcpr51/pods?labelSelector=EntandoResourceKind%3DEntandoKeycloakServer HTTP/1.1 and responded: HTTP/1.1 200 OK
Oct 28, 2020 6:17:30 AM okhttp3.mockwebserver.MockWebServer$3 processOneRequest
INFO: MockWebServer[59314] received request: GET /apis/entando.org/v1/namespaces/entando-k8s-controller-coordinator-carcpr51/entandoapppluginlinks?watch=true HTTP/1.1 and responded: HTTP/1.1 200 OK
Oct 28, 2020 6:17:30 AM io.fabric8.kubernetes.client.dsl.internal.WatchHTTPManager$1 onResponse
INFO: Watch terminated unexpectedly. reason: \n not found: limit=46 content=7b2261706956657273696f6e223a227631222c226b696e64223a224c69737422â€¦
Oct 28, 2020 6:17:30 AM okhttp3.mockwebserver.MockWebServer$2 acceptConnections
INFO: MockWebServer[59314] done accepting connections: Socket closed
[INFO] Tests run: 2, Failures: 0, Errors: 0, Skipped: 0, Time elapsed: 29.071 s - in org.entando.kubernetes.controller.coordinator.inprocesstests.ControllerCoordinatorEdgeConditionsTest
[INFO] Running org.entando.kubernetes.controller.coordinator.inprocesstests.DeploymentPhaseWatcherTest
Oct 28, 2020 6:17:30 AM okhttp3.mockwebserver.MockWebServer$2 e**cute
INFO: MockWebServer[40550] starting to accept connections
Oct 28, 2020 6:17:30 AM okhttp3.mockwebserver.MockWebServer$3 processOneRequest
INFO: MockWebServer[40550] received request: GET /api/v1/namespaces/test HTTP/1.1 and responded: HTTP/1.1 404 Client Error
Oct 28, 2020 6:17:31 AM okhttp3.mockwebserver.MockWebServer$3 processOneRequest
INFO: MockWebServer[40550] received request: GET /apis/entando.org/v1/namespaces/default/entandoapps HTTP/1.1 and responded: HTTP/1.1 200 OK
Oct 28, 2020 6:17:31 AM okhttp3.mockwebserver.MockWebServer$3 processOneRequest
INFO: MockWebServer[40550] received request: GET /api/v1/namespaces/test HTTP/1.1 and responded: HTTP/1.1 404 Client Error
Oct 28, 2020 6:17:31 AM io.fabric8.kubernetes.client.dsl.internal.WatchHTTPManager$1 onFailure
INFO: Watch connection failed. reason: e**cutor rejected
Oct 28, 2020 6:17:31 AM okhttp3.mockwebserver.MockWebServer$3 processOneRequest
INFO: MockWebServer[40550] received request: GET /apis/entando.org/v1/namespaces/default/entandoapps HTTP/1.1 and responded: HTTP/1.1 200 OK
Oct 28, 2020 6:17:31 AM okhttp3.mockwebserver.MockWebServer$3 processOneRequest
INFO: MockWebServer[40550] received request: POST /apis/entando.org/v1/namespaces/test/entandoapps HTTP/1.1 and responded: HTTP/1.1 202 OK
Oct 28, 2020 6:17:31 AM io.fabric8.kubernetes.client.dsl.internal.WatchHTTPManager$1 onFailure
INFO: Watch connection failed. reason: e**cutor rejected
Oct 28, 2020 6:17:31 AM okhttp3.mockwebserver.MockWebServer$3 processOneRequest
INFO: MockWebServer[40550] received request: GET /apis/entando.org/v1/namespaces/test/entandoapps/test-app?watch=true HTTP/1.1 and responded: HTTP/1.1 200 OK
Oct 28, 2020 6:17:31 AM okhttp3.mockwebserver.MockWebServer$3 processOneRequest
INFO: MockWebServer[40550] received request: GET /apis/entando.org/v1/namespaces/test/entandoapps/test-app?watch=true HTTP/1.1 and responded: HTTP/1.1 200 OK
Oct 28, 2020 6:17:31 AM okhttp3.mockwebserver.MockWebServer$3 processOneRequest
INFO: MockWebServer[40550] received request: GET /apis/entando.org/v1/namespaces/test/entandoapps/test-app HTTP/1.1 and responded: HTTP/1.1 200 OK
Oct 28, 2020 6:17:31 AM io.fabric8.kubernetes.client.dsl.internal.WatchHTTPManager$1 onResponse
INFO: Watch terminated unexpectedly. reason: \n not found: limit=236 content=7b226b696e64223a22456e74616e646f417070222c2261706956657273696f6eâ€¦
Oct 28, 2020 6:17:31 AM io.fabric8.kubernetes.client.dsl.internal.WatchHTTPManager$1 onFailure
INFO: Watch connection failed. reason: e**cutor rejected
Oct 28, 2020 6:17:31 AM io.fabric8.kubernetes.client.dsl.internal.WatchHTTPManager$1 onFailure
INFO: Watch connection failed. reason: e**cutor rejected
Oct 28, 2020 6:17:31 AM okhttp3.mockwebserver.MockWebServer$3 processOneRequest
INFO: MockWebServer[40550] received request: GET /apis/entando.org/v1/namespaces/test/entandoapps/test-app HTTP/1.1 and responded: HTTP/1.1 200 OK
Oct 28, 2020 6:17:31 AM okhttp3.mockwebserver.MockWebServer$3 processOneRequest
INFO: MockWebServer[40550] received request: GET /apis/entando.org/v1/namespaces/test/entandoapps/test-app HTTP/1.1 and responded: HTTP/1.1 200 OK
Oct 28, 2020 6:17:32 AM okhttp3.mockwebserver.MockWebServer$3 processOneRequest
INFO: MockWebServer[40550] received request: PATCH /apis/entando.org/v1/namespaces/test/entandoapps/test-app HTTP/1.1 and responded: HTTP/1.1 202 OK
Oct 28, 2020 6:17:32 AM io.fabric8.kubernetes.client.dsl.internal.WatchHTTPManager$1 onFailure
INFO: Watch connection failed. reason: e**cutor rejected
Oct 28, 2020 6:17:32 AM okhttp3.mockwebserver.MockWebServer$3 processOneRequest
INFO: MockWebServer[40550] received request: GET /apis/entando.org/v1/namespaces/test/entandoapps/test-app HTTP/1.1 and responded: HTTP/1.1 200 OK
Oct 28, 2020 6:17:32 AM io.fabric8.kubernetes.client.dsl.internal.WatchHTTPManager$1 onFailure
INFO: Watch connection failed. reason: e**cutor rejected
Oct 28, 2020 6:17:32 AM okhttp3.mockwebserver.MockWebServer$2 acceptConnections
INFO: MockWebServer[40550] done accepting connections: Socket closed
Oct 28, 2020 6:17:32 AM io.fabric8.kubernetes.client.dsl.internal.WatchHTTPManager$1 onFailure
INFO: Watch connection failed. reason: Canceled
Oct 28, 2020 6:17:32 AM io.fabric8.kubernetes.client.dsl.internal.WatchHTTPManager scheduleReconnect
WARN: Ignoring error for already closed/closing connection
[INFO] Tests run: 1, Failures: 0, Errors: 0, Skipped: 0, Time elapsed: 1.654 s - in org.entando.kubernetes.controller.coordinator.inprocesstests.DeploymentPhaseWatcherTest
[INFO] Running org.entando.kubernetes.controller.coordinator.inprocesstests.ControllerCoordinatorMockedTest
Oct 28, 2020 6:17:32 AM okhttp3.mockwebserver.MockWebServer$2 e**cute
INFO: MockWebServer[54168] starting to accept connections
Oct 28, 2020 6:17:32 AM okhttp3.mockwebserver.MockWebServer$3 processOneRequest
INFO: MockWebServer[54168] received request: GET /api/v1/namespaces/entando-k8s-controller-coordinator-carcpr51 HTTP/1.1 and responded: HTTP/1.1 404 Client Error
Oct 28, 2020 6:17:32 AM okhttp3.mockwebserver.MockWebServer$3 processOneRequest
INFO: MockWebServer[54168] received request: GET /apis/entando.org/v1/namespaces/default/entandokeycloakservers HTTP/1.1 and responded: HTTP/1.1 200 OK
Oct 28, 2020 6:17:32 AM okhttp3.mockwebserver.MockWebServer$3 processOneRequest
INFO: MockWebServer[54168] received request: GET /api/v1/namespaces/entando-k8s-controller-coordinator-carcpr51 HTTP/1.1 and responded: HTTP/1.1 404 Client Error
Oct 28, 2020 6:17:32 AM io.fabric8.kubernetes.client.dsl.internal.WatchHTTPManager$1 onFailure
INFO: Watch connection failed. reason: e**cutor rejected
Oct 28, 2020 6:17:32 AM okhttp3.mockwebserver.MockWebServer$3 processOneRequest
INFO: MockWebServer[54168] received request: GET /apis/entando.org/v1/namespaces/default/entandokeycloakservers HTTP/1.1 and responded: HTTP/1.1 200 OK
Oct 28, 2020 6:17:32 AM okhttp3.mockwebserver.MockWebServer$3 processOneRequest
INFO: MockWebServer[54168] received request: GET /apis/entando.org/v1/namespaces/entando-k8s-controller-coordinator-carcpr51/entandokeycloakservers HTTP/1.1 and responded: HTTP/1.1 200 OK
Oct 28, 2020 6:17:33 AM okhttp3.mockwebserver.MockWebServer$3 processOneRequest
INFO: MockWebServer[54168] received request: GET /apis/entando.org/v1/namespaces/entando-k8s-controller-coordinator-carcpr51/entandokeycloakservers?watch=true HTTP/1.1 and responded: HTTP/1.1 200 OK
Oct 28, 2020 6:17:33 AM okhttp3.mockwebserver.MockWebServer$3 processOneRequest
INFO: MockWebServer[54168] received request: GET /apis/entando.org/v1/namespaces/entando-k8s-controller-coordinator-carcpr51/entandokeycloakservers?watch=true HTTP/1.1 and responded: HTTP/1.1 200 OK
Oct 28, 2020 6:17:33 AM okhttp3.mockwebserver.MockWebServer$3 processOneRequest
INFO: MockWebServer[54168] received request: GET /api/v1/namespaces/entando-k8s-controller-coordinator-carcpr51 HTTP/1.1 and responded: HTTP/1.1 404 Client Error
Oct 28, 2020 6:17:33 AM io.fabric8.kubernetes.client.dsl.internal.WatchHTTPManager$1 onResponse
INFO: Watch terminated unexpectedly. reason: \n not found: limit=46 content=7b2261706956657273696f6e223a227631222c226b696e64223a224c69737422â€¦
Oct 28, 2020 6:17:33 AM okhttp3.mockwebserver.MockWebServer$3 processOneRequest
INFO: MockWebServer[54168] received request: GET /apis/entando.org/v1/namespaces/default/entandoclusterinfrastructures HTTP/1.1 and responded: HTTP/1.1 200 OK
Oct 28, 2020 6:17:33 AM okhttp3.mockwebserver.MockWebServer$3 processOneRequest
INFO: MockWebServer[54168] received request: GET /api/v1/namespaces/entando-k8s-controller-coordinator-carcpr51 HTTP/1.1 and responded: HTTP/1.1 404 Client Error
Oct 28, 2020 6:17:33 AM okhttp3.mockwebserver.MockWebServer$3 processOneRequest
INFO: MockWebServer[54168] received request: GET /apis/entando.org/v1/namespaces/default/entandoclusterinfrastructures HTTP/1.1 and responded: HTTP/1.1 200 OK
Oct 28, 2020 6:17:33 AM io.fabric8.kubernetes.client.dsl.internal.WatchHTTPManager$1 onFailure
INFO: Watch connection failed. reason: e**cutor rejected
Oct 28, 2020 6:17:33 AM okhttp3.mockwebserver.MockWebServer$3 processOneRequest
INFO: MockWebServer[54168] received request: GET /apis/entando.org/v1/namespaces/entando-k8s-controller-coordinator-carcpr51/entandoclusterinfrastructures HTTP/1.1 and responded: HTTP/1.1 200 OK
Oct 28, 2020 6:17:33 AM okhttp3.mockwebserver.MockWebServer$3 processOneRequest
INFO: MockWebServer[54168] received request: GET /apis/entando.org/v1/namespaces/entando-k8s-controller-coordinator-carcpr51/entandoclusterinfrastructures?watch=true HTTP/1.1 and responded: HTTP/1.1 200 OK
Oct 28, 2020 6:17:33 AM okhttp3.mockwebserver.MockWebServer$3 processOneRequest
INFO: MockWebServer[54168] received request: GET /apis/entando.org/v1/namespaces/entando-k8s-controller-coordinator-carcpr51/entandoclusterinfrastructures?watch=true HTTP/1.1 and responded: HTTP/1.1 200 OK
Oct 28, 2020 6:17:33 AM okhttp3.mockwebserver.MockWebServer$3 processOneRequest
INFO: MockWebServer[54168] received request: GET /api/v1/namespaces/entando-k8s-controller-coordinator-carcpr51 HTTP/1.1 and responded: HTTP/1.1 404 Client Error
Oct 28, 2020 6:17:33 AM io.fabric8.kubernetes.client.dsl.internal.WatchHTTPManager$1 onResponse
INFO: Watch terminated unexpectedly. reason: \n not found: limit=46 content=7b2261706956657273696f6e223a227631222c226b696e64223a224c69737422â€¦
Oct 28, 2020 6:17:33 AM okhttp3.mockwebserver.MockWebServer$3 processOneRequest
INFO: MockWebServer[54168] received request: GET /apis/entando.org/v1/namespaces/default/entandoapps HTTP/1.1 and responded: HTTP/1.1 200 OK
Oct 28, 2020 6:17:33 AM okhttp3.mockwebserver.MockWebServer$3 processOneRequest
INFO: MockWebServer[54168] received request: GET /api/v1/namespaces/entando-k8s-controller-coordinator-carcpr51 HTTP/1.1 and responded: HTTP/1.1 404 Client Error
Oct 28, 2020 6:17:33 AM okhttp3.mockwebserver.MockWebServer$3 processOneRequest
INFO: MockWebServer[54168] received request: GET /apis/entando.org/v1/namespaces/default/entandoapps HTTP/1.1 and responded: HTTP/1.1 200 OK
Oct 28, 2020 6:17:33 AM io.fabric8.kubernetes.client.dsl.internal.WatchHTTPManager$1 onFailure
INFO: Watch connection failed. reason: e**cutor rejected
Oct 28, 2020 6:17:33 AM okhttp3.mockwebserver.MockWebServer$3 processOneRequest
INFO: MockWebServer[54168] received request: GET /apis/entando.org/v1/namespaces/entando-k8s-controller-coordinator-carcpr51/entandoapps HTTP/1.1 and responded: HTTP/1.1 200 OK
Oct 28, 2020 6:17:33 AM okhttp3.mockwebserver.MockWebServer$3 processOneRequest
INFO: MockWebServer[54168] received request: GET /apis/entando.org/v1/namespaces/entando-k8s-controller-coordinator-carcpr51/entandoapps?watch=true HTTP/1.1 and responded: HTTP/1.1 200 OK
Oct 28, 2020 6:17:33 AM okhttp3.mockwebserver.MockWebServer$3 processOneRequest
INFO: MockWebServer[54168] received request: GET /api/v1/namespaces/entando-k8s-controller-coordinator-carcpr51 HTTP/1.1 and responded: HTTP/1.1 404 Client Error
Oct 28, 2020 6:17:33 AM okhttp3.mockwebserver.MockWebServer$3 processOneRequest
INFO: MockWebServer[54168] received request: GET /apis/entando.org/v1/namespaces/entando-k8s-controller-coordinator-carcpr51/entandoapps?watch=true HTTP/1.1 and responded: HTTP/1.1 200 OK
Oct 28, 2020 6:17:34 AM io.fabric8.kubernetes.client.dsl.internal.WatchHTTPManager$1 onResponse
INFO: Watch terminated unexpectedly. reason: \n not found: limit=46 content=7b2261706956657273696f6e223a227631222c226b696e64223a224c69737422â€¦
Oct 28, 2020 6:17:34 AM okhttp3.mockwebserver.MockWebServer$3 processOneRequest
INFO: MockWebServer[54168] received request: GET /apis/entando.org/v1/namespaces/default/entandoplugins HTTP/1.1 and responded: HTTP/1.1 200 OK
Oct 28, 2020 6:17:34 AM okhttp3.mockwebserver.MockWebServer$3 processOneRequest
INFO: MockWebServer[54168] received request: GET /api/v1/namespaces/entando-k8s-controller-coordinator-carcpr51 HTTP/1.1 and responded: HTTP/1.1 404 Client Error
Oct 28, 2020 6:17:34 AM okhttp3.mockwebserver.MockWebServer$3 processOneRequest
INFO: MockWebServer[54168] received request: GET /apis/entando.org/v1/namespaces/default/entandoplugins HTTP/1.1 and responded: HTTP/1.1 200 OK
Oct 28, 2020 6:17:34 AM io.fabric8.kubernetes.client.dsl.internal.WatchHTTPManager$1 onResponse
INFO: Watch terminated unexpectedly. reason: \n not found: limit=46 content=7b2261706956657273696f6e223a227631222c226b696e64223a224c69737422â€¦
Oct 28, 2020 6:17:34 AM okhttp3.mockwebserver.MockWebServer$3 processOneRequest
INFO: MockWebServer[54168] received request: GET /apis/entando.org/v1/namespaces/entando-k8s-controller-coordinator-carcpr51/entandokeycloakservers?watch=true HTTP/1.1 and responded: HTTP/1.1 200 OK
Oct 28, 2020 6:17:34 AM okhttp3.mockwebserver.MockWebServer$3 processOneRequest
INFO: MockWebServer[54168] received request: GET /apis/entando.org/v1/namespaces/entando-k8s-controller-coordinator-carcpr51/entandoplugins HTTP/1.1 and responded: HTTP/1.1 200 OK
Oct 28, 2020 6:17:34 AM okhttp3.mockwebserver.MockWebServer$3 processOneRequest
INFO: MockWebServer[54168] received request: GET /apis/entando.org/v1/namespaces/entando-k8s-controller-coordinator-carcpr51/entandoplugins?watch=true HTTP/1.1 and responded: HTTP/1.1 200 OK
Oct 28, 2020 6:17:34 AM okhttp3.mockwebserver.MockWebServer$3 processOneRequest
INFO: MockWebServer[54168] received request: GET /apis/entando.org/v1/namespaces/entando-k8s-controller-coordinator-carcpr51/entandoplugins?watch=true HTTP/1.1 and responded: HTTP/1.1 200 OK
Oct 28, 2020 6:17:34 AM okhttp3.mockwebserver.MockWebServer$3 processOneRequest
INFO: MockWebServer[54168] received request: GET /api/v1/namespaces/entando-k8s-controller-coordinator-carcpr51 HTTP/1.1 and responded: HTTP/1.1 404 Client Error
Oct 28, 2020 6:17:34 AM io.fabric8.kubernetes.client.dsl.internal.WatchHTTPManager$1 onResponse
INFO: Watch terminated unexpectedly. reason: \n not found: limit=46 content=7b2261706956657273696f6e223a227631222c226b696e64223a224c69737422â€¦
Oct 28, 2020 6:17:34 AM okhttp3.mockwebserver.MockWebServer$3 processOneRequest
INFO: MockWebServer[54168] received request: GET /apis/entando.org/v1/namespaces/default/entandoapppluginlinks HTTP/1.1 and responded: HTTP/1.1 200 OK
Oct 28, 2020 6:17:34 AM okhttp3.mockwebserver.MockWebServer$3 processOneRequest
INFO: MockWebServer[54168] received request: GET /api/v1/namespaces/entando-k8s-controller-coordinator-carcpr51 HTTP/1.1 and responded: HTTP/1.1 404 Client Error
Oct 28, 2020 6:17:34 AM okhttp3.mockwebserver.MockWebServer$3 processOneRequest
INFO: MockWebServer[54168] received request: GET /apis/entando.org/v1/namespaces/default/entandoapppluginlinks HTTP/1.1 and responded: HTTP/1.1 200 OK
Oct 28, 2020 6:17:34 AM okhttp3.mockwebserver.MockWebServer$3 processOneRequest
INFO: MockWebServer[54168] received request: GET /apis/entando.org/v1/namespaces/entando-k8s-controller-coordinator-carcpr51/entandoclusterinfrastructures?watch=true HTTP/1.1 and responded: HTTP/1.1 200 OK
Oct 28, 2020 6:17:34 AM io.fabric8.kubernetes.client.dsl.internal.WatchHTTPManager$1 onResponse
INFO: Watch terminated unexpectedly. reason: \n not found: limit=46 content=7b2261706956657273696f6e223a227631222c226b696e64223a224c69737422â€¦
Oct 28, 2020 6:17:34 AM okhttp3.mockwebserver.MockWebServer$3 processOneRequest
INFO: MockWebServer[54168] received request: GET /apis/entando.org/v1/namespaces/entando-k8s-controller-coordinator-carcpr51/entandoapppluginlinks HTTP/1.1 and responded: HTTP/1.1 200 OK
Oct 28, 2020 6:17:34 AM okhttp3.mockwebserver.MockWebServer$3 processOneRequest
INFO: MockWebServer[54168] received request: GET /apis/entando.org/v1/namespaces/entando-k8s-controller-coordinator-carcpr51/entandoapppluginlinks?watch=true HTTP/1.1 and responded: HTTP/1.1 200 OK
Oct 28, 2020 6:17:34 AM okhttp3.mockwebserver.MockWebServer$3 processOneRequest
INFO: MockWebServer[54168] received request: GET /api/v1/namespaces/entando-k8s-controller-coordinator-carcpr51 HTTP/1.1 and responded: HTTP/1.1 404 Client Error
Oct 28, 2020 6:17:34 AM okhttp3.mockwebserver.MockWebServer$3 processOneRequest
INFO: MockWebServer[54168] received request: GET /apis/entando.org/v1/namespaces/entando-k8s-controller-coordinator-carcpr51/entandoapppluginlinks?watch=true HTTP/1.1 and responded: HTTP/1.1 200 OK
Oct 28, 2020 6:17:34 AM io.fabric8.kubernetes.client.dsl.internal.WatchHTTPManager$1 onResponse
INFO: Watch terminated unexpectedly. reason: \n not found: limit=46 content=7b2261706956657273696f6e223a227631222c226b696e64223a224c69737422â€¦
Oct 28, 2020 6:17:34 AM okhttp3.mockwebserver.MockWebServer$3 processOneRequest
INFO: MockWebServer[54168] received request: GET /apis/entando.org/v1/namespaces/default/entandocompositeapps HTTP/1.1 and responded: HTTP/1.1 200 OK
Oct 28, 2020 6:17:34 AM okhttp3.mockwebserver.MockWebServer$3 processOneRequest
INFO: MockWebServer[54168] received request: GET /api/v1/namespaces/entando-k8s-controller-coordinator-carcpr51 HTTP/1.1 and responded: HTTP/1.1 404 Client Error
Oct 28, 2020 6:17:34 AM okhttp3.mockwebserver.MockWebServer$3 processOneRequest
INFO: MockWebServer[54168] received request: GET /apis/entando.org/v1/namespaces/default/entandocompositeapps HTTP/1.1 and responded: HTTP/1.1 200 OK
Oct 28, 2020 6:17:35 AM io.fabric8.kubernetes.client.dsl.internal.WatchHTTPManager$1 onResponse
INFO: Watch terminated unexpectedly. reason: \n not found: limit=46 content=7b2261706956657273696f6e223a227631222c226b696e64223a224c69737422â€¦
Oct 28, 2020 6:17:35 AM okhttp3.mockwebserver.MockWebServer$3 processOneRequest
INFO: MockWebServer[54168] received request: GET /apis/entando.org/v1/namespaces/entando-k8s-controller-coordinator-carcpr51/entandoapps?watch=true HTTP/1.1 and responded: HTTP/1.1 200 OK
Oct 28, 2020 6:17:35 AM okhttp3.mockwebserver.MockWebServer$3 processOneRequest
INFO: MockWebServer[54168] received request: GET /apis/entando.org/v1/namespaces/entando-k8s-controller-coordinator-carcpr51/entandocompositeapps HTTP/1.1 and responded: HTTP/1.1 200 OK
Oct 28, 2020 6:17:35 AM io.fabric8.kubernetes.client.dsl.internal.WatchHTTPManager$1 onFailure
INFO: Watch connection failed. reason: e**cutor rejected
Oct 28, 2020 6:17:35 AM okhttp3.mockwebserver.MockWebServer$3 processOneRequest
INFO: MockWebServer[54168] received request: GET /apis/entando.org/v1/namespaces/entando-k8s-controller-coordinator-carcpr51/entandocompositeapps?watch=true HTTP/1.1 and responded: HTTP/1.1 200 OK
Oct 28, 2020 6:17:35 AM okhttp3.mockwebserver.MockWebServer$3 processOneRequest
INFO: MockWebServer[54168] received request: GET /apis/entando.org/v1/namespaces/entando-k8s-controller-coordinator-carcpr51/entandocompositeapps?watch=true HTTP/1.1 and responded: HTTP/1.1 200 OK
Oct 28, 2020 6:17:35 AM okhttp3.mockwebserver.MockWebServer$3 processOneRequest
INFO: MockWebServer[54168] received request: GET /api/v1/namespaces/entando-k8s-controller-coordinator-carcpr51 HTTP/1.1 and responded: HTTP/1.1 404 Client Error
Oct 28, 2020 6:17:35 AM io.fabric8.kubernetes.client.dsl.internal.WatchHTTPManager$1 onResponse
INFO: Watch terminated unexpectedly. reason: \n not found: limit=46 content=7b2261706956657273696f6e223a227631222c226b696e64223a224c69737422â€¦
Oct 28, 2020 6:17:35 AM okhttp3.mockwebserver.MockWebServer$3 processOneRequest
INFO: MockWebServer[54168] received request: GET /apis/entando.org/v1/namespaces/default/entandodatabaseservices HTTP/1.1 and responded: HTTP/1.1 200 OK
Oct 28, 2020 6:17:35 AM okhttp3.mockwebserver.MockWebServer$3 processOneRequest
INFO: MockWebServer[54168] received request: GET /api/v1/namespaces/entando-k8s-controller-coordinator-carcpr51 HTTP/1.1 and responded: HTTP/1.1 404 Client Error
Oct 28, 2020 6:17:35 AM okhttp3.mockwebserver.MockWebServer$3 processOneRequest
INFO: MockWebServer[54168] received request: GET /apis/entando.org/v1/namespaces/default/entandodatabaseservices HTTP/1.1 and responded: HTTP/1.1 200 OK
Oct 28, 2020 6:17:35 AM okhttp3.mockwebserver.MockWebServer$3 processOneRequest
INFO: MockWebServer[54168] received request: GET /apis/entando.org/v1/namespaces/entando-k8s-controller-coordinator-carcpr51/entandoplugins?watch=true HTTP/1.1 and responded: HTTP/1.1 200 OK
Oct 28, 2020 6:17:35 AM io.fabric8.kubernetes.client.dsl.internal.WatchHTTPManager$1 onResponse
INFO: Watch terminated unexpectedly. reason: \n not found: limit=46 content=7b2261706956657273696f6e223a227631222c226b696e64223a224c69737422â€¦
Oct 28, 2020 6:17:35 AM okhttp3.mockwebserver.MockWebServer$3 processOneRequest
INFO: MockWebServer[54168] received request: GET /apis/entando.org/v1/namespaces/entando-k8s-controller-coordinator-carcpr51/entandodatabaseservices HTTP/1.1 and responded: HTTP/1.1 200 OK
Oct 28, 2020 6:17:35 AM okhttp3.mockwebserver.MockWebServer$3 processOneRequest
INFO: MockWebServer[54168] received request: GET /apis/entando.org/v1/namespaces/entando-k8s-controller-coordinator-carcpr51/entandodatabaseservices?watch=true HTTP/1.1 and responded: HTTP/1.1 200 OK
Oct 28, 2020 6:17:35 AM io.fabric8.kubernetes.client.dsl.internal.WatchHTTPManager$1 onFailure
INFO: Watch connection failed. reason: e**cutor rejected
Oct 28, 2020 6:17:35 AM okhttp3.mockwebserver.MockWebServer$3 processOneRequest
INFO: MockWebServer[54168] received request: GET /apis/entando.org/v1/namespaces/entando-k8s-controller-coordinator-carcpr51/entandodatabaseservices?watch=true HTTP/1.1 and responded: HTTP/1.1 200 OK
Oct 28, 2020 6:17:35 AM okhttp3.mockwebserver.MockWebServer$3 processOneRequest
INFO: MockWebServer[54168] received request: GET /api/v1/namespaces/entando-k8s-controller-coordinator-carcpr51 HTTP/1.1 and responded: HTTP/1.1 404 Client Error
Oct 28, 2020 6:17:35 AM io.fabric8.kubernetes.client.dsl.internal.WatchHTTPManager$1 onResponse
INFO: Watch terminated unexpectedly. reason: \n not found: limit=46 content=7b2261706956657273696f6e223a227631222c226b696e64223a224c69737422â€¦
Oct 28, 2020 6:17:35 AM okhttp3.mockwebserver.MockWebServer$3 processOneRequest
INFO: MockWebServer[54168] received request: POST /api/v1/namespaces HTTP/1.1 and responded: HTTP/1.1 202 OK
Oct 28, 2020 6:17:35 AM okhttp3.mockwebserver.MockWebServer$3 processOneRequest
INFO: MockWebServer[54168] received request: GET /api/v1/namespaces/entando/configmaps/entando-docker-image-info-v6.1 HTTP/1.1 and responded: HTTP/1.1 404 Client Error
Oct 28, 2020 6:17:35 AM okhttp3.mockwebserver.MockWebServer$3 processOneRequest
INFO: MockWebServer[54168] received request: POST /api/v1/namespaces/entando/configmaps HTTP/1.1 and responded: HTTP/1.1 202 OK
Oct 28, 2020 6:17:35 AM okhttp3.mockwebserver.MockWebServer$3 processOneRequest
INFO: MockWebServer[54168] received request: GET /apis/entando.org/v1/namespaces/entando-k8s-controller-coordinator-carcpr51/entandoapppluginlinks?watch=true HTTP/1.1 and responded: HTTP/1.1 200 OK
Oct 28, 2020 6:17:35 AM io.fabric8.kubernetes.client.dsl.internal.WatchHTTPManager$1 onResponse
INFO: Watch terminated unexpectedly. reason: \n not found: limit=46 content=7b2261706956657273696f6e223a227631222c226b696e64223a224c69737422â€¦
Oct 28, 2020 6:17:35 AM okhttp3.mockwebserver.MockWebServer$3 processOneRequest
INFO: MockWebServer[54168] received request: GET /api/v1/namespaces/entando-k8s-controller-coordinator-carcpr51 HTTP/1.1 and responded: HTTP/1.1 200 OK
Oct 28, 2020 6:17:35 AM io.fabric8.kubernetes.client.dsl.internal.WatchHTTPManager$1 onFailure
INFO: Watch connection failed. reason: e**cutor rejected
Oct 28, 2020 6:17:36 AM okhttp3.mockwebserver.MockWebServer$3 processOneRequest
INFO: MockWebServer[54168] received request: GET /apis/entando.org/v1/namespaces/entando-k8s-controller-coordinator-carcpr51/entandokeycloakservers HTTP/1.1 and responded: HTTP/1.1 200 OK
Oct 28, 2020 6:17:36 AM io.fabric8.kubernetes.client.dsl.internal.WatchHTTPManager$1 onFailure
INFO: Watch connection failed. reason: e**cutor rejected
Oct 28, 2020 6:17:36 AM okhttp3.mockwebserver.MockWebServer$3 processOneRequest
INFO: MockWebServer[54168] received request: GET /api/v1/namespaces/entando-k8s-controller-coordinator-carcpr51 HTTP/1.1 and responded: HTTP/1.1 200 OK
Oct 28, 2020 6:17:36 AM okhttp3.mockwebserver.MockWebServer$3 processOneRequest
INFO: MockWebServer[54168] received request: GET /apis/entando.org/v1/namespaces/entando-k8s-controller-coordinator-carcpr51/entandokeycloakservers HTTP/1.1 and responded: HTTP/1.1 200 OK
Oct 28, 2020 6:17:36 AM io.fabric8.kubernetes.client.dsl.internal.WatchHTTPManager$1 onResponse
INFO: Watch terminated unexpectedly. reason: \n not found: limit=46 content=7b2261706956657273696f6e223a227631222c226b696e64223a224c69737422â€¦
Oct 28, 2020 6:17:36 AM okhttp3.mockwebserver.MockWebServer$3 processOneRequest
INFO: MockWebServer[54168] received request: GET /apis/entando.org/v1/namespaces/entando-k8s-controller-coordinator-carcpr51/entandokeycloakservers?watch=true HTTP/1.1 and responded: HTTP/1.1 200 OK
Oct 28, 2020 6:17:36 AM okhttp3.mockwebserver.MockWebServer$3 processOneRequest
INFO: MockWebServer[54168] received request: POST /apis/entando.org/v1/namespaces/entando-k8s-controller-coordinator-carcpr51/entandokeycloakservers HTTP/1.1 and responded: HTTP/1.1 202 OK
Oct 28, 2020 6:17:36 AM org.entando.kubernetes.controller.coordinator.EntandoResourceObserver logAction
INFO: Received ADDED for resource EntandoKeycloakServer entando-k8s-controller-coordinator-carcpr51/test-keycloak
Oct 28, 2020 6:17:36 AM okhttp3.mockwebserver.MockWebServer$3 processOneRequest
INFO: MockWebServer[54168] received request: GET /apis/entando.org/v1/namespaces/entando-k8s-controller-coordinator-carcpr51/entandocompositeapps?watch=true HTTP/1.1 and responded: HTTP/1.1 200 OK
Oct 28, 2020 6:17:36 AM okhttp3.mockwebserver.MockWebServer$3 processOneRequest
INFO: MockWebServer[54168] received request: GET /api/v1/namespaces/entando/configmaps/entando-docker-image-info-v6.1 HTTP/1.1 and responded: HTTP/1.1 200 OK
Oct 28, 2020 6:17:36 AM io.fabric8.kubernetes.client.dsl.internal.WatchHTTPManager$1 onResponse
INFO: Watch terminated unexpectedly. reason: \n not found: limit=46 content=7b2261706956657273696f6e223a227631222c226b696e64223a224c69737422â€¦
Oct 28, 2020 6:17:36 AM io.fabric8.kubernetes.client.dsl.internal.WatchHTTPManager$1 onFailure
INFO: Watch connection failed. reason: e**cutor rejected
Oct 28, 2020 6:17:36 AM okhttp3.mockwebserver.MockWebServer$3 processOneRequest
INFO: MockWebServer[54168] received request: GET /api/v1/namespaces/entando-k8s-controller-coordinator-carcpr51/pods?labelSelector=EntandoResourceKind%3DEntandoKeycloakServer HTTP/1.1 and responded: HTTP/1.1 200 OK
Oct 28, 2020 6:17:36 AM okhttp3.mockwebserver.MockWebServer$3 processOneRequest
INFO: MockWebServer[54168] received request: GET /api/v1/namespaces/entando-k8s-controller-coordinator-carcpr51/secrets/test-keycloak-controller-ca-cert-secret HTTP/1.1 and responded: HTTP/1.1 404 Client Error
Oct 28, 2020 6:17:36 AM okhttp3.mockwebserver.MockWebServer$3 processOneRequest
INFO: MockWebServer[54168] received request: POST /api/v1/namespaces/entando-k8s-controller-coordinator-carcpr51/secrets HTTP/1.1 and responded: HTTP/1.1 202 OK
Oct 28, 2020 6:17:36 AM okhttp3.mockwebserver.MockWebServer$3 processOneRequest
INFO: MockWebServer[54168] received request: POST /api/v1/namespaces/entando-k8s-controller-coordinator-carcpr51/pods HTTP/1.1 and responded: HTTP/1.1 202 OK
Oct 28, 2020 6:17:36 AM io.fabric8.kubernetes.client.dsl.internal.WatchHTTPManager$1 onFailure
INFO: Watch connection failed. reason: e**cutor rejected
Oct 28, 2020 6:17:36 AM okhttp3.mockwebserver.MockWebServer$3 processOneRequest
INFO: MockWebServer[54168] received request: GET /api/v1/namespaces/entando-k8s-controller-coordinator-carcpr51/pods?labelSelector=EntandoResourceKind%3DEntandoKeycloakServer HTTP/1.1 and responded: HTTP/1.1 200 OK
Oct 28, 2020 6:17:36 AM io.fabric8.kubernetes.client.dsl.internal.WatchHTTPManager$1 onResponse
INFO: Watch terminated unexpectedly. reason: \n not found: limit=46 content=7b2261706956657273696f6e223a227631222c226b696e64223a224c69737422â€¦
Oct 28, 2020 6:17:36 AM okhttp3.mockwebserver.MockWebServer$3 processOneRequest
INFO: MockWebServer[54168] received request: GET /apis/entando.org/v1/namespaces/entando-k8s-controller-coordinator-carcpr51/entandoclusterinfrastructures?watch=true HTTP/1.1 and responded: HTTP/1.1 200 OK
Oct 28, 2020 6:17:36 AM okhttp3.mockwebserver.MockWebServer$3 processOneRequest
INFO: MockWebServer[54168] received request: GET /api/v1/namespaces/entando-k8s-controller-coordinator-carcpr51/pods?labelSelector=EntandoResourceKind%3DEntandoKeycloakServer HTTP/1.1 and responded: HTTP/1.1 200 OK
Oct 28, 2020 6:17:36 AM okhttp3.mockwebserver.MockWebServer$3 processOneRequest
INFO: MockWebServer[54168] received request: GET /apis/entando.org/v1/namespaces/entando-k8s-controller-coordinator-carcpr51/entandodatabaseservices?watch=true HTTP/1.1 and responded: HTTP/1.1 200 OK
Oct 28, 2020 6:17:36 AM okhttp3.mockwebserver.MockWebServer$2 acceptConnections
INFO: MockWebServer[54168] done accepting connections: Socket closed
Oct 28, 2020 6:17:36 AM io.fabric8.kubernetes.client.dsl.internal.WatchHTTPManager$1 onResponse
INFO: Watch terminated unexpectedly. reason: \n not found: limit=46 content=7b2261706956657273696f6e223a227631222c226b696e64223a224c69737422â€¦
[INFO] Tests run: 1, Failures: 0, Errors: 0, Skipped: 0, Time elapsed: 4.238 s - in org.entando.kubernetes.controller.coordinator.inprocesstests.ControllerCoordinatorMockedTest
Oct 28, 2020 6:17:36 AM io.fabric8.kubernetes.client.dsl.internal.WatchHTTPManager$1 onFailure
INFO: Watch connection failed. reason: e**cutor rejected
[INFO] 
[INFO] Results:
[INFO] 
[INFO] Tests run: 11, Failures: 0, Errors: 0, Skipped: 0
[INFO] 
[INFO] 
[INFO] --- maven-jar-plugin:3.2.0:jar (default-jar) @ entando-k8s-controller-coordinator ---
[INFO] Building jar: /workspace/source/target/entando-k8s-controller-coordinator-0.0.0-SNAPSHOT-PR-51-1.jar
[INFO] 
[INFO] --- maven-jar-plugin:3.2.0:test-jar (build-test-jar) @ entando-k8s-controller-coordinator ---
[INFO] Building jar: /workspace/source/target/entando-k8s-controller-coordinator-0.0.0-SNAPSHOT-PR-51-1-tests.jar
[INFO] 
[INFO] --- quarkus-maven-plugin:1.2.0.Final:build (default) @ entando-k8s-controller-coordinator ---
[WARNING] [io.quarkus.creator.curator.Curator] These dependencies are not recommended:
	- jakarta.xml.bind:jakarta.xml.bind-api should be replaced by org.jboss.spec.javax.xml.bind:jboss-jaxb-api_2.3_spec
	- javax.activation:activation should be replaced by com.sun.activation:jakarta.activation
You might end up with two different versions of the same classes or with an artifact you shouldn't have in your classpath.
[INFO] [org.jboss.threads] JBoss Threads version 3.0.0.Final
[WARNING] [io.quarkus.kubernetes.client.deployment.KubernetesClientProcessor] Watcher 'org.entando.kubernetes.controller.coordinator.EntandoResourceObserver' will most likely not work correctly in native mode. Consider specifying the generic type of 'io.fabric8.kubernetes.client.Watcher' that this class handles. See https://quarkus.io/guides/kubernetes-client#note-on-implementing-the-watcher-interface for more details
[WARNING] [io.quarkus.kubernetes.client.deployment.KubernetesClientProcessor] Watcher 'org.entando.kubernetes.controller.coordinator.EntandoDeploymentPhaseWatcher' will most likely not work correctly in native mode. Consider specifying the generic type of 'io.fabric8.kubernetes.client.Watcher' that this class handles. See https://quarkus.io/guides/kubernetes-client#note-on-implementing-the-watcher-interface for more details
[INFO] [io.quarkus.deployment.pkg.steps.JarResultBuildStep] Building thin jar: /workspace/source/target/entando-k8s-controller-coordinator-0.0.0-SNAPSHOT-PR-51-1-runner.jar
[INFO] [io.quarkus.deployment.QuarkusAugmentor] Quarkus augmentation completed in 1764ms
[INFO] 
[INFO] --- maven-surefire-report-plugin:3.0.0-M4:failsafe-report-only (integration-tests) @ entando-k8s-controller-coordinator ---
[INFO] 
[INFO] --- dependency-check-maven:5.3.2:aggregate (default) @ entando-k8s-controller-coordinator ---
[INFO] 

Dependency-Check is an open source tool performing a best effort analysis of 3rd party dependencies; ***** positives and ***** negatives may exist in the analysis performed by the tool. Use of the tool and the reporting provided constitutes acceptance for use in an AS IS condition, and there are NO warranties, implied or otherwise, with regard to the analysis or its use. Any use of the tool and the reporting provided is at the userâ€™s risk. In no event shall the copyright holder or OWASP be held liable for any damages whatsoever arising out of or in connection with the use of this tool, the analysis performed, or the resulting report.


[INFO] Analysis Started
[INFO] Finished Archive Analyzer (0 seconds)
[INFO] Finished File Name Analyzer (0 seconds)
[INFO] Finished Jar Analyzer (1 seconds)
[INFO] Finished Dependency Merging Analyzer (0 seconds)
[INFO] Finished Version Filter Analyzer (0 seconds)
[INFO] Finished Hint Analyzer (0 seconds)
[INFO] Created CPE Index (2 seconds)
[INFO] Finished CPE Analyzer (4 seconds)
[INFO] Finished False Positive Analyzer (0 seconds)
[INFO] Finished NVD CVE Analyzer (0 seconds)
[INFO] Finished Sonatype OSS Index Analyzer (1 seconds)
[INFO] Finished Vulnerability Suppression Analyzer (0 seconds)
[INFO] Finished Dependency Bundling Analyzer (0 seconds)
[INFO] Analysis Complete (8 seconds)
[INFO] 
[INFO] --- jacoco-maven-plugin:0.8.5:report (report) @ entando-k8s-controller-coordinator ---
[INFO] Loading e**cution data file /workspace/source/target/jacoco.e**c
[INFO] Analyzed bundle 'Entando K8S Controller Coordinator' with 4 classes
[INFO] 
[INFO] --- maven-surefire-report-plugin:3.0.0-M4:report-only (unit-tests) @ entando-k8s-controller-coordinator ---
[WARNING] Unable to locate Test Source XRef to link to - DISABLED
[INFO] 
[INFO] --- maven-install-plugin:2.4:install (default-install) @ entando-k8s-controller-coordinator ---
[INFO] Installing /workspace/source/target/entando-k8s-controller-coordinator-0.0.0-SNAPSHOT-PR-51-1.jar to /home/jenkins/.mvnrepository/org/entando/entando-k8s-controller-coordinator/0.0.0-SNAPSHOT-PR-51-1/entando-k8s-controller-coordinator-0.0.0-SNAPSHOT-PR-51-1.jar
[INFO] Installing /workspace/source/pom.xml to /home/jenkins/.mvnrepository/org/entando/entando-k8s-controller-coordinator/0.0.0-SNAPSHOT-PR-51-1/entando-k8s-controller-coordinator-0.0.0-SNAPSHOT-PR-51-1.pom
[INFO] Installing /workspace/source/target/entando-k8s-controller-coordinator-0.0.0-SNAPSHOT-PR-51-1-tests.jar to /home/jenkins/.mvnrepository/org/entando/entando-k8s-controller-coordinator/0.0.0-SNAPSHOT-PR-51-1/entando-k8s-controller-coordinator-0.0.0-SNAPSHOT-PR-51-1-tests.jar
[INFO] 
[INFO] --- maven-site-plugin:3.9.0:site (default-site) @ entando-k8s-controller-coordinator ---
[INFO] configuring report plugin org.apache.maven.plugins:maven-project-info-reports-plugin:3.0.0
[INFO] 9 reports configured for maven-project-info-reports-plugin:3.0.0: dependency-info, distribution-management, index, ci-management, issue-management, licenses, plugins, scm, summary
[INFO] Rendering site with default locale English (en)
[WARNING] Unable to find a URL to the parent project. The parent menu will NOT be added.
[INFO] Relativizing decoration links with respect to localized project URL: https://central.entando.com
[INFO] Rendering content with org.apache.maven.skins:maven-default-skin:jar:1.3 skin.
[INFO] Generating "Dependency Information" report --- maven-project-info-reports-plugin:3.0.0:dependency-info
[INFO] Generating "About" report         --- maven-project-info-reports-plugin:3.0.0:index
[INFO] Generating "Issue Management" report --- maven-project-info-reports-plugin:3.0.0:issue-management
[INFO] Generating "Licenses" report      --- maven-project-info-reports-plugin:3.0.0:licenses
[INFO] Generating "Plugins" report       --- maven-project-info-reports-plugin:3.0.0:plugins
[INFO] Generating "Source Code Management" report --- maven-project-info-reports-plugin:3.0.0:scm
[INFO] Generating "Summary" report       --- maven-project-info-reports-plugin:3.0.0:summary
[INFO] 
[INFO] -----------< org.entando:entando-k8s-controller-coordinator >-----------
[INFO] Building Entando K8S Controller Coordinator 0.0.0-SNAPSHOT-PR-51-1
[INFO] --------------------------------[ jar ]---------------------------------
[INFO] 
[INFO] --- sonar-maven-plugin:3.7.0.1746:sonar (default-cli) @ entando-k8s-controller-coordinator ---
[INFO] User cache: /****/.sonar/cache
[INFO] SonarQube version: 8.0.0
[INFO] Default locale: "en", source code encoding: "UTF-8"
[INFO] Load global settings
[INFO] Load global settings (done) | time=239ms
[INFO] Server id: 1BD809FA-AWHW8ct9-T_TB3XqouNu
[INFO] User cache: /****/.sonar/cache
[INFO] Load/download plugins
[INFO] Load plugins index
[INFO] Load plugins index (done) | time=76ms
[INFO] Load/download plugins (done) | time=21991ms
[INFO] Loaded core extensions: developer-scanner
[INFO] JavaScript/TypeScript frontend is enabled
[INFO] Process project properties
[INFO] E**cute project builders
[INFO] E**cute project builders (done) | time=2ms
[INFO] Project key: entando-k8s_entando-k8s-controller-coordinator
[INFO] Base dir: /workspace/source
[INFO] Working dir: /workspace/source/target/sonar
[INFO] Load project settings for component key: 'entando-k8s_entando-k8s-controller-coordinator'
[INFO] Load project settings for component key: 'entando-k8s_entando-k8s-controller-coordinator' (done) | time=39ms
[INFO] Load project branches
[INFO] Load project branches (done) | time=35ms
[INFO] Check ALM binding of project 'entando-k8s_entando-k8s-controller-coordinator'
[INFO] Detected project binding: BOUND
[INFO] Check ALM binding of project 'entando-k8s_entando-k8s-controller-coordinator' (done) | time=27ms
[INFO] Load project pull requests
[INFO] Load project pull requests (done) | time=39ms
[INFO] Load branch configuration
[INFO] Load branch configuration (done) | time=564ms
[INFO] Load quality profiles
[INFO] Load quality profiles (done) | time=75ms
[INFO] Load active rules
[INFO] Load active rules (done) | time=1196ms
[INFO] Organization key: entando-k8s
[INFO] Pull request 51 for merge into master from ENG-1329_latest_images
[INFO] SCM collecting changed files in the branch
[WARNING] Exception caught during e**cution of command '[/usr/local/git/bin/git, config, --******, --edit]' in '/usr/local/git/bin', return code '128', error message 'fatal: Invalid path '/usr/local/git/etc': No such file or directory
'
[INFO] SCM collecting changed files in the branch (done) | time=316ms
[INFO] Indexing files...
[INFO] Project configuration:
[INFO] 12 files inde**d
[INFO] 0 files ignored because of scm ignore settings
[INFO] Quality profile for java: Sonar way
[INFO] Quality profile for xml: Sonar way
[INFO] ------------- Run sensors on module Entando K8S Controller Coordinator
[INFO] JavaScript/TypeScript frontend is enabled
[INFO] Load metrics repository
[INFO] Load metrics repository (done) | time=54ms
WARNING: An illegal reflective access operation has occurred
WARNING: Illegal reflective access by net.sf.cglib.core.ReflectUtils$1 (file:/****/.sonar/cache/a89f1943fc75b65becd9fb4ecab8d913/sonar-tsql-plugin.jar) to method java.lang.ClassLoader.defineClass(java.lang.String,byte[],int,int,java.security.ProtectionDomain)
WARNING: Please consider reporting this to the maintainers of net.sf.cglib.core.ReflectUtils$1
WARNING: Use --illegal-access=warn to enable warnings of further illegal reflective access operations
WARNING: All illegal access operations will be denied in a future release
[INFO] Sensor JavaSquidSensor [java]
[INFO] Configured Java source version (sonar.java.source): 8
[INFO] JavaClasspath initialization
[INFO] JavaClasspath initialization (done) | time=14ms
[INFO] JavaTestClasspath initialization
[INFO] JavaTestClasspath initialization (done) | time=2ms
[INFO] Java Main Files AST scan
[INFO] 4 source files to be analyzed
[INFO] 4/4 source files have been analyzed
[INFO] Java Main Files AST scan (done) | time=3707ms
[INFO] Java Test Files AST scan
[INFO] 7 source files to be analyzed
[INFO] 7/7 source files have been analyzed
[INFO] Java Test Files AST scan (done) | time=675ms
[INFO] Java Generated Files AST scan
[INFO] 0 source files to be analyzed
[INFO] Java Generated Files AST scan (done) | time=1ms
[INFO] Sensor JavaSquidSensor [java] (done) | time=4593ms
[INFO] 0/0 source files have been analyzed
[INFO] Sensor SonarCSS Rules [cssfamily]
[INFO] No CSS, PHP, HTML or VueJS files are found in the project. CSS analysis is skipped.
[INFO] Sensor SonarCSS Rules [cssfamily] (done) | time=1ms
[INFO] Sensor C# Properties [csharp]
[INFO] Sensor C# Properties [csharp] (done) | time=2ms
[INFO] Sensor Import of Checkstyle issues [java]
[INFO] Importing /workspace/source/target/checkstyle-result.xml
[INFO] Sensor Import of Checkstyle issues [java] (done) | time=82ms
[INFO] Sensor SurefireSensor [java]
[INFO] parsing [/workspace/source/target/surefire-reports]
[INFO] Sensor SurefireSensor [java] (done) | time=59ms
[INFO] Sensor JavaXmlSensor [java]
[INFO] 1 source files to be analyzed
[INFO] Sensor JavaXmlSensor [java] (done) | time=272ms
[INFO] 1/1 source files have been analyzed
[INFO] Sensor HTML [web]
[INFO] Sensor HTML [web] (done) | time=4ms
[INFO] Sensor XML Sensor [xml]
[INFO] 1 source files to be analyzed
[INFO] Sensor XML Sensor [xml] (done) | time=222ms
[INFO] 1/1 source files have been analyzed
[INFO] Sensor VB.NET Properties [vbnet]
[INFO] Sensor VB.NET Properties [vbnet] (done) | time=2ms
[INFO] Sensor JaCoCo XML Report Importer [jacoco]
[INFO] Importing 1 report(s). Turn your logs in debug mode in order to see the exhaustive list.
[INFO] Sensor JaCoCo XML Report Importer [jacoco] (done) | time=38ms
[INFO] Sensor ThymeLeaf template sensor [securityjavafrontend]
[INFO] Sensor ThymeLeaf template sensor [securityjavafrontend] (done) | time=3ms
[INFO] Sensor JavaSecuritySensor [security]
[INFO] Reading type hierarchy from: /workspace/source/target/sonar/ucfg2/java
[INFO] Read 100 type definitions
[INFO] Reading UCFGs from: /workspace/source/target/sonar/ucfg2/java
[INFO] 06:18:46.778739 Building Type propagation graph
[INFO] 06:18:46.78954 Running Tarjan on 85 nodes
[INFO] 06:18:46.79189 Tarjan found 85 components
[INFO] 06:18:46.795061 Variable type analysis: done
[INFO] 06:18:46.79576 Building Type propagation graph
[INFO] 06:18:46.800132 Running Tarjan on 85 nodes
[INFO] 06:18:46.800744 Tarjan found 85 components
[INFO] 06:18:46.801597 Variable type analysis: done
[INFO] Analyzing 28 ucfgs to detect vulnerabilities.
[INFO] All rules entrypoints : 0 Retained UCFGs : 0
[INFO] rule: S5131, entrypoints: 0
[INFO] rule: S5131 done
[INFO] rule: S3649, entrypoints: 0
[INFO] rule: S3649 done
[INFO] rule: S2076, entrypoints: 0
[INFO] rule: S2076 done
[INFO] rule: S2091, entrypoints: 0
[INFO] rule: S2091 done
[INFO] rule: S2078, entrypoints: 0
[INFO] rule: S2078 done
[INFO] rule: S2631, entrypoints: 0
[INFO] rule: S2631 done
[INFO] rule: S5135, entrypoints: 0
[INFO] rule: S5135 done
[INFO] rule: S2083, entrypoints: 0
[INFO] rule: S2083 done
[INFO] rule: S5167, entrypoints: 0
[INFO] rule: S5167 done
[INFO] rule: S5144, entrypoints: 0
[INFO] rule: S5144 done
[INFO] rule: S5145, entrypoints: 0
[INFO] rule: S5145 done
[INFO] rule: S5146, entrypoints: 0
[INFO] rule: S5146 done
[INFO] rule: S5334, entrypoints: 0
[INFO] rule: S5334 done
[INFO] Sensor JavaSecuritySensor [security] (done) | time=444ms
[INFO] Sensor CSharpSecuritySensor [security]
[INFO] Reading type hierarchy from: /workspace/source/target/ucfg_cs2
[INFO] Read 0 type definitions
[INFO] Reading UCFGs from: /workspace/source/target/ucfg_cs2
[INFO] No UCFGs have been included for analysis.
[INFO] Sensor CSharpSecuritySensor [security] (done) | time=2ms
[INFO] Sensor PhpSecuritySensor [security]
[INFO] Reading type hierarchy from: /workspace/source/target/sonar/ucfg2/php
[INFO] Read 0 type definitions
[INFO] Reading UCFGs from: /workspace/source/target/sonar/ucfg2/php
[INFO] No UCFGs have been included for analysis.
[INFO] Sensor PhpSecuritySensor [security] (done) | time=2ms
[INFO] Sensor PythonSecuritySensor [security]
[INFO] Reading type hierarchy from: /workspace/source/target/sonar/ucfg2/python
[INFO] Read 0 type definitions
[INFO] Reading UCFGs from: /workspace/source/target/sonar/ucfg2/python
[INFO] No UCFGs have been included for analysis.
[INFO] Sensor PythonSecuritySensor [security] (done) | time=2ms
[INFO] Sensor JsSecuritySensor [security]
[INFO] Reading type hierarchy from: /workspace/source/target/sonar/ucfg2/js
[INFO] Read 0 type definitions
[INFO] Reading UCFGs from: /workspace/source/target/sonar/ucfg2/js
[INFO] No UCFGs have been included for analysis.
[INFO] Sensor JsSecuritySensor [security] (done) | time=2ms
[INFO] ------------- Run sensors on project
[INFO] Sensor Zero Coverage Sensor
[INFO] Sensor Zero Coverage Sensor (done) | time=1ms
[INFO] Sensor Java CPD Block Inde**r
[INFO] Sensor Java CPD Block Inde**r (done) | time=46ms
[INFO] SCM Publisher SCM provider for this project is: git
[INFO] SCM Publisher 1 source file to be analyzed
[INFO] SCM Publisher 0/1 source files have been analyzed (done) | time=121ms
[WARNING] Missing blame information for the following files:
[WARNING]   * pom.xml
[WARNING] This may lead to missing/broken features in SonarCloud
[INFO] CPD E**cutor Calculating CPD for 4 files
[INFO] CPD E**cutor CPD calculation finished (done) | time=33ms
[INFO] SCM writing changed lines
[INFO] SCM writing changed lines (done) | time=51ms
[INFO] Analysis report generated in 251ms, dir size=181 KB
[INFO] Analysis report compressed in 23ms, zip size=42 KB
[INFO] Analysis report uploaded in 134ms
[INFO] ANALYSIS SUCCESSFUL, you can find the results at: https://sonarcloud.io/dashboard?id=entando-k8s_entando-k8s-controller-coordinator&pullRequest=51
[INFO] Note that you will be able to access the updated dashboard once the server has processed the submitted analysis report
[INFO] More about the report processing at https://sonarcloud.io/api/ce/task?id=AXVt29_31HgmGHtBUZhH
[INFO] Analysis total time: 13.434 s
[INFO] ------------------------------------------------------------------------
[INFO] BUILD SUCCESS
[INFO] ------------------------------------------------------------------------
[INFO] Total time:  02:09 min
[INFO] Finished at: 2020-10-28T06:18:47Z
[INFO] ------------------------------------------------------------------------
shallow cloning https://github.com/entando-k8s/devops-results.git branch gh-pages
ran git init in /tmp/jenkins-x-collect507930904
ran git add remote origin https://github.com/entando-k8s/devops-results.git in /tmp/jenkins-x-collect507930904
ran git fetch origin --depth=1 gh-pages in dir /tmp/jenkins-x-collect507930904
Publishing https://raw.githubusercontent.com/entando-k8s/devops-results/gh-pages/entando-k8s-controller-coordinator/PR-51/checkstyle.html
Publishing https://raw.githubusercontent.com/entando-k8s/devops-results/gh-pages/entando-k8s-controller-coordinator/PR-51/checkstyle.rss
Publishing https://raw.githubusercontent.com/entando-k8s/devops-results/gh-pages/entando-k8s-controller-coordinator/PR-51/css/maven-base.css
Publishing https://raw.githubusercontent.com/entando-k8s/devops-results/gh-pages/entando-k8s-controller-coordinator/PR-51/css/maven-theme.css
Publishing https://raw.githubusercontent.com/entando-k8s/devops-results/gh-pages/entando-k8s-controller-coordinator/PR-51/css/print.css
Publishing https://raw.githubusercontent.com/entando-k8s/devops-results/gh-pages/entando-k8s-controller-coordinator/PR-51/css/site.css
Publishing https://raw.githubusercontent.com/entando-k8s/devops-results/gh-pages/entando-k8s-controller-coordinator/PR-51/dependency-check-junit.xml
Publishing https://raw.githubusercontent.com/entando-k8s/devops-results/gh-pages/entando-k8s-controller-coordinator/PR-51/dependency-check-report.html
Publishing https://raw.githubusercontent.com/entando-k8s/devops-results/gh-pages/entando-k8s-controller-coordinator/PR-51/dependency-check-report.xml
Publishing https://raw.githubusercontent.com/entando-k8s/devops-results/gh-pages/entando-k8s-controller-coordinator/PR-51/dependency-info.html
Publishing https://raw.githubusercontent.com/entando-k8s/devops-results/gh-pages/entando-k8s-controller-coordinator/PR-51/images/collapsed.gif
Publishing https://raw.githubusercontent.com/entando-k8s/devops-results/gh-pages/entando-k8s-controller-coordinator/PR-51/images/expanded.gif
Publishing https://raw.githubusercontent.com/entando-k8s/devops-results/gh-pages/entando-k8s-controller-coordinator/PR-51/images/external.png
Publishing https://raw.githubusercontent.com/entando-k8s/devops-results/gh-pages/entando-k8s-controller-coordinator/PR-51/images/icon_error_sml.gif
Publishing https://raw.githubusercontent.com/entando-k8s/devops-results/gh-pages/entando-k8s-controller-coordinator/PR-51/images/icon_info_sml.gif
Publishing https://raw.githubusercontent.com/entando-k8s/devops-results/gh-pages/entando-k8s-controller-coordinator/PR-51/images/icon_success_sml.gif
Publishing https://raw.githubusercontent.com/entando-k8s/devops-results/gh-pages/entando-k8s-controller-coordinator/PR-51/images/icon_warning_sml.gif
Publishing https://raw.githubusercontent.com/entando-k8s/devops-results/gh-pages/entando-k8s-controller-coordinator/PR-51/images/logos/build-by-maven-black.png
Publishing https://raw.githubusercontent.com/entando-k8s/devops-results/gh-pages/entando-k8s-controller-coordinator/PR-51/images/logos/build-by-maven-white.png
Publishing https://raw.githubusercontent.com/entando-k8s/devops-results/gh-pages/entando-k8s-controller-coordinator/PR-51/images/logos/maven-feather.png
Publishing https://raw.githubusercontent.com/entando-k8s/devops-results/gh-pages/entando-k8s-controller-coordinator/PR-51/images/newwindow.png
Publishing https://raw.githubusercontent.com/entando-k8s/devops-results/gh-pages/entando-k8s-controller-coordinator/PR-51/images/rss.png
Publishing https://raw.githubusercontent.com/entando-k8s/devops-results/gh-pages/entando-k8s-controller-coordinator/PR-51/index.html
Publishing https://raw.githubusercontent.com/entando-k8s/devops-results/gh-pages/entando-k8s-controller-coordinator/PR-51/issue-management.html
Publishing https://raw.githubusercontent.com/entando-k8s/devops-results/gh-pages/entando-k8s-controller-coordinator/PR-51/jacoco/index.html
Publishing https://raw.githubusercontent.com/entando-k8s/devops-results/gh-pages/entando-k8s-controller-coordinator/PR-51/jacoco/jacoco-resources/branchfc.gif
Publishing https://raw.githubusercontent.com/entando-k8s/devops-results/gh-pages/entando-k8s-controller-coordinator/PR-51/jacoco/jacoco-resources/branchnc.gif
Publishing https://raw.githubusercontent.com/entando-k8s/devops-results/gh-pages/entando-k8s-controller-coordinator/PR-51/jacoco/jacoco-resources/branchpc.gif
Publishing https://raw.githubusercontent.com/entando-k8s/devops-results/gh-pages/entando-k8s-controller-coordinator/PR-51/jacoco/jacoco-resources/bundle.gif
Publishing https://raw.githubusercontent.com/entando-k8s/devops-results/gh-pages/entando-k8s-controller-coordinator/PR-51/jacoco/jacoco-resources/class.gif
Publishing https://raw.githubusercontent.com/entando-k8s/devops-results/gh-pages/entando-k8s-controller-coordinator/PR-51/jacoco/jacoco-resources/down.gif
Publishing https://raw.githubusercontent.com/entando-k8s/devops-results/gh-pages/entando-k8s-controller-coordinator/PR-51/jacoco/jacoco-resources/greenbar.gif
Publishing https://raw.githubusercontent.com/entando-k8s/devops-results/gh-pages/entando-k8s-controller-coordinator/PR-51/jacoco/jacoco-resources/group.gif
Publishing https://raw.githubusercontent.com/entando-k8s/devops-results/gh-pages/entando-k8s-controller-coordinator/PR-51/jacoco/jacoco-resources/method.gif
Publishing https://raw.githubusercontent.com/entando-k8s/devops-results/gh-pages/entando-k8s-controller-coordinator/PR-51/jacoco/jacoco-resources/package.gif
Publishing https://raw.githubusercontent.com/entando-k8s/devops-results/gh-pages/entando-k8s-controller-coordinator/PR-51/jacoco/jacoco-resources/prettify.css
Publishing https://raw.githubusercontent.com/entando-k8s/devops-results/gh-pages/entando-k8s-controller-coordinator/PR-51/jacoco/jacoco-resources/prettify.js
Publishing https://raw.githubusercontent.com/entando-k8s/devops-results/gh-pages/entando-k8s-controller-coordinator/PR-51/jacoco/jacoco-resources/redbar.gif
Publishing https://raw.githubusercontent.com/entando-k8s/devops-results/gh-pages/entando-k8s-controller-coordinator/PR-51/jacoco/jacoco-resources/report.css
Publishing https://raw.githubusercontent.com/entando-k8s/devops-results/gh-pages/entando-k8s-controller-coordinator/PR-51/jacoco/jacoco-resources/report.gif
Publishing https://raw.githubusercontent.com/entando-k8s/devops-results/gh-pages/entando-k8s-controller-coordinator/PR-51/jacoco/jacoco-resources/session.gif
Publishing https://raw.githubusercontent.com/entando-k8s/devops-results/gh-pages/entando-k8s-controller-coordinator/PR-51/jacoco/jacoco-resources/sort.gif
Publishing https://raw.githubusercontent.com/entando-k8s/devops-results/gh-pages/entando-k8s-controller-coordinator/PR-51/jacoco/jacoco-resources/sort.js
Publishing https://raw.githubusercontent.com/entando-k8s/devops-results/gh-pages/entando-k8s-controller-coordinator/PR-51/jacoco/jacoco-resources/source.gif
Publishing https://raw.githubusercontent.com/entando-k8s/devops-results/gh-pages/entando-k8s-controller-coordinator/PR-51/jacoco/jacoco-resources/up.gif
Publishing https://raw.githubusercontent.com/entando-k8s/devops-results/gh-pages/entando-k8s-controller-coordinator/PR-51/jacoco/jacoco-sessions.html
Publishing https://raw.githubusercontent.com/entando-k8s/devops-results/gh-pages/entando-k8s-controller-coordinator/PR-51/jacoco/jacoco.csv
Publishing https://raw.githubusercontent.com/entando-k8s/devops-results/gh-pages/entando-k8s-controller-coordinator/PR-51/jacoco/jacoco.xml
Publishing https://raw.githubusercontent.com/entando-k8s/devops-results/gh-pages/entando-k8s-controller-coordinator/PR-51/jacoco/org.entando.kubernetes.controller.coordinator/EntandoControllerCoordinator.html
Publishing https://raw.githubusercontent.com/entando-k8s/devops-results/gh-pages/entando-k8s-controller-coordinator/PR-51/jacoco/org.entando.kubernetes.controller.coordinator/EntandoControllerCoordinator.java.html
Publishing https://raw.githubusercontent.com/entando-k8s/devops-results/gh-pages/entando-k8s-controller-coordinator/PR-51/jacoco/org.entando.kubernetes.controller.coordinator/EntandoDeploymentPhaseWatcher.html
Publishing https://raw.githubusercontent.com/entando-k8s/devops-results/gh-pages/entando-k8s-controller-coordinator/PR-51/jacoco/org.entando.kubernetes.controller.coordinator/EntandoDeploymentPhaseWatcher.java.html
Publishing https://raw.githubusercontent.com/entando-k8s/devops-results/gh-pages/entando-k8s-controller-coordinator/PR-51/jacoco/org.entando.kubernetes.controller.coordinator/EntandoOperatorMatcher.html
Publishing https://raw.githubusercontent.com/entando-k8s/devops-results/gh-pages/entando-k8s-controller-coordinator/PR-51/jacoco/org.entando.kubernetes.controller.coordinator/EntandoOperatorMatcher.java.html
Publishing https://raw.githubusercontent.com/entando-k8s/devops-results/gh-pages/entando-k8s-controller-coordinator/PR-51/jacoco/org.entando.kubernetes.controller.coordinator/EntandoResourceObserver.html
Publishing https://raw.githubusercontent.com/entando-k8s/devops-results/gh-pages/entando-k8s-controller-coordinator/PR-51/jacoco/org.entando.kubernetes.controller.coordinator/EntandoResourceObserver.java.html
Publishing https://raw.githubusercontent.com/entando-k8s/devops-results/gh-pages/entando-k8s-controller-coordinator/PR-51/jacoco/org.entando.kubernetes.controller.coordinator/index.html
Publishing https://raw.githubusercontent.com/entando-k8s/devops-results/gh-pages/entando-k8s-controller-coordinator/PR-51/jacoco/org.entando.kubernetes.controller.coordinator/index.source.html
Publishing https://raw.githubusercontent.com/entando-k8s/devops-results/gh-pages/entando-k8s-controller-coordinator/PR-51/licenses.html
Publishing https://raw.githubusercontent.com/entando-k8s/devops-results/gh-pages/entando-k8s-controller-coordinator/PR-51/plugins.html
Publishing https://raw.githubusercontent.com/entando-k8s/devops-results/gh-pages/entando-k8s-controller-coordinator/PR-51/project-info.html
Publishing https://raw.githubusercontent.com/entando-k8s/devops-results/gh-pages/entando-k8s-controller-coordinator/PR-51/scm.html
Publishing https://raw.githubusercontent.com/entando-k8s/devops-results/gh-pages/entando-k8s-controller-coordinator/PR-51/summary.html
Publishing https://raw.githubusercontent.com/entando-k8s/devops-results/gh-pages/entando-k8s-controller-coordinator/PR-51/surefire-report.html
stashed: https://raw.githubusercontent.com/entando-k8s/devops-results/gh-pages/entando-k8s-controller-coordinator/PR-51/checkstyle.html
stashed: https://raw.githubusercontent.com/entando-k8s/devops-results/gh-pages/entando-k8s-controller-coordinator/PR-51/checkstyle.rss
stashed: https://raw.githubusercontent.com/entando-k8s/devops-results/gh-pages/entando-k8s-controller-coordinator/PR-51/css/maven-base.css
stashed: https://raw.githubusercontent.com/entando-k8s/devops-results/gh-pages/entando-k8s-controller-coordinator/PR-51/css/maven-theme.css
stashed: https://raw.githubusercontent.com/entando-k8s/devops-results/gh-pages/entando-k8s-controller-coordinator/PR-51/css/print.css
stashed: https://raw.githubusercontent.com/entando-k8s/devops-results/gh-pages/entando-k8s-controller-coordinator/PR-51/css/site.css
stashed: https://raw.githubusercontent.com/entando-k8s/devops-results/gh-pages/entando-k8s-controller-coordinator/PR-51/dependency-check-junit.xml
stashed: https://raw.githubusercontent.com/entando-k8s/devops-results/gh-pages/entando-k8s-controller-coordinator/PR-51/dependency-check-report.html
stashed: https://raw.githubusercontent.com/entando-k8s/devops-results/gh-pages/entando-k8s-controller-coordinator/PR-51/dependency-check-report.xml
stashed: https://raw.githubusercontent.com/entando-k8s/devops-results/gh-pages/entando-k8s-controller-coordinator/PR-51/dependency-info.html
stashed: https://raw.githubusercontent.com/entando-k8s/devops-results/gh-pages/entando-k8s-controller-coordinator/PR-51/images/collapsed.gif
stashed: https://raw.githubusercontent.com/entando-k8s/devops-results/gh-pages/entando-k8s-controller-coordinator/PR-51/images/expanded.gif
stashed: https://raw.githubusercontent.com/entando-k8s/devops-results/gh-pages/entando-k8s-controller-coordinator/PR-51/images/external.png
stashed: https://raw.githubusercontent.com/entando-k8s/devops-results/gh-pages/entando-k8s-controller-coordinator/PR-51/images/icon_error_sml.gif
stashed: https://raw.githubusercontent.com/entando-k8s/devops-results/gh-pages/entando-k8s-controller-coordinator/PR-51/images/icon_info_sml.gif
stashed: https://raw.githubusercontent.com/entando-k8s/devops-results/gh-pages/entando-k8s-controller-coordinator/PR-51/images/icon_success_sml.gif
stashed: https://raw.githubusercontent.com/entando-k8s/devops-results/gh-pages/entando-k8s-controller-coordinator/PR-51/images/icon_warning_sml.gif
stashed: https://raw.githubusercontent.com/entando-k8s/devops-results/gh-pages/entando-k8s-controller-coordinator/PR-51/images/logos/build-by-maven-black.png
stashed: https://raw.githubusercontent.com/entando-k8s/devops-results/gh-pages/entando-k8s-controller-coordinator/PR-51/images/logos/build-by-maven-white.png
stashed: https://raw.githubusercontent.com/entando-k8s/devops-results/gh-pages/entando-k8s-controller-coordinator/PR-51/images/logos/maven-feather.png
stashed: https://raw.githubusercontent.com/entando-k8s/devops-results/gh-pages/entando-k8s-controller-coordinator/PR-51/images/newwindow.png
stashed: https://raw.githubusercontent.com/entando-k8s/devops-results/gh-pages/entando-k8s-controller-coordinator/PR-51/images/rss.png
stashed: https://raw.githubusercontent.com/entando-k8s/devops-results/gh-pages/entando-k8s-controller-coordinator/PR-51/index.html
stashed: https://raw.githubusercontent.com/entando-k8s/devops-results/gh-pages/entando-k8s-controller-coordinator/PR-51/issue-management.html
stashed: https://raw.githubusercontent.com/entando-k8s/devops-results/gh-pages/entando-k8s-controller-coordinator/PR-51/jacoco/index.html
stashed: https://raw.githubusercontent.com/entando-k8s/devops-results/gh-pages/entando-k8s-controller-coordinator/PR-51/jacoco/jacoco-resources/branchfc.gif
stashed: https://raw.githubusercontent.com/entando-k8s/devops-results/gh-pages/entando-k8s-controller-coordinator/PR-51/jacoco/jacoco-resources/branchnc.gif
stashed: https://raw.githubusercontent.com/entando-k8s/devops-results/gh-pages/entando-k8s-controller-coordinator/PR-51/jacoco/jacoco-resources/branchpc.gif
stashed: https://raw.githubusercontent.com/entando-k8s/devops-results/gh-pages/entando-k8s-controller-coordinator/PR-51/jacoco/jacoco-resources/bundle.gif
stashed: https://raw.githubusercontent.com/entando-k8s/devops-results/gh-pages/entando-k8s-controller-coordinator/PR-51/jacoco/jacoco-resources/class.gif
stashed: https://raw.githubusercontent.com/entando-k8s/devops-results/gh-pages/entando-k8s-controller-coordinator/PR-51/jacoco/jacoco-resources/down.gif
stashed: https://raw.githubusercontent.com/entando-k8s/devops-results/gh-pages/entando-k8s-controller-coordinator/PR-51/jacoco/jacoco-resources/greenbar.gif
stashed: https://raw.githubusercontent.com/entando-k8s/devops-results/gh-pages/entando-k8s-controller-coordinator/PR-51/jacoco/jacoco-resources/group.gif
stashed: https://raw.githubusercontent.com/entando-k8s/devops-results/gh-pages/entando-k8s-controller-coordinator/PR-51/jacoco/jacoco-resources/method.gif
stashed: https://raw.githubusercontent.com/entando-k8s/devops-results/gh-pages/entando-k8s-controller-coordinator/PR-51/jacoco/jacoco-resources/package.gif
stashed: https://raw.githubusercontent.com/entando-k8s/devops-results/gh-pages/entando-k8s-controller-coordinator/PR-51/jacoco/jacoco-resources/prettify.css
stashed: https://raw.githubusercontent.com/entando-k8s/devops-results/gh-pages/entando-k8s-controller-coordinator/PR-51/jacoco/jacoco-resources/prettify.js
stashed: https://raw.githubusercontent.com/entando-k8s/devops-results/gh-pages/entando-k8s-controller-coordinator/PR-51/jacoco/jacoco-resources/redbar.gif
stashed: https://raw.githubusercontent.com/entando-k8s/devops-results/gh-pages/entando-k8s-controller-coordinator/PR-51/jacoco/jacoco-resources/report.css
stashed: https://raw.githubusercontent.com/entando-k8s/devops-results/gh-pages/entando-k8s-controller-coordinator/PR-51/jacoco/jacoco-resources/report.gif
stashed: https://raw.githubusercontent.com/entando-k8s/devops-results/gh-pages/entando-k8s-controller-coordinator/PR-51/jacoco/jacoco-resources/session.gif
stashed: https://raw.githubusercontent.com/entando-k8s/devops-results/gh-pages/entando-k8s-controller-coordinator/PR-51/jacoco/jacoco-resources/sort.gif
stashed: https://raw.githubusercontent.com/entando-k8s/devops-results/gh-pages/entando-k8s-controller-coordinator/PR-51/jacoco/jacoco-resources/sort.js
stashed: https://raw.githubusercontent.com/entando-k8s/devops-results/gh-pages/entando-k8s-controller-coordinator/PR-51/jacoco/jacoco-resources/source.gif
stashed: https://raw.githubusercontent.com/entando-k8s/devops-results/gh-pages/entando-k8s-controller-coordinator/PR-51/jacoco/jacoco-resources/up.gif
stashed: https://raw.githubusercontent.com/entando-k8s/devops-results/gh-pages/entando-k8s-controller-coordinator/PR-51/jacoco/jacoco-sessions.html
stashed: https://raw.githubusercontent.com/entando-k8s/devops-results/gh-pages/entando-k8s-controller-coordinator/PR-51/jacoco/jacoco.csv
stashed: https://raw.githubusercontent.com/entando-k8s/devops-results/gh-pages/entando-k8s-controller-coordinator/PR-51/jacoco/jacoco.xml
stashed: https://raw.githubusercontent.com/entando-k8s/devops-results/gh-pages/entando-k8s-controller-coordinator/PR-51/jacoco/org.entando.kubernetes.controller.coordinator/EntandoControllerCoordinator.html
stashed: https://raw.githubusercontent.com/entando-k8s/devops-results/gh-pages/entando-k8s-controller-coordinator/PR-51/jacoco/org.entando.kubernetes.controller.coordinator/EntandoControllerCoordinator.java.html
stashed: https://raw.githubusercontent.com/entando-k8s/devops-results/gh-pages/entando-k8s-controller-coordinator/PR-51/jacoco/org.entando.kubernetes.controller.coordinator/EntandoDeploymentPhaseWatcher.html
stashed: https://raw.githubusercontent.com/entando-k8s/devops-results/gh-pages/entando-k8s-controller-coordinator/PR-51/jacoco/org.entando.kubernetes.controller.coordinator/EntandoDeploymentPhaseWatcher.java.html
stashed: https://raw.githubusercontent.com/entando-k8s/devops-results/gh-pages/entando-k8s-controller-coordinator/PR-51/jacoco/org.entando.kubernetes.controller.coordinator/EntandoOperatorMatcher.html
stashed: https://raw.githubusercontent.com/entando-k8s/devops-results/gh-pages/entando-k8s-controller-coordinator/PR-51/jacoco/org.entando.kubernetes.controller.coordinator/EntandoOperatorMatcher.java.html
stashed: https://raw.githubusercontent.com/entando-k8s/devops-results/gh-pages/entando-k8s-controller-coordinator/PR-51/jacoco/org.entando.kubernetes.controller.coordinator/EntandoResourceObserver.html
stashed: https://raw.githubusercontent.com/entando-k8s/devops-results/gh-pages/entando-k8s-controller-coordinator/PR-51/jacoco/org.entando.kubernetes.controller.coordinator/EntandoResourceObserver.java.html
stashed: https://raw.githubusercontent.com/entando-k8s/devops-results/gh-pages/entando-k8s-controller-coordinator/PR-51/jacoco/org.entando.kubernetes.controller.coordinator/index.html
stashed: https://raw.githubusercontent.com/entando-k8s/devops-results/gh-pages/entando-k8s-controller-coordinator/PR-51/jacoco/org.entando.kubernetes.controller.coordinator/index.source.html
stashed: https://raw.githubusercontent.com/entando-k8s/devops-results/gh-pages/entando-k8s-controller-coordinator/PR-51/licenses.html
stashed: https://raw.githubusercontent.com/entando-k8s/devops-results/gh-pages/entando-k8s-controller-coordinator/PR-51/plugins.html
stashed: https://raw.githubusercontent.com/entando-k8s/devops-results/gh-pages/entando-k8s-controller-coordinator/PR-51/project-info.html
stashed: https://raw.githubusercontent.com/entando-k8s/devops-results/gh-pages/entando-k8s-controller-coordinator/PR-51/scm.html
stashed: https://raw.githubusercontent.com/entando-k8s/devops-results/gh-pages/entando-k8s-controller-coordinator/PR-51/summary.html
stashed: https://raw.githubusercontent.com/entando-k8s/devops-results/gh-pages/entando-k8s-controller-coordinator/PR-51/surefire-report.html
error: etcdserver: request is too large
  % Total    % Received % Xferd  Average Speed   Time    Time     Time  Current
                                 Dload  Upload   Total   Spent    Left  Speed
  0     0    0     0    0     0      0      0 --:--:-- --:--:-- --:--:--     0 11  1891    0     0  100   226      0    356 --:--:-- --:--:-- --:--:--   355100  1891  100  1665  100   226   2623    356 --:--:-- --:--:-- --:--:--  2622
{
  "url": "https://api.github.com/repos/entando-k8s/entando-k8s-controller-coordinator/statuses/33ebf3672286f24dd44569681a6045158e4148f1",
  "avatar_url": "https://avatars2.githubusercontent.com/u/57885396?v=4",
  "id": 11182385221,
  "node_id": "MDEzOlN0YXR1c0NvbnRleHQxMTE4MjM4NTIyMQ==",
  "state": "success",
  "description": "Pre-deployment tests success!",
  "target_url": "https://entando-k8s.github.io/devops-results/entando-k8s-controller-coordinator/PR-51/surefire-report.html",
  "context": "Pre-deployment tests",
  "created_at": "2020-10-28T06:19:14Z",
  "updated_at": "2020-10-28T06:19:14Z",
  "creator": {
    "login": "entando-**",
    "id": 57885396,
    "node_id": "MDQ6VXNlcjU3ODg1Mzk2",
    "avatar_url": "https://avatars2.githubusercontent.com/u/57885396?v=4",
    "gravatar_id": "",
    "url": "https://api.github.com/users/entando-**",
    "html_url": "https://github.com/entando-**",
    "followers_url": "https://api.github.com/users/**********/followers",
    "following_url": "https://api.github.com/users/entando-**/following{/other_user}",
    "gists_url": "https://api.github.com/users/entando-**/gists{/gist_id}",
    "starred_url": "https://api.github.com/users/entando-**/starred{/owner}{/repo}",
    "subscriptions_url": "https://api.github.com/users/entando-**/subscriptions",
    "organizations_url": "https://api.github.com/users/entando-**/orgs",
    "repos_url": "https://api.github.com/users/entando-**/repos",
    "events_url": "https://api.github.com/users/**********/events{/privacy}",
    "received_events_url": "https://api.github.com/users/**********/received_events",
    "type": "User",
    "site_*****": *****
  }
}
  % Total    % Received % Xferd  Average Speed   Time    Time     Time  Current
                                 Dload  Upload   Total   Spent    Left  Speed
  0     0    0     0    0     0      0      0 --:--:-- --:--:-- --:--:--     0100  1841  100  1640  100   201   2484    304 --:--:-- --:--:-- --:--:--  2488
{
  "url": "https://api.github.com/repos/entando-k8s/entando-k8s-controller-coordinator/statuses/33ebf3672286f24dd44569681a6045158e4148f1",
  "avatar_url": "https://avatars2.githubusercontent.com/u/57885396?v=4",
  "id": 11182385274,
  "node_id": "MDEzOlN0YXR1c0NvbnRleHQxMTE4MjM4NTI3NA==",
  "state": "success",
  "description": "Checkstyle success!",
  "target_url": "https://entando-k8s.github.io/devops-results/entando-k8s-controller-coordinator/PR-51/checkstyle.html",
  "context": "Checkstyle",
  "created_at": "2020-10-28T06:19:15Z",
  "updated_at": "2020-10-28T06:19:15Z",
  "creator": {
    "login": "entando-**",
    "id": 57885396,
    "node_id": "MDQ6VXNlcjU3ODg1Mzk2",
    "avatar_url": "https://avatars2.githubusercontent.com/u/57885396?v=4",
    "gravatar_id": "",
    "url": "https://api.github.com/users/entando-**",
    "html_url": "https://github.com/entando-**",
    "followers_url": "https://api.github.com/users/entando-**/followers",
    "following_url": "https://api.github.com/users/**********/following{/other_user}",
    "gists_url": "https://api.github.com/users/entando-**/gists{/gist_id}",
    "starred_url": "https://api.github.com/users/entando-**/starred{/owner}{/repo}",
    "subscriptions_url": "https://api.github.com/users/**********/subscriptions",
    "organizations_url": "https://api.github.com/users/**********/orgs",
    "repos_url": "https://api.github.com/users/entando-**/repos",
    "events_url": "https://api.github.com/users/entando-**/events{/privacy}",
    "received_events_url": "https://api.github.com/users/entando-**/received_events",
    "type": "User",
    "site_*****": *****
  }
}
  % Total    % Received % Xferd  Average Speed   Time    Time     Time  Current
                                 Dload  Upload   Total   Spent    Left  Speed
{
  "url": "https://api.github.com/repos/entando-k8s/entando-k8s-controller-coordinator/statuses/33ebf3672286f24dd44569681a6045158e4148f1",
  "avatar_url": "https://avatars2.githubusercontent.com/u/57885396?v=4",
  "id": 11182385344,
  "node_id": "MDEzOlN0YXR1c0NvbnRleHQxMTE4MjM4NTM0NA==",
  "state": "success",
  "description": "OWASP CVE success!",
  "target_url": "https://entando-k8s.github.io/devops-results/entando-k8s-controller-coordinator/PR-51/dependency-check-report.html",
  "context": "OWASP CVE",
  "created_at": "2020-10-28T06:19:15Z",
  "updated_at": "2020-10-28T06:19:15Z",
  "creator": {
    "login": "**********",
    "id": 57885396,
    "node_id": "MDQ6VXNlcjU3ODg1Mzk2",
    "avatar_url": "https://avatars2.githubusercontent.com/u/57885396?v=4",
    "gravatar_id": "",
    "url": "https://api.github.com/users/entando-**",
    "html_url": "https://github.com/entando-**",
    "followers_url": "https://api.github.com/users/entando-**/followers",
    "following_url": "https://api.github.com/users/entando-**/following{/other_user}",
    "gists_url": "https://api.github.com/users/entando-**/gists{/gist_id}",
    "starred_url": "https://api.github.com/users/entando-**/starred{/owner}{/repo}",
    "subscriptions_url": "https://api.github.com/users/**********/subscriptions",
    "organizations_url": "https://api.github.com/users/entando-**/orgs",
    "repos_url": "https://api.github.com/users/entando-**/repos",
    "events_url": "https://api.github.com/users/**********/events{/privacy}",
    "received_events_url": "https://api.github.com/users/entando-**/received_events",
    "type": "User",
    "site_*****": *****
  }
}
  0     0    0     0    0     0      0      0 --:--:-- --:--:-- --:--:--     0  0     0    0     0    0     0      0      0 --:--:-- --:--:-- --:--:--     0100  1863  100  1651  100   212   2758    354 --:--:-- --:--:-- --:--:--  2756
Congratulations! No build failures found for entando-k8s-controller-coordinator-PR-51.

Showing logs for build [32mentando-k8s-entando-k8s-control-7bblg-1[0m stage [32mfrom-build-pack[0m and container [32mstep-build-container-build[0m
Generating tags...
 - entando/entando-k8s-controller-coordinator -> docker.io/entando/entando-k8s-controller-coordinator:0.0.0-SNAPSHOT-PR-51-1
Checking cache...
 - entando/entando-k8s-controller-coordinator: Not found. Building
Building [entando/entando-k8s-controller-coordinator]...
Sending build context to Docker daemon  544.8kBSending build context to Docker daemon  4.412MBSending build context to Docker daemon   12.1MBSending build context to Docker daemon  20.42MBSending build context to Docker daemon  27.08MBSending build context to Docker daemon  34.23MBSending build context to Docker daemon  39.14MB
Step 1/6 : FROM fabric8/java-alpine-openjdk8-jre
 ---> 6383f0513235
Step 2/6 : ENV JAVA_OPTIONS "-Dquarkus.http.host=0.0.0.0 -Djava.util.logging.manager=org.jboss.logmanager.LogManager"
 ---> Using cache
 ---> 781f0699f0f0
Step 3/6 : ENV AB_ENABLED jmx_exporter
 ---> Using cache
 ---> 3d03a75b86f8
Step 4/6 : COPY target/lib/* /deployments/lib/
 ---> 768241e8206a
Step 5/6 : COPY target/*-runner.jar /deployments/app.jar
 ---> 1038d68da460
Step 6/6 : ENTRYPOINT /deployments/run-java.sh
 ---> Running in bab391708893
 ---> b0e1b7259d33
Successfully built b0e1b7259d33
The push refers to a repository [docker.io/entando/entando-k8s-controller-coordinator]
459822e3d2ad: Preparing
ce05847eec1f: Preparing
a37d6baa8a5e: Preparing
4246c252be29: Preparing
bbc6d89e45a1: Preparing
6a8968c88953: Preparing
c11f0dd7f64f: Preparing
081a861c7ecd: Preparing
df5b415aa3df: Preparing
77cae8ab23bf: Preparing
6a8968c88953: Waiting
c11f0dd7f64f: Waiting
081a861c7ecd: Waiting
df5b415aa3df: Waiting
77cae8ab23bf: Waiting
4246c252be29: Layer already exists
a37d6baa8a5e: Layer already exists
bbc6d89e45a1: Layer already exists
c11f0dd7f64f: Layer already exists
6a8968c88953: Layer already exists
081a861c7ecd: Layer already exists
df5b415aa3df: Layer already exists
77cae8ab23bf: Layer already exists
459822e3d2ad: Pushed
ce05847eec1f: Pushed
0.0.0-SNAPSHOT-PR-51-1: digest: sha256:9e829fa52892ef7b3932ba7d51330db8a093787d249dee56804de806014eaf22 size: 2410
There is a new version (1.15.0) of Skaffold available. Download it at https://storage.googleapis.com/skaffold/releases/latest/skaffold-linux-amd64


Showing logs for build [32mentando-k8s-entando-k8s-control-7bblg-1[0m stage [32mfrom-build-pack[0m and container [32mstep-postbuild-post-build[0m
no CVE provider running in the current ** namespace so skip adding image to be analysed

Showing logs for build [32mentando-k8s-entando-k8s-control-7bblg-1[0m stage [32mfrom-build-pack[0m and container [32mstep-promote-make-preview[0m
sed -i -e "s/version:.*/version: 0.0.0-SNAPSHOT-PR-51-1/" Chart.yaml
sed -i -e "s/version:.*/version: 0.0.0-SNAPSHOT-PR-51-1/" ../*/Chart.yaml
sed -i -e "s|repository:.*|repository: docker.io\/entando\/entando-k8s-controller-coordinator|" values.yaml
sed -i -e "s/tag:.*/tag: 0.0.0-SNAPSHOT-PR-51-1/" values.yaml
sed -i -e "s/ENTANDO_DOCKER_REGISTRY_OVERRIDE:.*/ENTANDO_DOCKER_REGISTRY_OVERRIDE: docker.io/" values.yaml
echo "  version: 0.0.0-SNAPSHOT-PR-51-1" >> requirements.yaml
** step helm build
WARNING: No $CHART_REPOSITORY defined so using the default value of: http://jenkins-x-chartmuseum:8080
Adding missing Helm repo: storage.googleapis.com https://storage.googleapis.com/chartmuseum.jenkins-x.io
Successfully added Helm repository storage.googleapis.com.
Adding missing Helm repo: jenkins-x-chartmuseum http://jenkins-x-chartmuseum:8080
Successfully added Helm repository jenkins-x-chartmuseum.
WARNING: No $CHART_REPOSITORY defined so using the default value of: http://jenkins-x-chartmuseum:8080

Showing logs for build [32mentando-k8s-entando-k8s-control-7bblg-1[0m stage [32mfrom-build-pack[0m and container [32mstep-promote-jx-preview[0m
Creating a preview
Found commit author match for: ampie with email address: ampie.private@gmail.com
Created environment entando-k8s-controller-coordinator-carcpr51
Namespace entando-k8s-controller-coordinator-carcpr51 created 
expose:
  Annotations:
    helm.sh/hook: post-install,post-upgrade
    helm.sh/hook-delete-policy: hook-succeeded
  config:
    domain: *************
    exposer: Ingress
    http: "true"
preview:
  image:
    repository: docker.io/entando/entando-k8s-controller-coordinator
    tag: 0.0.0-SNAPSHOT-PR-51-1

WARNING: Could not find the service URL in namespace entando-k8s-controller-coordinator-carcpr51 for names : Timed out after 1m0s, last error: %!s(<nil>)
Updating PipelineActivities entando-k8s-entando-k8s-controller-coordinator-pr-51-1 which has status Running
WARNING: Failed to find the service entando-k8s-controller-coordinator : failed to find service entando-k8s-controller-coordinator in namespace entando-k8s-controller-coordinator-carcpr51: services "entando-k8s-controller-coordinator" not found

Showing logs for build [32mentando-k8s-entando-k8s-control-7bblg-1[0m stage [32mfrom-build-pack[0m and container [32mstep-promote-run-post-deployment-tests[0m
Picked up _JAVA_OPTIONS: -XX:+UnlockExperimentalVMOptions -Dsun.zip.disableMemoryMapping=true -XX:+UseParallelGC -XX:MinHeapFreeRatio=5 -XX:MaxHeapFreeRatio=10 -XX:GCTimeRatio=4 -XX:AdaptiveSizePolicyWeight=90 -Xms1000m -Xmx12000m
[INFO] Scanning for projects...
[WARNING] 
[WARNING] Some problems were encountered while building the effective model for org.entando:entando-k8s-controller-coordinator:jar:0.0.0-SNAPSHOT-PR-51-1
[WARNING] 'dependencyManagement.dependencies.dependency.(groupId:artifactId:type:classifier)' must be unique: org.yaml:snakeyaml:jar -> version 1.27 vs ${snakeyaml.version} @ org.entando:entando-quarkus-parent:6.2.6, /home/jenkins/.mvnrepository/org/entando/entando-quarkus-parent/6.2.6/entando-quarkus-parent-6.2.6.pom, line 283, column 25
[WARNING] 
[WARNING] It is highly recommended to fix these problems because they threaten the stability of your build.
[WARNING] 
[WARNING] For this reason, future Maven versions might no longer support building such malformed projects.
[WARNING] 
[INFO] 
[INFO] -----------< org.entando:entando-k8s-controller-coordinator >-----------
[INFO] Building Entando K8S Controller Coordinator 0.0.0-SNAPSHOT-PR-51-1
[INFO] --------------------------------[ jar ]---------------------------------
[INFO] 
[INFO] --- maven-resources-plugin:2.6:resources (default-resources) @ entando-k8s-controller-coordinator ---
[INFO] Using 'UTF-8' encoding to copy filtered resources.
[INFO] Copying 3 resources
[INFO] 
[INFO] --- maven-compiler-plugin:3.8.1:compile (default-compile) @ entando-k8s-controller-coordinator ---
[INFO] Nothing to compile - all classes are up to date
[INFO] 
[INFO] --- maven-resources-plugin:2.6:testResources (default-testResources) @ entando-k8s-controller-coordinator ---
[INFO] Using 'UTF-8' encoding to copy filtered resources.
[INFO] Copying 6 resources
[INFO] 
[INFO] --- maven-compiler-plugin:3.8.1:testCompile (default-testCompile) @ entando-k8s-controller-coordinator ---
[INFO] Nothing to compile - all classes are up to date
[INFO] 
[INFO] --- maven-surefire-plugin:3.0.0-M1:test (default-test) @ entando-k8s-controller-coordinator ---
[INFO] Tests are skipped.
[INFO] 
[INFO] --- maven-jar-plugin:3.2.0:jar (default-jar) @ entando-k8s-controller-coordinator ---
[INFO] 
[INFO] --- maven-jar-plugin:3.2.0:test-jar (build-test-jar) @ entando-k8s-controller-coordinator ---
[INFO] 
[INFO] --- maven-failsafe-plugin:3.0.0-M4:integration-test (run-tests) @ entando-k8s-controller-coordinator ---
[INFO] 
[INFO] -------------------------------------------------------
[INFO]  T E S T S
[INFO] -------------------------------------------------------
[INFO] Running org.entando.kubernetes.controller.coordinator.interprocesstests.ControllerCoordinatorIntegratedTest
Oct 28, 2020 6:21:56 AM org.entando.kubernetes.controller.integrationtest.support.DeletionWaiter lambda$deleteSingleItem$2
WARNING: Deleting pods  entando-k8s-controller-coordinator-carcpr51/test-keycloak-deployer-vubersfcci
[INFO] Tests run: 2, Failures: 0, Errors: 0, Skipped: 0, Time elapsed: 297.063 s - in org.entando.kubernetes.controller.coordinator.interprocesstests.ControllerCoordinatorIntegratedTest
[INFO] 
[INFO] Results:
[INFO] 
[INFO] Tests run: 2, Failures: 0, Errors: 0, Skipped: 0
[INFO] 
[INFO] 
[INFO] --- maven-surefire-report-plugin:3.0.0-M4:failsafe-report-only (integration-tests) @ entando-k8s-controller-coordinator ---
[WARNING] Unable to locate Test Source XRef to link to - DISABLED
[INFO] 
[INFO] --- maven-surefire-report-plugin:3.0.0-M4:report-only (unit-tests) @ entando-k8s-controller-coordinator ---
[WARNING] Unable to locate Test Source XRef to link to - DISABLED
[INFO] 
[INFO] --- maven-failsafe-plugin:3.0.0-M4:verify (run-tests) @ entando-k8s-controller-coordinator ---
[INFO] ------------------------------------------------------------------------
[INFO] BUILD SUCCESS
[INFO] ------------------------------------------------------------------------
[INFO] Total time:  05:05 min
[INFO] Finished at: 2020-10-28T06:26:45Z
[INFO] ------------------------------------------------------------------------
shallow cloning https://github.com/entando-k8s/devops-results.git branch gh-pages
ran git init in /tmp/jenkins-x-collect961277306
ran git add remote origin https://github.com/entando-k8s/devops-results.git in /tmp/jenkins-x-collect961277306
ran git fetch origin --depth=1 gh-pages in dir /tmp/jenkins-x-collect961277306
Publishing https://raw.githubusercontent.com/entando-k8s/devops-results/gh-pages/entando-k8s-controller-coordinator/PR-51/failsafe-report.html
stashed: https://raw.githubusercontent.com/entando-k8s/devops-results/gh-pages/entando-k8s-controller-coordinator/PR-51/failsafe-report.html
error: etcdserver: request is too large
  % Total    % Received % Xferd  Average Speed   Time    Time     Time  Current
                                 Dload  Upload   Total   Spent    Left  Speed
  0     0    0     0    0     0      0      0 --:--:-- --:--:-- --:--:--     0100  1895  100  1667  100   228   2540    347 --:--:-- --:--:-- --:--:--  2545
{
  "url": "https://api.github.com/repos/entando-k8s/entando-k8s-controller-coordinator/statuses/33ebf3672286f24dd44569681a6045158e4148f1",
  "avatar_url": "https://avatars2.githubusercontent.com/u/57885396?v=4",
  "id": 11182432172,
  "node_id": "MDEzOlN0YXR1c0NvbnRleHQxMTE4MjQzMjE3Mg==",
  "state": "success",
  "description": "Post-deployment tests success!",
  "target_url": "https://entando-k8s.github.io/devops-results/entando-k8s-controller-coordinator/PR-51/failsafe-report.html",
  "context": "Post-deployment tests",
  "created_at": "2020-10-28T06:27:11Z",
  "updated_at": "2020-10-28T06:27:11Z",
  "creator": {
    "login": "**********",
    "id": 57885396,
    "node_id": "MDQ6VXNlcjU3ODg1Mzk2",
    "avatar_url": "https://avatars2.githubusercontent.com/u/57885396?v=4",
    "gravatar_id": "",
    "url": "https://api.github.com/users/entando-**",
    "html_url": "https://github.com/**********",
    "followers_url": "https://api.github.com/users/**********/followers",
    "following_url": "https://api.github.com/users/**********/following{/other_user}",
    "gists_url": "https://api.github.com/users/**********/gists{/gist_id}",
    "starred_url": "https://api.github.com/users/entando-**/starred{/owner}{/repo}",
    "subscriptions_url": "https://api.github.com/users/entando-**/subscriptions",
    "organizations_url": "https://api.github.com/users/**********/orgs",
    "repos_url": "https://api.github.com/users/**********/repos",
    "events_url": "https://api.github.com/users/**********/events{/privacy}",
    "received_events_url": "https://api.github.com/users/**********/received_events",
    "type": "User",
    "site_*****": *****
  }
}
